[1.479s] Invoking command in '/home/emine/ros2_ws/build/examples_rclcpp_minimal_action_client': CMAKE_PREFIX_PATH=/opt/ros/foxy /usr/bin/cmake /home/emine/ros2_ws/src/examples/rclcpp/actions/minimal_action_client -DAMENT_CMAKE_SYMLINK_INSTALL=1 -DCMAKE_INSTALL_PREFIX=/home/emine/ros2_ws/install/examples_rclcpp_minimal_action_client
[4.353s] -- The C compiler identification is GNU 9.4.0
[4.353s] -- The CXX compiler identification is GNU 9.4.0
[4.353s] -- Check for working C compiler: /usr/bin/cc
[4.354s] -- Check for working C compiler: /usr/bin/cc -- works
[4.354s] -- Detecting C compiler ABI info
[4.354s] -- Detecting C compiler ABI info - done
[4.354s] -- Detecting C compile features
[4.354s] -- Detecting C compile features - done
[4.354s] -- Check for working CXX compiler: /usr/bin/c++
[4.354s] -- Check for working CXX compiler: /usr/bin/c++ -- works
[4.355s] -- Detecting CXX compiler ABI info
[4.355s] -- Detecting CXX compiler ABI info - done
[4.355s] -- Detecting CXX compile features
[4.355s] -- Detecting CXX compile features - done
[4.355s] -- Found ament_cmake: 0.9.12 (/opt/ros/foxy/share/ament_cmake/cmake)
[4.355s] -- Found PythonInterp: /usr/bin/python3 (found suitable version "3.8.10", minimum required is "3") 
[4.355s] -- Using PYTHON_EXECUTABLE: /usr/bin/python3
[4.355s] -- Override CMake install command with custom implementation using symlinks instead of copying resources
[4.355s] -- Found example_interfaces: 0.9.1 (/opt/ros/foxy/share/example_interfaces/cmake)
[4.355s] -- Using all available rosidl_typesupport_c: rosidl_typesupport_fastrtps_c;rosidl_typesupport_introspection_c
[4.355s] -- Found rosidl_adapter: 1.3.1 (/opt/ros/foxy/share/rosidl_adapter/cmake)
[4.355s] -- Found OpenSSL: /usr/lib/x86_64-linux-gnu/libcrypto.so (found version "1.1.1f")  
[4.355s] -- Found FastRTPS: /opt/ros/foxy/include  
[4.355s] -- Using all available rosidl_typesupport_cpp: rosidl_typesupport_fastrtps_cpp;rosidl_typesupport_introspection_cpp
[4.355s] -- Found rclcpp: 2.4.3 (/opt/ros/foxy/share/rclcpp/cmake)
[4.355s] -- Found rmw_implementation_cmake: 1.0.4 (/opt/ros/foxy/share/rmw_implementation_cmake/cmake)
[4.356s] -- Using RMW implementation 'rmw_fastrtps_cpp' as default
[4.356s] -- Looking for pthread.h
[4.356s] -- Looking for pthread.h - found
[4.356s] -- Performing Test CMAKE_HAVE_LIBC_PTHREAD
[4.356s] -- Performing Test CMAKE_HAVE_LIBC_PTHREAD - Failed
[4.356s] -- Looking for pthread_create in pthreads
[4.356s] -- Looking for pthread_create in pthreads - not found
[4.357s] -- Looking for pthread_create in pthread
[4.358s] -- Looking for pthread_create in pthread - found
[4.358s] -- Found Threads: TRUE  
[4.358s] -- Found rclcpp_action: 2.4.3 (/opt/ros/foxy/share/rclcpp_action/cmake)
[4.358s] -- Found ament_lint_auto: 0.9.8 (/opt/ros/foxy/share/ament_lint_auto/cmake)
[4.358s] -- Added test 'copyright' to check source files copyright and LICENSE
[4.358s] -- Added test 'cppcheck' to perform static code analysis on C / C++ code
[4.358s] -- Configured cppcheck include dirs: 
[4.358s] -- Configured cppcheck exclude dirs and/or files: 
[4.359s] -- Added test 'cpplint' to check C / C++ code against the Google style
[4.359s] -- Configured cpplint exclude dirs and/or files: 
[4.359s] -- Added test 'lint_cmake' to check CMake code style
[4.359s] -- Added test 'uncrustify' to check C / C++ code style
[4.359s] -- Configured uncrustify additional arguments: 
[4.359s] -- Added test 'xmllint' to check XML markup files
[4.359s] -- Configuring done
[4.359s] -- Generating done
[4.359s] -- Build files have been written to: /home/emine/ros2_ws/build/examples_rclcpp_minimal_action_client
[4.397s] Invoked command in '/home/emine/ros2_ws/build/examples_rclcpp_minimal_action_client' returned '0': CMAKE_PREFIX_PATH=/opt/ros/foxy /usr/bin/cmake /home/emine/ros2_ws/src/examples/rclcpp/actions/minimal_action_client -DAMENT_CMAKE_SYMLINK_INSTALL=1 -DCMAKE_INSTALL_PREFIX=/home/emine/ros2_ws/install/examples_rclcpp_minimal_action_client
[4.398s] Invoking command in '/home/emine/ros2_ws/build/examples_rclcpp_minimal_action_client': CMAKE_PREFIX_PATH=/opt/ros/foxy /usr/bin/cmake --build /home/emine/ros2_ws/build/examples_rclcpp_minimal_action_client -- -j16 -l16
[4.426s] [35m[1mScanning dependencies of target action_client_not_composable_with_cancel[0m
[4.427s] [35m[1mScanning dependencies of target action_client_not_composable[0m
[4.428s] [35m[1mScanning dependencies of target action_client_member_functions[0m
[4.428s] [35m[1mScanning dependencies of target action_client_not_composable_with_feedback[0m
[4.563s] [ 12%] [32mBuilding CXX object CMakeFiles/action_client_not_composable_with_feedback.dir/not_composable_with_feedback.cpp.o[0m
[4.574s] [ 25%] [32mBuilding CXX object CMakeFiles/action_client_member_functions.dir/member_functions.cpp.o[0m
[4.583s] [ 37%] [32mBuilding CXX object CMakeFiles/action_client_not_composable.dir/not_composable.cpp.o[0m
[4.583s] [ 50%] [32mBuilding CXX object CMakeFiles/action_client_not_composable_with_cancel.dir/not_composable_with_cancel.cpp.o[0m
[11.796s] [ 62%] [32m[1mLinking CXX executable action_client_not_composable_with_feedback[0m
[11.865s] [ 75%] [32m[1mLinking CXX executable action_client_not_composable[0m
[12.028s] [ 75%] Built target action_client_not_composable_with_feedback
[12.056s] [ 75%] Built target action_client_not_composable
[12.074s] [ 87%] [32m[1mLinking CXX executable action_client_member_functions[0m
[12.163s] [100%] [32m[1mLinking CXX executable action_client_not_composable_with_cancel[0m
[12.265s] [100%] Built target action_client_member_functions
[12.340s] [100%] Built target action_client_not_composable_with_cancel
[12.732s] Invoked command in '/home/emine/ros2_ws/build/examples_rclcpp_minimal_action_client' returned '0': CMAKE_PREFIX_PATH=/opt/ros/foxy /usr/bin/cmake --build /home/emine/ros2_ws/build/examples_rclcpp_minimal_action_client -- -j16 -l16
[13.037s] Invoking command in '/home/emine/ros2_ws/build/examples_rclcpp_minimal_action_client': CMAKE_PREFIX_PATH=/opt/ros/foxy /usr/bin/cmake --install /home/emine/ros2_ws/build/examples_rclcpp_minimal_action_client
[13.044s] -- Install configuration: ""
[13.045s] -- Execute custom install script
[13.045s] -- Symlinking: /home/emine/ros2_ws/install/examples_rclcpp_minimal_action_client/lib/examples_rclcpp_minimal_action_client/action_client_member_functions
[13.054s] -- Symlinking: /home/emine/ros2_ws/install/examples_rclcpp_minimal_action_client/lib/examples_rclcpp_minimal_action_client/action_client_not_composable
[13.064s] -- Symlinking: /home/emine/ros2_ws/install/examples_rclcpp_minimal_action_client/lib/examples_rclcpp_minimal_action_client/action_client_not_composable_with_cancel
[13.074s] -- Symlinking: /home/emine/ros2_ws/install/examples_rclcpp_minimal_action_client/lib/examples_rclcpp_minimal_action_client/action_client_not_composable_with_feedback
[13.082s] -- Symlinking: /home/emine/ros2_ws/install/examples_rclcpp_minimal_action_client/share/ament_index/resource_index/package_run_dependencies/examples_rclcpp_minimal_action_client
[13.091s] -- Symlinking: /home/emine/ros2_ws/install/examples_rclcpp_minimal_action_client/share/ament_index/resource_index/parent_prefix_path/examples_rclcpp_minimal_action_client
[13.100s] -- Symlinking: /home/emine/ros2_ws/install/examples_rclcpp_minimal_action_client/share/examples_rclcpp_minimal_action_client/environment/ament_prefix_path.sh
[13.109s] -- Symlinking: /home/emine/ros2_ws/install/examples_rclcpp_minimal_action_client/share/examples_rclcpp_minimal_action_client/environment/ament_prefix_path.dsv
[13.119s] -- Symlinking: /home/emine/ros2_ws/install/examples_rclcpp_minimal_action_client/share/examples_rclcpp_minimal_action_client/environment/path.sh
[13.129s] -- Symlinking: /home/emine/ros2_ws/install/examples_rclcpp_minimal_action_client/share/examples_rclcpp_minimal_action_client/environment/path.dsv
[13.138s] -- Symlinking: /home/emine/ros2_ws/install/examples_rclcpp_minimal_action_client/share/examples_rclcpp_minimal_action_client/local_setup.bash
[13.147s] -- Symlinking: /home/emine/ros2_ws/install/examples_rclcpp_minimal_action_client/share/examples_rclcpp_minimal_action_client/local_setup.sh
[13.158s] -- Symlinking: /home/emine/ros2_ws/install/examples_rclcpp_minimal_action_client/share/examples_rclcpp_minimal_action_client/local_setup.zsh
[13.167s] -- Symlinking: /home/emine/ros2_ws/install/examples_rclcpp_minimal_action_client/share/examples_rclcpp_minimal_action_client/local_setup.dsv
[13.176s] -- Symlinking: /home/emine/ros2_ws/install/examples_rclcpp_minimal_action_client/share/examples_rclcpp_minimal_action_client/package.dsv
[13.185s] -- Symlinking: /home/emine/ros2_ws/install/examples_rclcpp_minimal_action_client/share/ament_index/resource_index/packages/examples_rclcpp_minimal_action_client
[13.194s] -- Symlinking: /home/emine/ros2_ws/install/examples_rclcpp_minimal_action_client/share/examples_rclcpp_minimal_action_client/cmake/examples_rclcpp_minimal_action_clientConfig.cmake
[13.203s] -- Symlinking: /home/emine/ros2_ws/install/examples_rclcpp_minimal_action_client/share/examples_rclcpp_minimal_action_client/cmake/examples_rclcpp_minimal_action_clientConfig-version.cmake
[13.211s] -- Symlinking: /home/emine/ros2_ws/install/examples_rclcpp_minimal_action_client/share/examples_rclcpp_minimal_action_client/package.xml
[13.222s] Invoked command in '/home/emine/ros2_ws/build/examples_rclcpp_minimal_action_client' returned '0': CMAKE_PREFIX_PATH=/opt/ros/foxy /usr/bin/cmake --install /home/emine/ros2_ws/build/examples_rclcpp_minimal_action_client
