[4.828s] Invoking command in '/home/emine/ros2_ws/build/examples_rclpy_minimal_client': PYTHONPATH=/home/emine/ros2_ws/build/examples_rclpy_minimal_client/prefix_override:/home/emine/ros2_ws/install/examples_rclpy_minimal_client/lib/python3.8/site-packages:${PYTHONPATH} /usr/bin/python3 setup.py develop --editable --build-directory /home/emine/ros2_ws/build/examples_rclpy_minimal_client/build --no-deps install_data
[6.584s] running develop
[6.584s] running egg_info
[6.585s] creating examples_rclpy_minimal_client.egg-info
[6.585s] writing examples_rclpy_minimal_client.egg-info/PKG-INFO
[6.585s] writing dependency_links to examples_rclpy_minimal_client.egg-info/dependency_links.txt
[6.585s] writing entry points to examples_rclpy_minimal_client.egg-info/entry_points.txt
[6.585s] writing requirements to examples_rclpy_minimal_client.egg-info/requires.txt
[6.585s] writing top-level names to examples_rclpy_minimal_client.egg-info/top_level.txt
[6.585s] writing manifest file 'examples_rclpy_minimal_client.egg-info/SOURCES.txt'
[6.586s] reading manifest file 'examples_rclpy_minimal_client.egg-info/SOURCES.txt'
[6.586s] writing manifest file 'examples_rclpy_minimal_client.egg-info/SOURCES.txt'
[6.586s] running build_ext
[6.587s] Creating /home/emine/ros2_ws/install/examples_rclpy_minimal_client/lib/python3.8/site-packages/site.py
[6.587s] Creating /home/emine/ros2_ws/install/examples_rclpy_minimal_client/lib/python3.8/site-packages/examples-rclpy-minimal-client.egg-link (link to .)
[6.587s] Installing client script to /home/emine/ros2_ws/install/examples_rclpy_minimal_client/lib/examples_rclpy_minimal_client
[6.588s] Installing client_async script to /home/emine/ros2_ws/install/examples_rclpy_minimal_client/lib/examples_rclpy_minimal_client
[6.589s] Installing client_async_callback script to /home/emine/ros2_ws/install/examples_rclpy_minimal_client/lib/examples_rclpy_minimal_client
[6.589s] Installing client_async_member_function script to /home/emine/ros2_ws/install/examples_rclpy_minimal_client/lib/examples_rclpy_minimal_client
[6.590s] 
[6.590s] Installed /home/emine/ros2_ws/build/examples_rclpy_minimal_client
[6.590s] running install_data
[6.590s] creating /home/emine/ros2_ws/install/examples_rclpy_minimal_client/share/ament_index
[6.590s] creating /home/emine/ros2_ws/install/examples_rclpy_minimal_client/share/ament_index/resource_index
[6.590s] creating /home/emine/ros2_ws/install/examples_rclpy_minimal_client/share/ament_index/resource_index/packages
[6.591s] copying resource/examples_rclpy_minimal_client -> /home/emine/ros2_ws/install/examples_rclpy_minimal_client/share/ament_index/resource_index/packages
[6.591s] copying package.xml -> /home/emine/ros2_ws/install/examples_rclpy_minimal_client/share/examples_rclpy_minimal_client
[8.392s] Invoked command in '/home/emine/ros2_ws/build/examples_rclpy_minimal_client' returned '0': PYTHONPATH=/home/emine/ros2_ws/build/examples_rclpy_minimal_client/prefix_override:/home/emine/ros2_ws/install/examples_rclpy_minimal_client/lib/python3.8/site-packages:${PYTHONPATH} /usr/bin/python3 setup.py develop --editable --build-directory /home/emine/ros2_ws/build/examples_rclpy_minimal_client/build --no-deps install_data
