[1.302s] Invoking command in '/home/emine/ros2_ws/build/turtlesim': CMAKE_PREFIX_PATH=/opt/ros/foxy /usr/bin/cmake --build /home/emine/ros2_ws/build/turtlesim -- -j16 -l16
[1.349s] [  1%] Built target turtlesim__cpp
[1.351s] [ 11%] Built target turtlesim__rosidl_generator_c
[1.370s] [ 21%] Built target turtlesim__rosidl_typesupport_cpp
[1.373s] [ 31%] Built target turtlesim__rosidl_typesupport_introspection_cpp
[1.373s] [ 41%] Built target turtlesim__rosidl_typesupport_introspection_c
[1.374s] [ 51%] Built target turtlesim__rosidl_typesupport_c
[1.376s] [ 61%] Built target turtlesim__rosidl_typesupport_fastrtps_cpp
[1.397s] [ 71%] Built target turtlesim__rosidl_typesupport_fastrtps_c
[1.419s] [ 71%] Built target turtlesim
[1.438s] [35m[1mScanning dependencies of target turtlesim_node[0m
[1.439s] [ 72%] Built target turtlesim__py
[1.450s] [ 74%] Built target mimic
[1.451s] [ 76%] Built target draw_square
[1.452s] [ 78%] Built target turtle_teleop_key
[1.466s] [ 87%] Built target turtlesim__python
[1.482s] [ 88%] [32mBuilding CXX object CMakeFiles/turtlesim_node.dir/src/turtle_frame.cpp.o[0m
[1.491s] [ 90%] Built target turtlesim__rosidl_typesupport_introspection_c__pyext
[1.491s] [ 92%] Built target turtlesim__rosidl_typesupport_c__pyext
[1.492s] [ 94%] Built target turtlesim__rosidl_typesupport_fastrtps_c__pyext
[6.391s] [ 95%] [32m[1mLinking CXX executable turtlesim_node[0m
[7.423s] [100%] Built target turtlesim_node
[7.435s] Invoked command in '/home/emine/ros2_ws/build/turtlesim' returned '0': CMAKE_PREFIX_PATH=/opt/ros/foxy /usr/bin/cmake --build /home/emine/ros2_ws/build/turtlesim -- -j16 -l16
[7.554s] Invoking command in '/home/emine/ros2_ws/build/turtlesim': CMAKE_PREFIX_PATH=/opt/ros/foxy /usr/bin/cmake --install /home/emine/ros2_ws/build/turtlesim
[7.561s] -- Install configuration: ""
[7.561s] -- Up-to-date: /home/emine/ros2_ws/install/turtlesim/share/ament_index/resource_index/rosidl_interfaces/turtlesim
[7.561s] -- Up-to-date: /home/emine/ros2_ws/install/turtlesim/include/turtlesim
[7.561s] -- Up-to-date: /home/emine/ros2_ws/install/turtlesim/include/turtlesim/msg
[7.561s] -- Up-to-date: /home/emine/ros2_ws/install/turtlesim/include/turtlesim/msg/detail
[7.561s] -- Up-to-date: /home/emine/ros2_ws/install/turtlesim/include/turtlesim/msg/detail/color__functions.h
[7.561s] -- Up-to-date: /home/emine/ros2_ws/install/turtlesim/include/turtlesim/msg/detail/pose__functions.h
[7.561s] -- Up-to-date: /home/emine/ros2_ws/install/turtlesim/include/turtlesim/msg/detail/pose__functions.c
[7.562s] -- Up-to-date: /home/emine/ros2_ws/install/turtlesim/include/turtlesim/msg/detail/color__functions.c
[7.562s] -- Up-to-date: /home/emine/ros2_ws/install/turtlesim/include/turtlesim/msg/detail/color__type_support.h
[7.562s] -- Up-to-date: /home/emine/ros2_ws/install/turtlesim/include/turtlesim/msg/detail/pose__struct.h
[7.562s] -- Up-to-date: /home/emine/ros2_ws/install/turtlesim/include/turtlesim/msg/detail/pose__type_support.h
[7.562s] -- Up-to-date: /home/emine/ros2_ws/install/turtlesim/include/turtlesim/msg/detail/color__struct.h
[7.562s] -- Up-to-date: /home/emine/ros2_ws/install/turtlesim/include/turtlesim/msg/pose.h
[7.562s] -- Up-to-date: /home/emine/ros2_ws/install/turtlesim/include/turtlesim/msg/rosidl_generator_c__visibility_control.h
[7.562s] -- Up-to-date: /home/emine/ros2_ws/install/turtlesim/include/turtlesim/msg/color.h
[7.562s] -- Up-to-date: /home/emine/ros2_ws/install/turtlesim/include/turtlesim/srv
[7.562s] -- Up-to-date: /home/emine/ros2_ws/install/turtlesim/include/turtlesim/srv/set_pen.h
[7.562s] -- Up-to-date: /home/emine/ros2_ws/install/turtlesim/include/turtlesim/srv/detail
[7.562s] -- Up-to-date: /home/emine/ros2_ws/install/turtlesim/include/turtlesim/srv/detail/teleport_absolute__functions.h
[7.562s] -- Up-to-date: /home/emine/ros2_ws/install/turtlesim/include/turtlesim/srv/detail/teleport_absolute__functions.c
[7.562s] -- Up-to-date: /home/emine/ros2_ws/install/turtlesim/include/turtlesim/srv/detail/spawn__struct.h
[7.562s] -- Up-to-date: /home/emine/ros2_ws/install/turtlesim/include/turtlesim/srv/detail/teleport_relative__functions.c
[7.562s] -- Up-to-date: /home/emine/ros2_ws/install/turtlesim/include/turtlesim/srv/detail/spawn__functions.c
[7.562s] -- Up-to-date: /home/emine/ros2_ws/install/turtlesim/include/turtlesim/srv/detail/teleport_relative__functions.h
[7.563s] -- Up-to-date: /home/emine/ros2_ws/install/turtlesim/include/turtlesim/srv/detail/set_pen__type_support.h
[7.563s] -- Up-to-date: /home/emine/ros2_ws/install/turtlesim/include/turtlesim/srv/detail/set_pen__functions.c
[7.563s] -- Up-to-date: /home/emine/ros2_ws/install/turtlesim/include/turtlesim/srv/detail/spawn__type_support.h
[7.563s] -- Up-to-date: /home/emine/ros2_ws/install/turtlesim/include/turtlesim/srv/detail/spawn__functions.h
[7.563s] -- Up-to-date: /home/emine/ros2_ws/install/turtlesim/include/turtlesim/srv/detail/kill__functions.h
[7.563s] -- Up-to-date: /home/emine/ros2_ws/install/turtlesim/include/turtlesim/srv/detail/kill__struct.h
[7.563s] -- Up-to-date: /home/emine/ros2_ws/install/turtlesim/include/turtlesim/srv/detail/teleport_absolute__struct.h
[7.563s] -- Up-to-date: /home/emine/ros2_ws/install/turtlesim/include/turtlesim/srv/detail/set_pen__functions.h
[7.563s] -- Up-to-date: /home/emine/ros2_ws/install/turtlesim/include/turtlesim/srv/detail/kill__functions.c
[7.563s] -- Up-to-date: /home/emine/ros2_ws/install/turtlesim/include/turtlesim/srv/detail/set_pen__struct.h
[7.563s] -- Up-to-date: /home/emine/ros2_ws/install/turtlesim/include/turtlesim/srv/detail/teleport_relative__type_support.h
[7.563s] -- Up-to-date: /home/emine/ros2_ws/install/turtlesim/include/turtlesim/srv/detail/kill__type_support.h
[7.563s] -- Up-to-date: /home/emine/ros2_ws/install/turtlesim/include/turtlesim/srv/detail/teleport_absolute__type_support.h
[7.564s] -- Up-to-date: /home/emine/ros2_ws/install/turtlesim/include/turtlesim/srv/detail/teleport_relative__struct.h
[7.564s] -- Up-to-date: /home/emine/ros2_ws/install/turtlesim/include/turtlesim/srv/spawn.h
[7.564s] -- Up-to-date: /home/emine/ros2_ws/install/turtlesim/include/turtlesim/srv/teleport_relative.h
[7.564s] -- Up-to-date: /home/emine/ros2_ws/install/turtlesim/include/turtlesim/srv/teleport_absolute.h
[7.564s] -- Up-to-date: /home/emine/ros2_ws/install/turtlesim/include/turtlesim/srv/kill.h
[7.564s] -- Up-to-date: /home/emine/ros2_ws/install/turtlesim/include/turtlesim/action
[7.564s] -- Up-to-date: /home/emine/ros2_ws/install/turtlesim/include/turtlesim/action/detail
[7.564s] -- Up-to-date: /home/emine/ros2_ws/install/turtlesim/include/turtlesim/action/detail/rotate_absolute__struct.h
[7.564s] -- Up-to-date: /home/emine/ros2_ws/install/turtlesim/include/turtlesim/action/detail/rotate_absolute__functions.h
[7.564s] -- Up-to-date: /home/emine/ros2_ws/install/turtlesim/include/turtlesim/action/detail/rotate_absolute__type_support.h
[7.564s] -- Up-to-date: /home/emine/ros2_ws/install/turtlesim/include/turtlesim/action/detail/rotate_absolute__functions.c
[7.564s] -- Up-to-date: /home/emine/ros2_ws/install/turtlesim/include/turtlesim/action/rotate_absolute.h
[7.564s] -- Up-to-date: /home/emine/ros2_ws/install/turtlesim/share/turtlesim/environment/library_path.sh
[7.564s] -- Up-to-date: /home/emine/ros2_ws/install/turtlesim/share/turtlesim/environment/library_path.dsv
[7.564s] -- Up-to-date: /home/emine/ros2_ws/install/turtlesim/lib/libturtlesim__rosidl_generator_c.so
[7.564s] -- Up-to-date: /home/emine/ros2_ws/install/turtlesim/include/turtlesim
[7.564s] -- Up-to-date: /home/emine/ros2_ws/install/turtlesim/include/turtlesim/msg
[7.564s] -- Up-to-date: /home/emine/ros2_ws/install/turtlesim/include/turtlesim/msg/detail
[7.565s] -- Up-to-date: /home/emine/ros2_ws/install/turtlesim/include/turtlesim/msg/detail/color__rosidl_typesupport_fastrtps_c.h
[7.565s] -- Up-to-date: /home/emine/ros2_ws/install/turtlesim/include/turtlesim/msg/detail/pose__rosidl_typesupport_fastrtps_c.h
[7.565s] -- Up-to-date: /home/emine/ros2_ws/install/turtlesim/include/turtlesim/msg/rosidl_typesupport_fastrtps_c__visibility_control.h
[7.565s] -- Up-to-date: /home/emine/ros2_ws/install/turtlesim/include/turtlesim/srv
[7.565s] -- Up-to-date: /home/emine/ros2_ws/install/turtlesim/include/turtlesim/srv/detail
[7.565s] -- Up-to-date: /home/emine/ros2_ws/install/turtlesim/include/turtlesim/srv/detail/spawn__rosidl_typesupport_fastrtps_c.h
[7.565s] -- Up-to-date: /home/emine/ros2_ws/install/turtlesim/include/turtlesim/srv/detail/teleport_absolute__rosidl_typesupport_fastrtps_c.h
[7.565s] -- Up-to-date: /home/emine/ros2_ws/install/turtlesim/include/turtlesim/srv/detail/kill__rosidl_typesupport_fastrtps_c.h
[7.565s] -- Up-to-date: /home/emine/ros2_ws/install/turtlesim/include/turtlesim/srv/detail/teleport_relative__rosidl_typesupport_fastrtps_c.h
[7.565s] -- Up-to-date: /home/emine/ros2_ws/install/turtlesim/include/turtlesim/srv/detail/set_pen__rosidl_typesupport_fastrtps_c.h
[7.565s] -- Up-to-date: /home/emine/ros2_ws/install/turtlesim/include/turtlesim/action
[7.565s] -- Up-to-date: /home/emine/ros2_ws/install/turtlesim/include/turtlesim/action/detail
[7.565s] -- Up-to-date: /home/emine/ros2_ws/install/turtlesim/include/turtlesim/action/detail/rotate_absolute__rosidl_typesupport_fastrtps_c.h
[7.565s] -- Up-to-date: /home/emine/ros2_ws/install/turtlesim/lib/libturtlesim__rosidl_typesupport_fastrtps_c.so
[7.565s] -- Up-to-date: /home/emine/ros2_ws/install/turtlesim/include/turtlesim
[7.565s] -- Up-to-date: /home/emine/ros2_ws/install/turtlesim/include/turtlesim/msg
[7.566s] -- Up-to-date: /home/emine/ros2_ws/install/turtlesim/include/turtlesim/msg/rosidl_typesupport_fastrtps_cpp__visibility_control.h
[7.566s] -- Up-to-date: /home/emine/ros2_ws/install/turtlesim/include/turtlesim/msg/detail
[7.566s] -- Up-to-date: /home/emine/ros2_ws/install/turtlesim/include/turtlesim/msg/detail/dds_fastrtps
[7.566s] -- Up-to-date: /home/emine/ros2_ws/install/turtlesim/include/turtlesim/msg/detail/color__rosidl_typesupport_fastrtps_cpp.hpp
[7.566s] -- Up-to-date: /home/emine/ros2_ws/install/turtlesim/include/turtlesim/msg/detail/pose__rosidl_typesupport_fastrtps_cpp.hpp
[7.566s] -- Up-to-date: /home/emine/ros2_ws/install/turtlesim/include/turtlesim/srv
[7.566s] -- Up-to-date: /home/emine/ros2_ws/install/turtlesim/include/turtlesim/srv/detail
[7.566s] -- Up-to-date: /home/emine/ros2_ws/install/turtlesim/include/turtlesim/srv/detail/dds_fastrtps
[7.566s] -- Up-to-date: /home/emine/ros2_ws/install/turtlesim/include/turtlesim/srv/detail/spawn__rosidl_typesupport_fastrtps_cpp.hpp
[7.566s] -- Up-to-date: /home/emine/ros2_ws/install/turtlesim/include/turtlesim/srv/detail/set_pen__rosidl_typesupport_fastrtps_cpp.hpp
[7.566s] -- Up-to-date: /home/emine/ros2_ws/install/turtlesim/include/turtlesim/srv/detail/teleport_relative__rosidl_typesupport_fastrtps_cpp.hpp
[7.566s] -- Up-to-date: /home/emine/ros2_ws/install/turtlesim/include/turtlesim/srv/detail/kill__rosidl_typesupport_fastrtps_cpp.hpp
[7.566s] -- Up-to-date: /home/emine/ros2_ws/install/turtlesim/include/turtlesim/srv/detail/teleport_absolute__rosidl_typesupport_fastrtps_cpp.hpp
[7.566s] -- Up-to-date: /home/emine/ros2_ws/install/turtlesim/include/turtlesim/action
[7.566s] -- Up-to-date: /home/emine/ros2_ws/install/turtlesim/include/turtlesim/action/detail
[7.566s] -- Up-to-date: /home/emine/ros2_ws/install/turtlesim/include/turtlesim/action/detail/rotate_absolute__rosidl_typesupport_fastrtps_cpp.hpp
[7.566s] -- Up-to-date: /home/emine/ros2_ws/install/turtlesim/include/turtlesim/action/detail/dds_fastrtps
[7.566s] -- Up-to-date: /home/emine/ros2_ws/install/turtlesim/lib/libturtlesim__rosidl_typesupport_fastrtps_cpp.so
[7.566s] -- Up-to-date: /home/emine/ros2_ws/install/turtlesim/include/turtlesim
[7.566s] -- Up-to-date: /home/emine/ros2_ws/install/turtlesim/include/turtlesim/msg
[7.566s] -- Up-to-date: /home/emine/ros2_ws/install/turtlesim/include/turtlesim/msg/detail
[7.566s] -- Up-to-date: /home/emine/ros2_ws/install/turtlesim/include/turtlesim/msg/detail/pose__rosidl_typesupport_introspection_c.h
[7.567s] -- Up-to-date: /home/emine/ros2_ws/install/turtlesim/include/turtlesim/msg/detail/color__rosidl_typesupport_introspection_c.h
[7.567s] -- Up-to-date: /home/emine/ros2_ws/install/turtlesim/include/turtlesim/msg/detail/pose__type_support.c
[7.567s] -- Up-to-date: /home/emine/ros2_ws/install/turtlesim/include/turtlesim/msg/detail/color__type_support.c
[7.567s] -- Up-to-date: /home/emine/ros2_ws/install/turtlesim/include/turtlesim/msg/rosidl_typesupport_introspection_c__visibility_control.h
[7.567s] -- Up-to-date: /home/emine/ros2_ws/install/turtlesim/include/turtlesim/srv
[7.567s] -- Up-to-date: /home/emine/ros2_ws/install/turtlesim/include/turtlesim/srv/detail
[7.567s] -- Up-to-date: /home/emine/ros2_ws/install/turtlesim/include/turtlesim/srv/detail/set_pen__rosidl_typesupport_introspection_c.h
[7.567s] -- Up-to-date: /home/emine/ros2_ws/install/turtlesim/include/turtlesim/srv/detail/spawn__rosidl_typesupport_introspection_c.h
[7.567s] -- Up-to-date: /home/emine/ros2_ws/install/turtlesim/include/turtlesim/srv/detail/teleport_absolute__type_support.c
[7.567s] -- Up-to-date: /home/emine/ros2_ws/install/turtlesim/include/turtlesim/srv/detail/kill__type_support.c
[7.567s] -- Up-to-date: /home/emine/ros2_ws/install/turtlesim/include/turtlesim/srv/detail/teleport_relative__rosidl_typesupport_introspection_c.h
[7.567s] -- Up-to-date: /home/emine/ros2_ws/install/turtlesim/include/turtlesim/srv/detail/spawn__type_support.c
[7.567s] -- Up-to-date: /home/emine/ros2_ws/install/turtlesim/include/turtlesim/srv/detail/teleport_relative__type_support.c
[7.567s] -- Up-to-date: /home/emine/ros2_ws/install/turtlesim/include/turtlesim/srv/detail/set_pen__type_support.c
[7.567s] -- Up-to-date: /home/emine/ros2_ws/install/turtlesim/include/turtlesim/srv/detail/teleport_absolute__rosidl_typesupport_introspection_c.h
[7.567s] -- Up-to-date: /home/emine/ros2_ws/install/turtlesim/include/turtlesim/srv/detail/kill__rosidl_typesupport_introspection_c.h
[7.567s] -- Up-to-date: /home/emine/ros2_ws/install/turtlesim/include/turtlesim/action
[7.567s] -- Up-to-date: /home/emine/ros2_ws/install/turtlesim/include/turtlesim/action/detail
[7.567s] -- Up-to-date: /home/emine/ros2_ws/install/turtlesim/include/turtlesim/action/detail/rotate_absolute__rosidl_typesupport_introspection_c.h
[7.567s] -- Up-to-date: /home/emine/ros2_ws/install/turtlesim/include/turtlesim/action/detail/rotate_absolute__type_support.c
[7.567s] -- Up-to-date: /home/emine/ros2_ws/install/turtlesim/lib/libturtlesim__rosidl_typesupport_introspection_c.so
[7.567s] -- Up-to-date: /home/emine/ros2_ws/install/turtlesim/lib/libturtlesim__rosidl_typesupport_c.so
[7.567s] -- Up-to-date: /home/emine/ros2_ws/install/turtlesim/include/turtlesim
[7.567s] -- Up-to-date: /home/emine/ros2_ws/install/turtlesim/include/turtlesim/msg
[7.567s] -- Up-to-date: /home/emine/ros2_ws/install/turtlesim/include/turtlesim/msg/detail
[7.568s] -- Up-to-date: /home/emine/ros2_ws/install/turtlesim/include/turtlesim/msg/detail/pose__traits.hpp
[7.568s] -- Up-to-date: /home/emine/ros2_ws/install/turtlesim/include/turtlesim/msg/detail/pose__type_support.hpp
[7.568s] -- Up-to-date: /home/emine/ros2_ws/install/turtlesim/include/turtlesim/msg/detail/color__struct.hpp
[7.568s] -- Up-to-date: /home/emine/ros2_ws/install/turtlesim/include/turtlesim/msg/detail/pose__builder.hpp
[7.568s] -- Up-to-date: /home/emine/ros2_ws/install/turtlesim/include/turtlesim/msg/detail/color__builder.hpp
[7.568s] -- Up-to-date: /home/emine/ros2_ws/install/turtlesim/include/turtlesim/msg/detail/color__type_support.hpp
[7.568s] -- Up-to-date: /home/emine/ros2_ws/install/turtlesim/include/turtlesim/msg/detail/color__traits.hpp
[7.568s] -- Up-to-date: /home/emine/ros2_ws/install/turtlesim/include/turtlesim/msg/detail/pose__struct.hpp
[7.568s] -- Up-to-date: /home/emine/ros2_ws/install/turtlesim/include/turtlesim/msg/color.hpp
[7.568s] -- Up-to-date: /home/emine/ros2_ws/install/turtlesim/include/turtlesim/msg/rosidl_generator_cpp__visibility_control.hpp
[7.568s] -- Up-to-date: /home/emine/ros2_ws/install/turtlesim/include/turtlesim/msg/pose.hpp
[7.568s] -- Up-to-date: /home/emine/ros2_ws/install/turtlesim/include/turtlesim/srv
[7.568s] -- Up-to-date: /home/emine/ros2_ws/install/turtlesim/include/turtlesim/srv/detail
[7.568s] -- Up-to-date: /home/emine/ros2_ws/install/turtlesim/include/turtlesim/srv/detail/kill__struct.hpp
[7.568s] -- Up-to-date: /home/emine/ros2_ws/install/turtlesim/include/turtlesim/srv/detail/kill__type_support.hpp
[7.568s] -- Up-to-date: /home/emine/ros2_ws/install/turtlesim/include/turtlesim/srv/detail/set_pen__traits.hpp
[7.568s] -- Up-to-date: /home/emine/ros2_ws/install/turtlesim/include/turtlesim/srv/detail/teleport_relative__builder.hpp
[7.568s] -- Up-to-date: /home/emine/ros2_ws/install/turtlesim/include/turtlesim/srv/detail/kill__builder.hpp
[7.568s] -- Up-to-date: /home/emine/ros2_ws/install/turtlesim/include/turtlesim/srv/detail/spawn__struct.hpp
[7.568s] -- Up-to-date: /home/emine/ros2_ws/install/turtlesim/include/turtlesim/srv/detail/spawn__traits.hpp
[7.568s] -- Up-to-date: /home/emine/ros2_ws/install/turtlesim/include/turtlesim/srv/detail/teleport_absolute__traits.hpp
[7.568s] -- Up-to-date: /home/emine/ros2_ws/install/turtlesim/include/turtlesim/srv/detail/teleport_absolute__builder.hpp
[7.568s] -- Up-to-date: /home/emine/ros2_ws/install/turtlesim/include/turtlesim/srv/detail/teleport_relative__struct.hpp
[7.568s] -- Up-to-date: /home/emine/ros2_ws/install/turtlesim/include/turtlesim/srv/detail/teleport_absolute__type_support.hpp
[7.569s] -- Up-to-date: /home/emine/ros2_ws/install/turtlesim/include/turtlesim/srv/detail/teleport_absolute__struct.hpp
[7.569s] -- Up-to-date: /home/emine/ros2_ws/install/turtlesim/include/turtlesim/srv/detail/spawn__builder.hpp
[7.569s] -- Up-to-date: /home/emine/ros2_ws/install/turtlesim/include/turtlesim/srv/detail/teleport_relative__traits.hpp
[7.569s] -- Up-to-date: /home/emine/ros2_ws/install/turtlesim/include/turtlesim/srv/detail/set_pen__struct.hpp
[7.569s] -- Up-to-date: /home/emine/ros2_ws/install/turtlesim/include/turtlesim/srv/detail/set_pen__builder.hpp
[7.569s] -- Up-to-date: /home/emine/ros2_ws/install/turtlesim/include/turtlesim/srv/detail/teleport_relative__type_support.hpp
[7.569s] -- Up-to-date: /home/emine/ros2_ws/install/turtlesim/include/turtlesim/srv/detail/set_pen__type_support.hpp
[7.569s] -- Up-to-date: /home/emine/ros2_ws/install/turtlesim/include/turtlesim/srv/detail/spawn__type_support.hpp
[7.569s] -- Up-to-date: /home/emine/ros2_ws/install/turtlesim/include/turtlesim/srv/detail/kill__traits.hpp
[7.569s] -- Up-to-date: /home/emine/ros2_ws/install/turtlesim/include/turtlesim/srv/teleport_absolute.hpp
[7.569s] -- Up-to-date: /home/emine/ros2_ws/install/turtlesim/include/turtlesim/srv/kill.hpp
[7.569s] -- Up-to-date: /home/emine/ros2_ws/install/turtlesim/include/turtlesim/srv/spawn.hpp
[7.570s] -- Up-to-date: /home/emine/ros2_ws/install/turtlesim/include/turtlesim/srv/teleport_relative.hpp
[7.570s] -- Up-to-date: /home/emine/ros2_ws/install/turtlesim/include/turtlesim/srv/set_pen.hpp
[7.570s] -- Up-to-date: /home/emine/ros2_ws/install/turtlesim/include/turtlesim/action
[7.570s] -- Up-to-date: /home/emine/ros2_ws/install/turtlesim/include/turtlesim/action/detail
[7.570s] -- Up-to-date: /home/emine/ros2_ws/install/turtlesim/include/turtlesim/action/detail/rotate_absolute__builder.hpp
[7.570s] -- Up-to-date: /home/emine/ros2_ws/install/turtlesim/include/turtlesim/action/detail/rotate_absolute__traits.hpp
[7.570s] -- Up-to-date: /home/emine/ros2_ws/install/turtlesim/include/turtlesim/action/detail/rotate_absolute__type_support.hpp
[7.570s] -- Up-to-date: /home/emine/ros2_ws/install/turtlesim/include/turtlesim/action/detail/rotate_absolute__struct.hpp
[7.570s] -- Up-to-date: /home/emine/ros2_ws/install/turtlesim/include/turtlesim/action/rotate_absolute.hpp
[7.570s] -- Up-to-date: /home/emine/ros2_ws/install/turtlesim/include/turtlesim
[7.570s] -- Up-to-date: /home/emine/ros2_ws/install/turtlesim/include/turtlesim/msg
[7.570s] -- Up-to-date: /home/emine/ros2_ws/install/turtlesim/include/turtlesim/msg/detail
[7.570s] -- Up-to-date: /home/emine/ros2_ws/install/turtlesim/include/turtlesim/msg/detail/color__rosidl_typesupport_introspection_cpp.hpp
[7.570s] -- Up-to-date: /home/emine/ros2_ws/install/turtlesim/include/turtlesim/msg/detail/pose__rosidl_typesupport_introspection_cpp.hpp
[7.570s] -- Up-to-date: /home/emine/ros2_ws/install/turtlesim/include/turtlesim/msg/detail/color__type_support.cpp
[7.570s] -- Up-to-date: /home/emine/ros2_ws/install/turtlesim/include/turtlesim/msg/detail/pose__type_support.cpp
[7.570s] -- Up-to-date: /home/emine/ros2_ws/install/turtlesim/include/turtlesim/srv
[7.570s] -- Up-to-date: /home/emine/ros2_ws/install/turtlesim/include/turtlesim/srv/detail
[7.570s] -- Up-to-date: /home/emine/ros2_ws/install/turtlesim/include/turtlesim/srv/detail/kill__rosidl_typesupport_introspection_cpp.hpp
[7.570s] -- Up-to-date: /home/emine/ros2_ws/install/turtlesim/include/turtlesim/srv/detail/spawn__rosidl_typesupport_introspection_cpp.hpp
[7.571s] -- Up-to-date: /home/emine/ros2_ws/install/turtlesim/include/turtlesim/srv/detail/set_pen__rosidl_typesupport_introspection_cpp.hpp
[7.571s] -- Up-to-date: /home/emine/ros2_ws/install/turtlesim/include/turtlesim/srv/detail/set_pen__type_support.cpp
[7.571s] -- Up-to-date: /home/emine/ros2_ws/install/turtlesim/include/turtlesim/srv/detail/kill__type_support.cpp
[7.571s] -- Up-to-date: /home/emine/ros2_ws/install/turtlesim/include/turtlesim/srv/detail/teleport_relative__type_support.cpp
[7.571s] -- Up-to-date: /home/emine/ros2_ws/install/turtlesim/include/turtlesim/srv/detail/teleport_relative__rosidl_typesupport_introspection_cpp.hpp
[7.571s] -- Up-to-date: /home/emine/ros2_ws/install/turtlesim/include/turtlesim/srv/detail/teleport_absolute__rosidl_typesupport_introspection_cpp.hpp
[7.571s] -- Up-to-date: /home/emine/ros2_ws/install/turtlesim/include/turtlesim/srv/detail/spawn__type_support.cpp
[7.571s] -- Up-to-date: /home/emine/ros2_ws/install/turtlesim/include/turtlesim/srv/detail/teleport_absolute__type_support.cpp
[7.571s] -- Up-to-date: /home/emine/ros2_ws/install/turtlesim/include/turtlesim/action
[7.571s] -- Up-to-date: /home/emine/ros2_ws/install/turtlesim/include/turtlesim/action/detail
[7.571s] -- Up-to-date: /home/emine/ros2_ws/install/turtlesim/include/turtlesim/action/detail/rotate_absolute__rosidl_typesupport_introspection_cpp.hpp
[7.571s] -- Up-to-date: /home/emine/ros2_ws/install/turtlesim/include/turtlesim/action/detail/rotate_absolute__type_support.cpp
[7.572s] -- Up-to-date: /home/emine/ros2_ws/install/turtlesim/lib/libturtlesim__rosidl_typesupport_introspection_cpp.so
[7.572s] -- Up-to-date: /home/emine/ros2_ws/install/turtlesim/lib/libturtlesim__rosidl_typesupport_cpp.so
[7.572s] -- Up-to-date: /home/emine/ros2_ws/install/turtlesim/share/turtlesim/environment/pythonpath.sh
[7.572s] -- Up-to-date: /home/emine/ros2_ws/install/turtlesim/share/turtlesim/environment/pythonpath.dsv
[7.572s] -- Up-to-date: /home/emine/ros2_ws/install/turtlesim/lib/python3.8/site-packages/turtlesim/__init__.py
[7.589s] -- Up-to-date: /home/emine/ros2_ws/install/turtlesim/lib/python3.8/site-packages/turtlesim/action
[7.589s] -- Up-to-date: /home/emine/ros2_ws/install/turtlesim/lib/python3.8/site-packages/turtlesim/action/_rotate_absolute_s.c
[7.589s] -- Up-to-date: /home/emine/ros2_ws/install/turtlesim/lib/python3.8/site-packages/turtlesim/action/__init__.py
[7.590s] -- Up-to-date: /home/emine/ros2_ws/install/turtlesim/lib/python3.8/site-packages/turtlesim/action/_rotate_absolute.py
[7.590s] -- Up-to-date: /home/emine/ros2_ws/install/turtlesim/lib/python3.8/site-packages/turtlesim/msg
[7.590s] -- Up-to-date: /home/emine/ros2_ws/install/turtlesim/lib/python3.8/site-packages/turtlesim/msg/_pose_s.c
[7.590s] -- Up-to-date: /home/emine/ros2_ws/install/turtlesim/lib/python3.8/site-packages/turtlesim/msg/_color_s.c
[7.590s] -- Up-to-date: /home/emine/ros2_ws/install/turtlesim/lib/python3.8/site-packages/turtlesim/msg/_pose.py
[7.590s] -- Up-to-date: /home/emine/ros2_ws/install/turtlesim/lib/python3.8/site-packages/turtlesim/msg/__init__.py
[7.590s] -- Up-to-date: /home/emine/ros2_ws/install/turtlesim/lib/python3.8/site-packages/turtlesim/msg/_color.py
[7.590s] -- Up-to-date: /home/emine/ros2_ws/install/turtlesim/lib/python3.8/site-packages/turtlesim/srv
[7.590s] -- Up-to-date: /home/emine/ros2_ws/install/turtlesim/lib/python3.8/site-packages/turtlesim/srv/_set_pen_s.c
[7.590s] -- Up-to-date: /home/emine/ros2_ws/install/turtlesim/lib/python3.8/site-packages/turtlesim/srv/_spawn.py
[7.590s] -- Up-to-date: /home/emine/ros2_ws/install/turtlesim/lib/python3.8/site-packages/turtlesim/srv/_kill_s.c
[7.590s] -- Up-to-date: /home/emine/ros2_ws/install/turtlesim/lib/python3.8/site-packages/turtlesim/srv/_set_pen.py
[7.590s] -- Up-to-date: /home/emine/ros2_ws/install/turtlesim/lib/python3.8/site-packages/turtlesim/srv/_teleport_relative.py
[7.590s] -- Up-to-date: /home/emine/ros2_ws/install/turtlesim/lib/python3.8/site-packages/turtlesim/srv/__init__.py
[7.590s] -- Up-to-date: /home/emine/ros2_ws/install/turtlesim/lib/python3.8/site-packages/turtlesim/srv/_teleport_absolute_s.c
[7.590s] -- Up-to-date: /home/emine/ros2_ws/install/turtlesim/lib/python3.8/site-packages/turtlesim/srv/_teleport_absolute.py
[7.590s] -- Up-to-date: /home/emine/ros2_ws/install/turtlesim/lib/python3.8/site-packages/turtlesim/srv/_teleport_relative_s.c
[7.590s] -- Up-to-date: /home/emine/ros2_ws/install/turtlesim/lib/python3.8/site-packages/turtlesim/srv/_kill.py
[7.591s] -- Up-to-date: /home/emine/ros2_ws/install/turtlesim/lib/python3.8/site-packages/turtlesim/srv/_spawn_s.c
[7.591s] -- Up-to-date: /home/emine/ros2_ws/install/turtlesim/lib/python3.8/site-packages/turtlesim/turtlesim_s__rosidl_typesupport_fastrtps_c.cpython-38-x86_64-linux-gnu.so
[7.591s] -- Up-to-date: /home/emine/ros2_ws/install/turtlesim/lib/python3.8/site-packages/turtlesim/turtlesim_s__rosidl_typesupport_introspection_c.cpython-38-x86_64-linux-gnu.so
[7.591s] -- Up-to-date: /home/emine/ros2_ws/install/turtlesim/lib/python3.8/site-packages/turtlesim/turtlesim_s__rosidl_typesupport_c.cpython-38-x86_64-linux-gnu.so
[7.591s] -- Up-to-date: /home/emine/ros2_ws/install/turtlesim/lib/libturtlesim__python.so
[7.591s] -- Up-to-date: /home/emine/ros2_ws/install/turtlesim/share/turtlesim/action/RotateAbsolute.idl
[7.591s] -- Up-to-date: /home/emine/ros2_ws/install/turtlesim/share/turtlesim/msg/Color.idl
[7.591s] -- Up-to-date: /home/emine/ros2_ws/install/turtlesim/share/turtlesim/msg/Pose.idl
[7.591s] -- Up-to-date: /home/emine/ros2_ws/install/turtlesim/share/turtlesim/srv/Kill.idl
[7.591s] -- Up-to-date: /home/emine/ros2_ws/install/turtlesim/share/turtlesim/srv/SetPen.idl
[7.591s] -- Up-to-date: /home/emine/ros2_ws/install/turtlesim/share/turtlesim/srv/Spawn.idl
[7.591s] -- Up-to-date: /home/emine/ros2_ws/install/turtlesim/share/turtlesim/srv/TeleportAbsolute.idl
[7.591s] -- Up-to-date: /home/emine/ros2_ws/install/turtlesim/share/turtlesim/srv/TeleportRelative.idl
[7.591s] -- Up-to-date: /home/emine/ros2_ws/install/turtlesim/share/turtlesim/action/RotateAbsolute.action
[7.591s] -- Up-to-date: /home/emine/ros2_ws/install/turtlesim/share/turtlesim/msg/Color.msg
[7.591s] -- Up-to-date: /home/emine/ros2_ws/install/turtlesim/share/turtlesim/msg/Pose.msg
[7.591s] -- Up-to-date: /home/emine/ros2_ws/install/turtlesim/share/turtlesim/srv/Kill.srv
[7.592s] -- Up-to-date: /home/emine/ros2_ws/install/turtlesim/share/turtlesim/srv/Kill_Request.msg
[7.592s] -- Up-to-date: /home/emine/ros2_ws/install/turtlesim/share/turtlesim/srv/Kill_Response.msg
[7.592s] -- Up-to-date: /home/emine/ros2_ws/install/turtlesim/share/turtlesim/srv/SetPen.srv
[7.592s] -- Up-to-date: /home/emine/ros2_ws/install/turtlesim/share/turtlesim/srv/SetPen_Request.msg
[7.592s] -- Up-to-date: /home/emine/ros2_ws/install/turtlesim/share/turtlesim/srv/SetPen_Response.msg
[7.592s] -- Up-to-date: /home/emine/ros2_ws/install/turtlesim/share/turtlesim/srv/Spawn.srv
[7.592s] -- Up-to-date: /home/emine/ros2_ws/install/turtlesim/share/turtlesim/srv/Spawn_Request.msg
[7.592s] -- Up-to-date: /home/emine/ros2_ws/install/turtlesim/share/turtlesim/srv/Spawn_Response.msg
[7.592s] -- Up-to-date: /home/emine/ros2_ws/install/turtlesim/share/turtlesim/srv/TeleportAbsolute.srv
[7.592s] -- Up-to-date: /home/emine/ros2_ws/install/turtlesim/share/turtlesim/srv/TeleportAbsolute_Request.msg
[7.592s] -- Up-to-date: /home/emine/ros2_ws/install/turtlesim/share/turtlesim/srv/TeleportAbsolute_Response.msg
[7.592s] -- Up-to-date: /home/emine/ros2_ws/install/turtlesim/share/turtlesim/srv/TeleportRelative.srv
[7.592s] -- Up-to-date: /home/emine/ros2_ws/install/turtlesim/share/turtlesim/srv/TeleportRelative_Request.msg
[7.592s] -- Up-to-date: /home/emine/ros2_ws/install/turtlesim/share/turtlesim/srv/TeleportRelative_Response.msg
[7.592s] -- Installing: /home/emine/ros2_ws/install/turtlesim/lib/turtlesim/turtlesim_node
[7.594s] -- Set runtime path of "/home/emine/ros2_ws/install/turtlesim/lib/turtlesim/turtlesim_node" to ""
[7.594s] -- Up-to-date: /home/emine/ros2_ws/install/turtlesim/lib/turtlesim/turtle_teleop_key
[7.594s] -- Up-to-date: /home/emine/ros2_ws/install/turtlesim/lib/turtlesim/draw_square
[7.594s] -- Up-to-date: /home/emine/ros2_ws/install/turtlesim/lib/turtlesim/mimic
[7.595s] -- Up-to-date: /home/emine/ros2_ws/install/turtlesim/share/turtlesim/images
[7.595s] -- Up-to-date: /home/emine/ros2_ws/install/turtlesim/share/turtlesim/images/crystal.png
[7.595s] -- Up-to-date: /home/emine/ros2_ws/install/turtlesim/share/turtlesim/images/dashing.png
[7.595s] -- Up-to-date: /home/emine/ros2_ws/install/turtlesim/share/turtlesim/images/eloquent.png
[7.595s] -- Up-to-date: /home/emine/ros2_ws/install/turtlesim/share/turtlesim/images/bouncy.png
[7.595s] -- Up-to-date: /home/emine/ros2_ws/install/turtlesim/share/turtlesim/images/foxy.png
[7.595s] -- Up-to-date: /home/emine/ros2_ws/install/turtlesim/share/turtlesim/images/ardent.png
[7.595s] -- Up-to-date: /home/emine/ros2_ws/install/turtlesim/share/turtlesim/launch
[7.595s] -- Up-to-date: /home/emine/ros2_ws/install/turtlesim/share/turtlesim/launch/multisim.launch.py
[7.595s] -- Up-to-date: /home/emine/ros2_ws/install/turtlesim/share/ament_index/resource_index/package_run_dependencies/turtlesim
[7.596s] -- Up-to-date: /home/emine/ros2_ws/install/turtlesim/share/ament_index/resource_index/parent_prefix_path/turtlesim
[7.596s] -- Up-to-date: /home/emine/ros2_ws/install/turtlesim/share/turtlesim/environment/ament_prefix_path.sh
[7.596s] -- Up-to-date: /home/emine/ros2_ws/install/turtlesim/share/turtlesim/environment/ament_prefix_path.dsv
[7.596s] -- Up-to-date: /home/emine/ros2_ws/install/turtlesim/share/turtlesim/environment/path.sh
[7.596s] -- Up-to-date: /home/emine/ros2_ws/install/turtlesim/share/turtlesim/environment/path.dsv
[7.596s] -- Up-to-date: /home/emine/ros2_ws/install/turtlesim/share/turtlesim/local_setup.bash
[7.596s] -- Up-to-date: /home/emine/ros2_ws/install/turtlesim/share/turtlesim/local_setup.sh
[7.596s] -- Up-to-date: /home/emine/ros2_ws/install/turtlesim/share/turtlesim/local_setup.zsh
[7.596s] -- Up-to-date: /home/emine/ros2_ws/install/turtlesim/share/turtlesim/local_setup.dsv
[7.596s] -- Installing: /home/emine/ros2_ws/install/turtlesim/share/turtlesim/package.dsv
[7.596s] -- Up-to-date: /home/emine/ros2_ws/install/turtlesim/share/ament_index/resource_index/packages/turtlesim
[7.596s] -- Up-to-date: /home/emine/ros2_ws/install/turtlesim/share/turtlesim/cmake/turtlesim__rosidl_generator_cExport.cmake
[7.596s] -- Up-to-date: /home/emine/ros2_ws/install/turtlesim/share/turtlesim/cmake/turtlesim__rosidl_generator_cExport-noconfig.cmake
[7.596s] -- Up-to-date: /home/emine/ros2_ws/install/turtlesim/share/turtlesim/cmake/turtlesim__rosidl_typesupport_introspection_cExport.cmake
[7.596s] -- Up-to-date: /home/emine/ros2_ws/install/turtlesim/share/turtlesim/cmake/turtlesim__rosidl_typesupport_introspection_cExport-noconfig.cmake
[7.597s] -- Up-to-date: /home/emine/ros2_ws/install/turtlesim/share/turtlesim/cmake/turtlesim__rosidl_typesupport_cExport.cmake
[7.597s] -- Up-to-date: /home/emine/ros2_ws/install/turtlesim/share/turtlesim/cmake/turtlesim__rosidl_typesupport_cExport-noconfig.cmake
[7.597s] -- Up-to-date: /home/emine/ros2_ws/install/turtlesim/share/turtlesim/cmake/turtlesim__rosidl_generator_cppExport.cmake
[7.597s] -- Up-to-date: /home/emine/ros2_ws/install/turtlesim/share/turtlesim/cmake/turtlesim__rosidl_typesupport_introspection_cppExport.cmake
[7.597s] -- Up-to-date: /home/emine/ros2_ws/install/turtlesim/share/turtlesim/cmake/turtlesim__rosidl_typesupport_introspection_cppExport-noconfig.cmake
[7.597s] -- Up-to-date: /home/emine/ros2_ws/install/turtlesim/share/turtlesim/cmake/turtlesim__rosidl_typesupport_cppExport.cmake
[7.597s] -- Up-to-date: /home/emine/ros2_ws/install/turtlesim/share/turtlesim/cmake/turtlesim__rosidl_typesupport_cppExport-noconfig.cmake
[7.597s] -- Up-to-date: /home/emine/ros2_ws/install/turtlesim/share/turtlesim/cmake/rosidl_cmake-extras.cmake
[7.597s] -- Up-to-date: /home/emine/ros2_ws/install/turtlesim/share/turtlesim/cmake/ament_cmake_export_dependencies-extras.cmake
[7.597s] -- Up-to-date: /home/emine/ros2_ws/install/turtlesim/share/turtlesim/cmake/ament_cmake_export_libraries-extras.cmake
[7.597s] -- Up-to-date: /home/emine/ros2_ws/install/turtlesim/share/turtlesim/cmake/ament_cmake_export_targets-extras.cmake
[7.597s] -- Up-to-date: /home/emine/ros2_ws/install/turtlesim/share/turtlesim/cmake/ament_cmake_export_include_directories-extras.cmake
[7.597s] -- Up-to-date: /home/emine/ros2_ws/install/turtlesim/share/turtlesim/cmake/rosidl_cmake_export_typesupport_libraries-extras.cmake
[7.597s] -- Up-to-date: /home/emine/ros2_ws/install/turtlesim/share/turtlesim/cmake/rosidl_cmake_export_typesupport_targets-extras.cmake
[7.597s] -- Up-to-date: /home/emine/ros2_ws/install/turtlesim/share/turtlesim/cmake/turtlesimConfig.cmake
[7.597s] -- Up-to-date: /home/emine/ros2_ws/install/turtlesim/share/turtlesim/cmake/turtlesimConfig-version.cmake
[7.597s] -- Up-to-date: /home/emine/ros2_ws/install/turtlesim/share/turtlesim/package.xml
[7.599s] Invoked command in '/home/emine/ros2_ws/build/turtlesim' returned '0': CMAKE_PREFIX_PATH=/opt/ros/foxy /usr/bin/cmake --install /home/emine/ros2_ws/build/turtlesim
