[4.805s] Invoking command in '/home/emine/ros2_ws/build/examples_rclpy_minimal_action_server': PYTHONPATH=/home/emine/ros2_ws/build/examples_rclpy_minimal_action_server/prefix_override:/home/emine/ros2_ws/install/examples_rclpy_minimal_action_server/lib/python3.8/site-packages:${PYTHONPATH} /usr/bin/python3 setup.py develop --editable --build-directory /home/emine/ros2_ws/build/examples_rclpy_minimal_action_server/build --no-deps install_data
[6.664s] running develop
[6.665s] running egg_info
[6.666s] creating examples_rclpy_minimal_action_server.egg-info
[6.666s] writing examples_rclpy_minimal_action_server.egg-info/PKG-INFO
[6.666s] writing dependency_links to examples_rclpy_minimal_action_server.egg-info/dependency_links.txt
[6.666s] writing entry points to examples_rclpy_minimal_action_server.egg-info/entry_points.txt
[6.667s] writing requirements to examples_rclpy_minimal_action_server.egg-info/requires.txt
[6.667s] writing top-level names to examples_rclpy_minimal_action_server.egg-info/top_level.txt
[6.667s] writing manifest file 'examples_rclpy_minimal_action_server.egg-info/SOURCES.txt'
[6.667s] reading manifest file 'examples_rclpy_minimal_action_server.egg-info/SOURCES.txt'
[6.667s] writing manifest file 'examples_rclpy_minimal_action_server.egg-info/SOURCES.txt'
[6.667s] running build_ext
[6.667s] Creating /home/emine/ros2_ws/install/examples_rclpy_minimal_action_server/lib/python3.8/site-packages/site.py
[6.668s] Creating /home/emine/ros2_ws/install/examples_rclpy_minimal_action_server/lib/python3.8/site-packages/examples-rclpy-minimal-action-server.egg-link (link to .)
[6.668s] Installing server script to /home/emine/ros2_ws/install/examples_rclpy_minimal_action_server/lib/examples_rclpy_minimal_action_server
[6.668s] Installing server_defer script to /home/emine/ros2_ws/install/examples_rclpy_minimal_action_server/lib/examples_rclpy_minimal_action_server
[6.668s] Installing server_not_composable script to /home/emine/ros2_ws/install/examples_rclpy_minimal_action_server/lib/examples_rclpy_minimal_action_server
[6.668s] Installing server_queue_goals script to /home/emine/ros2_ws/install/examples_rclpy_minimal_action_server/lib/examples_rclpy_minimal_action_server
[6.668s] Installing server_single_goal script to /home/emine/ros2_ws/install/examples_rclpy_minimal_action_server/lib/examples_rclpy_minimal_action_server
[6.668s] 
[6.669s] Installed /home/emine/ros2_ws/build/examples_rclpy_minimal_action_server
[6.669s] running install_data
[6.669s] creating /home/emine/ros2_ws/install/examples_rclpy_minimal_action_server/share/ament_index
[6.669s] creating /home/emine/ros2_ws/install/examples_rclpy_minimal_action_server/share/ament_index/resource_index
[6.669s] creating /home/emine/ros2_ws/install/examples_rclpy_minimal_action_server/share/ament_index/resource_index/packages
[6.669s] copying resource/examples_rclpy_minimal_action_server -> /home/emine/ros2_ws/install/examples_rclpy_minimal_action_server/share/ament_index/resource_index/packages
[6.670s] copying package.xml -> /home/emine/ros2_ws/install/examples_rclpy_minimal_action_server/share/examples_rclpy_minimal_action_server
[7.066s] Invoked command in '/home/emine/ros2_ws/build/examples_rclpy_minimal_action_server' returned '0': PYTHONPATH=/home/emine/ros2_ws/build/examples_rclpy_minimal_action_server/prefix_override:/home/emine/ros2_ws/install/examples_rclpy_minimal_action_server/lib/python3.8/site-packages:${PYTHONPATH} /usr/bin/python3 setup.py develop --editable --build-directory /home/emine/ros2_ws/build/examples_rclpy_minimal_action_server/build --no-deps install_data
