[0.087s] Invoking command in '/home/emine/ros2_ws/build/tutorial_interfaces': CMAKE_PREFIX_PATH=${CMAKE_PREFIX_PATH}:/home/emine/ros2_ws/install/py_srvcli:/home/emine/ros2_ws/install/py_pubsub:/home/emine/ros2_ws/install/examples_rclpy_minimal_subscriber:/home/emine/ros2_ws/install/examples_rclpy_minimal_service:/home/emine/ros2_ws/install/examples_rclpy_minimal_publisher:/home/emine/ros2_ws/install/examples_rclpy_minimal_client:/home/emine/ros2_ws/install/examples_rclpy_minimal_action_server:/home/emine/ros2_ws/install/examples_rclpy_minimal_action_client:/home/emine/ros2_ws/install/examples_rclpy_executors:/opt/ros/foxy /usr/bin/cmake /home/emine/ros2_ws/src/tutorial_interfaces -DCMAKE_INSTALL_PREFIX=/home/emine/ros2_ws/install/tutorial_interfaces
[0.095s] -- Found ament_cmake: 0.9.12 (/opt/ros/foxy/share/ament_cmake/cmake)
[0.113s] -- Using PYTHON_EXECUTABLE: /usr/bin/python3
[0.219s] -- Found ament_lint_auto: 0.9.8 (/opt/ros/foxy/share/ament_lint_auto/cmake)
[0.257s] -- Found geometry_msgs: 2.0.5 (/opt/ros/foxy/share/geometry_msgs/cmake)
[0.271s] -- Using all available rosidl_typesupport_c: rosidl_typesupport_fastrtps_c;rosidl_typesupport_introspection_c
[0.273s] -- Found rosidl_adapter: 1.3.1 (/opt/ros/foxy/share/rosidl_adapter/cmake)
[0.344s] -- Using all available rosidl_typesupport_cpp: rosidl_typesupport_fastrtps_cpp;rosidl_typesupport_introspection_cpp
[0.393s] -- Found rosidl_default_generators: 1.0.1 (/opt/ros/foxy/share/rosidl_default_generators/cmake)
[0.417s] -- Found PythonInterp: /usr/bin/python3 (found version "3.8.10") 
[0.511s] -- Found ament_cmake_ros: 0.9.2 (/opt/ros/foxy/share/ament_cmake_ros/cmake)
[0.662s] -- Using all available rosidl_typesupport_c: rosidl_typesupport_fastrtps_c;rosidl_typesupport_introspection_c
[0.729s] -- Using all available rosidl_typesupport_cpp: rosidl_typesupport_fastrtps_cpp;rosidl_typesupport_introspection_cpp
[0.751s] -- Found PythonInterp: /usr/bin/python3 (found suitable version "3.8.10", minimum required is "3.5") 
[0.752s] -- Found python_cmake_module: 0.8.1 (/opt/ros/foxy/share/python_cmake_module/cmake)
[0.773s] -- Found PythonLibs: /usr/lib/x86_64-linux-gnu/libpython3.8.so (found suitable version "3.8.10", minimum required is "3.5") 
[0.773s] -- Using PYTHON_EXECUTABLE: /usr/bin/python3
[0.773s] -- Using PYTHON_INCLUDE_DIRS: /usr/include/python3.8
[0.773s] -- Using PYTHON_LIBRARIES: /usr/lib/x86_64-linux-gnu/libpython3.8.so
[0.790s] -- Found PythonExtra: .so  
[0.848s] -- Added test 'copyright' to check source files copyright and LICENSE
[0.849s] -- Added test 'lint_cmake' to check CMake code style
[0.849s] -- Added test 'xmllint' to check XML markup files
[0.853s] -- Configuring done
[0.887s] -- Generating done
[0.888s] -- Build files have been written to: /home/emine/ros2_ws/build/tutorial_interfaces
[0.893s] Invoked command in '/home/emine/ros2_ws/build/tutorial_interfaces' returned '0': CMAKE_PREFIX_PATH=${CMAKE_PREFIX_PATH}:/home/emine/ros2_ws/install/py_srvcli:/home/emine/ros2_ws/install/py_pubsub:/home/emine/ros2_ws/install/examples_rclpy_minimal_subscriber:/home/emine/ros2_ws/install/examples_rclpy_minimal_service:/home/emine/ros2_ws/install/examples_rclpy_minimal_publisher:/home/emine/ros2_ws/install/examples_rclpy_minimal_client:/home/emine/ros2_ws/install/examples_rclpy_minimal_action_server:/home/emine/ros2_ws/install/examples_rclpy_minimal_action_client:/home/emine/ros2_ws/install/examples_rclpy_executors:/opt/ros/foxy /usr/bin/cmake /home/emine/ros2_ws/src/tutorial_interfaces -DCMAKE_INSTALL_PREFIX=/home/emine/ros2_ws/install/tutorial_interfaces
[0.893s] Invoking command in '/home/emine/ros2_ws/build/tutorial_interfaces': CMAKE_PREFIX_PATH=${CMAKE_PREFIX_PATH}:/home/emine/ros2_ws/install/py_srvcli:/home/emine/ros2_ws/install/py_pubsub:/home/emine/ros2_ws/install/examples_rclpy_minimal_subscriber:/home/emine/ros2_ws/install/examples_rclpy_minimal_service:/home/emine/ros2_ws/install/examples_rclpy_minimal_publisher:/home/emine/ros2_ws/install/examples_rclpy_minimal_client:/home/emine/ros2_ws/install/examples_rclpy_minimal_action_server:/home/emine/ros2_ws/install/examples_rclpy_minimal_action_client:/home/emine/ros2_ws/install/examples_rclpy_executors:/opt/ros/foxy /usr/bin/cmake --build /home/emine/ros2_ws/build/tutorial_interfaces -- -j16 -l16
[0.919s] [35m[1mScanning dependencies of target tutorial_interfaces__cpp[0m
[0.920s] [  2%] [34m[1mGenerating C code for ROS interfaces[0m
[0.927s] [  4%] [34m[1mGenerating C++ code for ROS interfaces[0m
[1.124s] [  4%] Built target tutorial_interfaces__cpp
[1.133s] [  8%] [34m[1mGenerating C++ type support dispatch for ROS interfaces[0m
[1.134s] [  8%] [34m[1mGenerating C++ type support for eProsima Fast-RTPS[0m
[1.134s] [ 10%] [34m[1mGenerating C++ introspection for ROS interfaces[0m
[1.135s] [35m[1mScanning dependencies of target tutorial_interfaces__rosidl_generator_c[0m
[1.144s] [ 12%] [32mBuilding C object CMakeFiles/tutorial_interfaces__rosidl_generator_c.dir/rosidl_generator_c/tutorial_interfaces/msg/detail/num__functions.c.o[0m
[1.145s] [ 14%] [32mBuilding C object CMakeFiles/tutorial_interfaces__rosidl_generator_c.dir/rosidl_generator_c/tutorial_interfaces/srv/detail/add_three_ints__functions.c.o[0m
[1.145s] [ 17%] [32mBuilding C object CMakeFiles/tutorial_interfaces__rosidl_generator_c.dir/rosidl_generator_c/tutorial_interfaces/msg/detail/sphere__functions.c.o[0m
[1.185s] [ 19%] [32m[1mLinking C shared library libtutorial_interfaces__rosidl_generator_c.so[0m
[1.211s] [ 19%] Built target tutorial_interfaces__rosidl_generator_c
[1.218s] [ 23%] [34m[1mGenerating C introspection for ROS interfaces[0m
[1.218s] [ 23%] [34m[1mGenerating C type support dispatch for ROS interfaces[0m
[1.291s] [35m[1mScanning dependencies of target tutorial_interfaces__rosidl_typesupport_cpp[0m
[1.302s] [ 25%] [32mBuilding CXX object CMakeFiles/tutorial_interfaces__rosidl_typesupport_cpp.dir/rosidl_typesupport_cpp/tutorial_interfaces/msg/sphere__type_support.cpp.o[0m
[1.303s] [ 27%] [32mBuilding CXX object CMakeFiles/tutorial_interfaces__rosidl_typesupport_cpp.dir/rosidl_typesupport_cpp/tutorial_interfaces/msg/num__type_support.cpp.o[0m
[1.304s] [ 29%] [32mBuilding CXX object CMakeFiles/tutorial_interfaces__rosidl_typesupport_cpp.dir/rosidl_typesupport_cpp/tutorial_interfaces/srv/add_three_ints__type_support.cpp.o[0m
[1.311s] [35m[1mScanning dependencies of target tutorial_interfaces__rosidl_typesupport_introspection_cpp[0m
[1.322s] [ 31%] [32mBuilding CXX object CMakeFiles/tutorial_interfaces__rosidl_typesupport_introspection_cpp.dir/rosidl_typesupport_introspection_cpp/tutorial_interfaces/srv/detail/add_three_ints__type_support.cpp.o[0m
[1.322s] [ 34%] [32mBuilding CXX object CMakeFiles/tutorial_interfaces__rosidl_typesupport_introspection_cpp.dir/rosidl_typesupport_introspection_cpp/tutorial_interfaces/msg/detail/num__type_support.cpp.o[0m
[1.324s] [ 36%] [32mBuilding CXX object CMakeFiles/tutorial_interfaces__rosidl_typesupport_introspection_cpp.dir/rosidl_typesupport_introspection_cpp/tutorial_interfaces/msg/detail/sphere__type_support.cpp.o[0m
[1.335s] [35m[1mScanning dependencies of target tutorial_interfaces__rosidl_typesupport_fastrtps_cpp[0m
[1.352s] [ 38%] [32mBuilding CXX object CMakeFiles/tutorial_interfaces__rosidl_typesupport_fastrtps_cpp.dir/rosidl_typesupport_fastrtps_cpp/tutorial_interfaces/msg/detail/dds_fastrtps/sphere__type_support.cpp.o[0m
[1.352s] [ 40%] [32mBuilding CXX object CMakeFiles/tutorial_interfaces__rosidl_typesupport_fastrtps_cpp.dir/rosidl_typesupport_fastrtps_cpp/tutorial_interfaces/msg/detail/dds_fastrtps/num__type_support.cpp.o[0m
[1.354s] [ 42%] [32mBuilding CXX object CMakeFiles/tutorial_interfaces__rosidl_typesupport_fastrtps_cpp.dir/rosidl_typesupport_fastrtps_cpp/tutorial_interfaces/srv/detail/dds_fastrtps/add_three_ints__type_support.cpp.o[0m
[1.403s] [35m[1mScanning dependencies of target tutorial_interfaces__rosidl_typesupport_c[0m
[1.417s] [ 44%] [32mBuilding CXX object CMakeFiles/tutorial_interfaces__rosidl_typesupport_c.dir/rosidl_typesupport_c/tutorial_interfaces/msg/num__type_support.cpp.o[0m
[1.417s] [ 46%] [32mBuilding CXX object CMakeFiles/tutorial_interfaces__rosidl_typesupport_c.dir/rosidl_typesupport_c/tutorial_interfaces/srv/add_three_ints__type_support.cpp.o[0m
[1.417s] [ 48%] [32mBuilding CXX object CMakeFiles/tutorial_interfaces__rosidl_typesupport_c.dir/rosidl_typesupport_c/tutorial_interfaces/msg/sphere__type_support.cpp.o[0m
[1.449s] [35m[1mScanning dependencies of target tutorial_interfaces__rosidl_typesupport_introspection_c[0m
[1.449s] [ 51%] [32m[1mLinking CXX shared library libtutorial_interfaces__rosidl_typesupport_c.so[0m
[1.460s] [ 53%] [32mBuilding C object CMakeFiles/tutorial_interfaces__rosidl_typesupport_introspection_c.dir/rosidl_typesupport_introspection_c/tutorial_interfaces/msg/detail/num__type_support.c.o[0m
[1.461s] [ 55%] [32mBuilding C object CMakeFiles/tutorial_interfaces__rosidl_typesupport_introspection_c.dir/rosidl_typesupport_introspection_c/tutorial_interfaces/srv/detail/add_three_ints__type_support.c.o[0m
[1.462s] [ 57%] [32mBuilding C object CMakeFiles/tutorial_interfaces__rosidl_typesupport_introspection_c.dir/rosidl_typesupport_introspection_c/tutorial_interfaces/msg/detail/sphere__type_support.c.o[0m
[1.492s] [ 57%] Built target tutorial_interfaces__rosidl_typesupport_c
[1.495s] [ 59%] [32m[1mLinking C shared library libtutorial_interfaces__rosidl_typesupport_introspection_c.so[0m
[1.518s] [ 59%] Built target tutorial_interfaces__rosidl_typesupport_introspection_c
[1.624s] [ 61%] [32m[1mLinking CXX shared library libtutorial_interfaces__rosidl_typesupport_cpp.so[0m
[1.626s] [ 63%] [32m[1mLinking CXX shared library libtutorial_interfaces__rosidl_typesupport_introspection_cpp.so[0m
[1.650s] [ 63%] Built target tutorial_interfaces__rosidl_typesupport_cpp
[1.663s] [ 63%] Built target tutorial_interfaces__rosidl_typesupport_introspection_cpp
[1.713s] [ 65%] [32m[1mLinking CXX shared library libtutorial_interfaces__rosidl_typesupport_fastrtps_cpp.so[0m
[1.768s] [ 65%] Built target tutorial_interfaces__rosidl_typesupport_fastrtps_cpp
[1.775s] [ 68%] [34m[1mGenerating C type support for eProsima Fast-RTPS[0m
[1.950s] [35m[1mScanning dependencies of target tutorial_interfaces__rosidl_typesupport_fastrtps_c[0m
[1.961s] [ 70%] [32mBuilding CXX object CMakeFiles/tutorial_interfaces__rosidl_typesupport_fastrtps_c.dir/rosidl_typesupport_fastrtps_c/tutorial_interfaces/msg/detail/num__type_support_c.cpp.o[0m
[1.961s] [ 72%] [32mBuilding CXX object CMakeFiles/tutorial_interfaces__rosidl_typesupport_fastrtps_c.dir/rosidl_typesupport_fastrtps_c/tutorial_interfaces/msg/detail/sphere__type_support_c.cpp.o[0m
[1.962s] [ 74%] [32mBuilding CXX object CMakeFiles/tutorial_interfaces__rosidl_typesupport_fastrtps_c.dir/rosidl_typesupport_fastrtps_c/tutorial_interfaces/srv/detail/add_three_ints__type_support_c.cpp.o[0m
[2.155s] [ 76%] [32m[1mLinking CXX shared library libtutorial_interfaces__rosidl_typesupport_fastrtps_c.so[0m
[2.208s] [ 76%] Built target tutorial_interfaces__rosidl_typesupport_fastrtps_c
[2.214s] [35m[1mScanning dependencies of target tutorial_interfaces[0m
[2.221s] [ 76%] Built target tutorial_interfaces
[2.226s] [35m[1mScanning dependencies of target tutorial_interfaces__py[0m
[2.236s] [ 78%] [34m[1mGenerating Python code for ROS interfaces[0m
[2.575s] [ 78%] Built target tutorial_interfaces__py
[2.581s] [35m[1mScanning dependencies of target tutorial_interfaces__python[0m
[2.605s] [ 80%] [32mBuilding C object CMakeFiles/tutorial_interfaces__python.dir/rosidl_generator_py/tutorial_interfaces/msg/_num_s.c.o[0m
[2.605s] [ 82%] [32mBuilding C object CMakeFiles/tutorial_interfaces__python.dir/rosidl_generator_py/tutorial_interfaces/msg/_sphere_s.c.o[0m
[2.606s] [ 85%] [32mBuilding C object CMakeFiles/tutorial_interfaces__python.dir/rosidl_generator_py/tutorial_interfaces/srv/_add_three_ints_s.c.o[0m
[2.667s] [ 87%] [32m[1mLinking C shared library rosidl_generator_py/tutorial_interfaces/libtutorial_interfaces__python.so[0m
[2.694s] [ 87%] Built target tutorial_interfaces__python
[2.699s] [35m[1mScanning dependencies of target tutorial_interfaces__rosidl_typesupport_c__pyext[0m
[2.699s] [35m[1mScanning dependencies of target tutorial_interfaces__rosidl_typesupport_introspection_c__pyext[0m
[2.700s] [35m[1mScanning dependencies of target tutorial_interfaces__rosidl_typesupport_fastrtps_c__pyext[0m
[2.709s] [ 91%] [32mBuilding C object CMakeFiles/tutorial_interfaces__rosidl_typesupport_introspection_c__pyext.dir/rosidl_generator_py/tutorial_interfaces/_tutorial_interfaces_s.ep.rosidl_typesupport_introspection_c.c.o[0m
[2.709s] [ 91%] [32mBuilding C object CMakeFiles/tutorial_interfaces__rosidl_typesupport_c__pyext.dir/rosidl_generator_py/tutorial_interfaces/_tutorial_interfaces_s.ep.rosidl_typesupport_c.c.o[0m
[2.710s] [ 93%] [32mBuilding C object CMakeFiles/tutorial_interfaces__rosidl_typesupport_fastrtps_c__pyext.dir/rosidl_generator_py/tutorial_interfaces/_tutorial_interfaces_s.ep.rosidl_typesupport_fastrtps_c.c.o[0m
[2.760s] [ 97%] [32m[1mLinking C shared library rosidl_generator_py/tutorial_interfaces/tutorial_interfaces_s__rosidl_typesupport_c.cpython-38-x86_64-linux-gnu.so[0m
[2.760s] [ 97%] [32m[1mLinking C shared library rosidl_generator_py/tutorial_interfaces/tutorial_interfaces_s__rosidl_typesupport_introspection_c.cpython-38-x86_64-linux-gnu.so[0m
[2.761s] [100%] [32m[1mLinking CXX shared library rosidl_generator_py/tutorial_interfaces/tutorial_interfaces_s__rosidl_typesupport_fastrtps_c.cpython-38-x86_64-linux-gnu.so[0m
[2.783s] [100%] Built target tutorial_interfaces__rosidl_typesupport_c__pyext
[2.783s] [100%] Built target tutorial_interfaces__rosidl_typesupport_introspection_c__pyext
[2.800s] [100%] Built target tutorial_interfaces__rosidl_typesupport_fastrtps_c__pyext
[2.807s] Invoked command in '/home/emine/ros2_ws/build/tutorial_interfaces' returned '0': CMAKE_PREFIX_PATH=${CMAKE_PREFIX_PATH}:/home/emine/ros2_ws/install/py_srvcli:/home/emine/ros2_ws/install/py_pubsub:/home/emine/ros2_ws/install/examples_rclpy_minimal_subscriber:/home/emine/ros2_ws/install/examples_rclpy_minimal_service:/home/emine/ros2_ws/install/examples_rclpy_minimal_publisher:/home/emine/ros2_ws/install/examples_rclpy_minimal_client:/home/emine/ros2_ws/install/examples_rclpy_minimal_action_server:/home/emine/ros2_ws/install/examples_rclpy_minimal_action_client:/home/emine/ros2_ws/install/examples_rclpy_executors:/opt/ros/foxy /usr/bin/cmake --build /home/emine/ros2_ws/build/tutorial_interfaces -- -j16 -l16
[2.863s] Invoking command in '/home/emine/ros2_ws/build/tutorial_interfaces': CMAKE_PREFIX_PATH=${CMAKE_PREFIX_PATH}:/home/emine/ros2_ws/install/py_srvcli:/home/emine/ros2_ws/install/py_pubsub:/home/emine/ros2_ws/install/examples_rclpy_minimal_subscriber:/home/emine/ros2_ws/install/examples_rclpy_minimal_service:/home/emine/ros2_ws/install/examples_rclpy_minimal_publisher:/home/emine/ros2_ws/install/examples_rclpy_minimal_client:/home/emine/ros2_ws/install/examples_rclpy_minimal_action_server:/home/emine/ros2_ws/install/examples_rclpy_minimal_action_client:/home/emine/ros2_ws/install/examples_rclpy_executors:/opt/ros/foxy /usr/bin/cmake --install /home/emine/ros2_ws/build/tutorial_interfaces
[2.868s] -- Install configuration: ""
[2.869s] -- Installing: /home/emine/ros2_ws/install/tutorial_interfaces/share/ament_index/resource_index/rosidl_interfaces/tutorial_interfaces
[2.869s] -- Installing: /home/emine/ros2_ws/install/tutorial_interfaces/include/tutorial_interfaces
[2.869s] -- Installing: /home/emine/ros2_ws/install/tutorial_interfaces/include/tutorial_interfaces/msg
[2.869s] -- Installing: /home/emine/ros2_ws/install/tutorial_interfaces/include/tutorial_interfaces/msg/sphere.h
[2.869s] -- Installing: /home/emine/ros2_ws/install/tutorial_interfaces/include/tutorial_interfaces/msg/detail
[2.869s] -- Installing: /home/emine/ros2_ws/install/tutorial_interfaces/include/tutorial_interfaces/msg/detail/sphere__type_support.h
[2.869s] -- Installing: /home/emine/ros2_ws/install/tutorial_interfaces/include/tutorial_interfaces/msg/detail/num__struct.h
[2.869s] -- Installing: /home/emine/ros2_ws/install/tutorial_interfaces/include/tutorial_interfaces/msg/detail/sphere__functions.h
[2.869s] -- Installing: /home/emine/ros2_ws/install/tutorial_interfaces/include/tutorial_interfaces/msg/detail/sphere__struct.h
[2.869s] -- Installing: /home/emine/ros2_ws/install/tutorial_interfaces/include/tutorial_interfaces/msg/detail/num__functions.c
[2.869s] -- Installing: /home/emine/ros2_ws/install/tutorial_interfaces/include/tutorial_interfaces/msg/detail/sphere__functions.c
[2.869s] -- Installing: /home/emine/ros2_ws/install/tutorial_interfaces/include/tutorial_interfaces/msg/detail/num__type_support.h
[2.869s] -- Installing: /home/emine/ros2_ws/install/tutorial_interfaces/include/tutorial_interfaces/msg/detail/num__functions.h
[2.869s] -- Installing: /home/emine/ros2_ws/install/tutorial_interfaces/include/tutorial_interfaces/msg/num.h
[2.869s] -- Installing: /home/emine/ros2_ws/install/tutorial_interfaces/include/tutorial_interfaces/msg/rosidl_generator_c__visibility_control.h
[2.869s] -- Installing: /home/emine/ros2_ws/install/tutorial_interfaces/include/tutorial_interfaces/srv
[2.869s] -- Installing: /home/emine/ros2_ws/install/tutorial_interfaces/include/tutorial_interfaces/srv/detail
[2.869s] -- Installing: /home/emine/ros2_ws/install/tutorial_interfaces/include/tutorial_interfaces/srv/detail/add_three_ints__struct.h
[2.869s] -- Installing: /home/emine/ros2_ws/install/tutorial_interfaces/include/tutorial_interfaces/srv/detail/add_three_ints__functions.c
[2.869s] -- Installing: /home/emine/ros2_ws/install/tutorial_interfaces/include/tutorial_interfaces/srv/detail/add_three_ints__type_support.h
[2.869s] -- Installing: /home/emine/ros2_ws/install/tutorial_interfaces/include/tutorial_interfaces/srv/detail/add_three_ints__functions.h
[2.869s] -- Installing: /home/emine/ros2_ws/install/tutorial_interfaces/include/tutorial_interfaces/srv/add_three_ints.h
[2.869s] -- Installing: /home/emine/ros2_ws/install/tutorial_interfaces/share/tutorial_interfaces/environment/library_path.sh
[2.869s] -- Installing: /home/emine/ros2_ws/install/tutorial_interfaces/share/tutorial_interfaces/environment/library_path.dsv
[2.870s] -- Installing: /home/emine/ros2_ws/install/tutorial_interfaces/lib/libtutorial_interfaces__rosidl_generator_c.so
[2.870s] -- Set runtime path of "/home/emine/ros2_ws/install/tutorial_interfaces/lib/libtutorial_interfaces__rosidl_generator_c.so" to ""
[2.870s] -- Up-to-date: /home/emine/ros2_ws/install/tutorial_interfaces/include/tutorial_interfaces
[2.870s] -- Up-to-date: /home/emine/ros2_ws/install/tutorial_interfaces/include/tutorial_interfaces/msg
[2.870s] -- Up-to-date: /home/emine/ros2_ws/install/tutorial_interfaces/include/tutorial_interfaces/msg/detail
[2.870s] -- Installing: /home/emine/ros2_ws/install/tutorial_interfaces/include/tutorial_interfaces/msg/detail/sphere__rosidl_typesupport_fastrtps_c.h
[2.870s] -- Installing: /home/emine/ros2_ws/install/tutorial_interfaces/include/tutorial_interfaces/msg/detail/num__rosidl_typesupport_fastrtps_c.h
[2.870s] -- Installing: /home/emine/ros2_ws/install/tutorial_interfaces/include/tutorial_interfaces/msg/rosidl_typesupport_fastrtps_c__visibility_control.h
[2.870s] -- Up-to-date: /home/emine/ros2_ws/install/tutorial_interfaces/include/tutorial_interfaces/srv
[2.870s] -- Up-to-date: /home/emine/ros2_ws/install/tutorial_interfaces/include/tutorial_interfaces/srv/detail
[2.870s] -- Installing: /home/emine/ros2_ws/install/tutorial_interfaces/include/tutorial_interfaces/srv/detail/add_three_ints__rosidl_typesupport_fastrtps_c.h
[2.870s] -- Installing: /home/emine/ros2_ws/install/tutorial_interfaces/lib/libtutorial_interfaces__rosidl_typesupport_fastrtps_c.so
[2.870s] -- Set runtime path of "/home/emine/ros2_ws/install/tutorial_interfaces/lib/libtutorial_interfaces__rosidl_typesupport_fastrtps_c.so" to ""
[2.870s] -- Up-to-date: /home/emine/ros2_ws/install/tutorial_interfaces/include/tutorial_interfaces
[2.870s] -- Up-to-date: /home/emine/ros2_ws/install/tutorial_interfaces/include/tutorial_interfaces/msg
[2.870s] -- Installing: /home/emine/ros2_ws/install/tutorial_interfaces/include/tutorial_interfaces/msg/rosidl_typesupport_fastrtps_cpp__visibility_control.h
[2.870s] -- Up-to-date: /home/emine/ros2_ws/install/tutorial_interfaces/include/tutorial_interfaces/msg/detail
[2.870s] -- Installing: /home/emine/ros2_ws/install/tutorial_interfaces/include/tutorial_interfaces/msg/detail/dds_fastrtps
[2.870s] -- Installing: /home/emine/ros2_ws/install/tutorial_interfaces/include/tutorial_interfaces/msg/detail/sphere__rosidl_typesupport_fastrtps_cpp.hpp
[2.870s] -- Installing: /home/emine/ros2_ws/install/tutorial_interfaces/include/tutorial_interfaces/msg/detail/num__rosidl_typesupport_fastrtps_cpp.hpp
[2.870s] -- Up-to-date: /home/emine/ros2_ws/install/tutorial_interfaces/include/tutorial_interfaces/srv
[2.870s] -- Up-to-date: /home/emine/ros2_ws/install/tutorial_interfaces/include/tutorial_interfaces/srv/detail
[2.870s] -- Installing: /home/emine/ros2_ws/install/tutorial_interfaces/include/tutorial_interfaces/srv/detail/add_three_ints__rosidl_typesupport_fastrtps_cpp.hpp
[2.870s] -- Installing: /home/emine/ros2_ws/install/tutorial_interfaces/include/tutorial_interfaces/srv/detail/dds_fastrtps
[2.871s] -- Installing: /home/emine/ros2_ws/install/tutorial_interfaces/lib/libtutorial_interfaces__rosidl_typesupport_fastrtps_cpp.so
[2.871s] -- Set runtime path of "/home/emine/ros2_ws/install/tutorial_interfaces/lib/libtutorial_interfaces__rosidl_typesupport_fastrtps_cpp.so" to ""
[2.871s] -- Up-to-date: /home/emine/ros2_ws/install/tutorial_interfaces/include/tutorial_interfaces
[2.871s] -- Up-to-date: /home/emine/ros2_ws/install/tutorial_interfaces/include/tutorial_interfaces/msg
[2.871s] -- Up-to-date: /home/emine/ros2_ws/install/tutorial_interfaces/include/tutorial_interfaces/msg/detail
[2.871s] -- Installing: /home/emine/ros2_ws/install/tutorial_interfaces/include/tutorial_interfaces/msg/detail/sphere__rosidl_typesupport_introspection_c.h
[2.871s] -- Installing: /home/emine/ros2_ws/install/tutorial_interfaces/include/tutorial_interfaces/msg/detail/sphere__type_support.c
[2.871s] -- Installing: /home/emine/ros2_ws/install/tutorial_interfaces/include/tutorial_interfaces/msg/detail/num__rosidl_typesupport_introspection_c.h
[2.871s] -- Installing: /home/emine/ros2_ws/install/tutorial_interfaces/include/tutorial_interfaces/msg/detail/num__type_support.c
[2.871s] -- Installing: /home/emine/ros2_ws/install/tutorial_interfaces/include/tutorial_interfaces/msg/rosidl_typesupport_introspection_c__visibility_control.h
[2.871s] -- Up-to-date: /home/emine/ros2_ws/install/tutorial_interfaces/include/tutorial_interfaces/srv
[2.871s] -- Up-to-date: /home/emine/ros2_ws/install/tutorial_interfaces/include/tutorial_interfaces/srv/detail
[2.871s] -- Installing: /home/emine/ros2_ws/install/tutorial_interfaces/include/tutorial_interfaces/srv/detail/add_three_ints__type_support.c
[2.871s] -- Installing: /home/emine/ros2_ws/install/tutorial_interfaces/include/tutorial_interfaces/srv/detail/add_three_ints__rosidl_typesupport_introspection_c.h
[2.871s] -- Installing: /home/emine/ros2_ws/install/tutorial_interfaces/lib/libtutorial_interfaces__rosidl_typesupport_introspection_c.so
[2.871s] -- Set runtime path of "/home/emine/ros2_ws/install/tutorial_interfaces/lib/libtutorial_interfaces__rosidl_typesupport_introspection_c.so" to ""
[2.871s] -- Installing: /home/emine/ros2_ws/install/tutorial_interfaces/lib/libtutorial_interfaces__rosidl_typesupport_c.so
[2.871s] -- Set runtime path of "/home/emine/ros2_ws/install/tutorial_interfaces/lib/libtutorial_interfaces__rosidl_typesupport_c.so" to ""
[2.871s] -- Up-to-date: /home/emine/ros2_ws/install/tutorial_interfaces/include/tutorial_interfaces
[2.871s] -- Up-to-date: /home/emine/ros2_ws/install/tutorial_interfaces/include/tutorial_interfaces/msg
[2.871s] -- Up-to-date: /home/emine/ros2_ws/install/tutorial_interfaces/include/tutorial_interfaces/msg/detail
[2.871s] -- Installing: /home/emine/ros2_ws/install/tutorial_interfaces/include/tutorial_interfaces/msg/detail/num__struct.hpp
[2.871s] -- Installing: /home/emine/ros2_ws/install/tutorial_interfaces/include/tutorial_interfaces/msg/detail/sphere__type_support.hpp
[2.871s] -- Installing: /home/emine/ros2_ws/install/tutorial_interfaces/include/tutorial_interfaces/msg/detail/num__traits.hpp
[2.871s] -- Installing: /home/emine/ros2_ws/install/tutorial_interfaces/include/tutorial_interfaces/msg/detail/sphere__builder.hpp
[2.872s] -- Installing: /home/emine/ros2_ws/install/tutorial_interfaces/include/tutorial_interfaces/msg/detail/sphere__struct.hpp
[2.872s] -- Installing: /home/emine/ros2_ws/install/tutorial_interfaces/include/tutorial_interfaces/msg/detail/sphere__traits.hpp
[2.872s] -- Installing: /home/emine/ros2_ws/install/tutorial_interfaces/include/tutorial_interfaces/msg/detail/num__type_support.hpp
[2.872s] -- Installing: /home/emine/ros2_ws/install/tutorial_interfaces/include/tutorial_interfaces/msg/detail/num__builder.hpp
[2.872s] -- Installing: /home/emine/ros2_ws/install/tutorial_interfaces/include/tutorial_interfaces/msg/num.hpp
[2.872s] -- Installing: /home/emine/ros2_ws/install/tutorial_interfaces/include/tutorial_interfaces/msg/rosidl_generator_cpp__visibility_control.hpp
[2.872s] -- Installing: /home/emine/ros2_ws/install/tutorial_interfaces/include/tutorial_interfaces/msg/sphere.hpp
[2.872s] -- Up-to-date: /home/emine/ros2_ws/install/tutorial_interfaces/include/tutorial_interfaces/srv
[2.872s] -- Up-to-date: /home/emine/ros2_ws/install/tutorial_interfaces/include/tutorial_interfaces/srv/detail
[2.872s] -- Installing: /home/emine/ros2_ws/install/tutorial_interfaces/include/tutorial_interfaces/srv/detail/add_three_ints__traits.hpp
[2.872s] -- Installing: /home/emine/ros2_ws/install/tutorial_interfaces/include/tutorial_interfaces/srv/detail/add_three_ints__builder.hpp
[2.872s] -- Installing: /home/emine/ros2_ws/install/tutorial_interfaces/include/tutorial_interfaces/srv/detail/add_three_ints__type_support.hpp
[2.872s] -- Installing: /home/emine/ros2_ws/install/tutorial_interfaces/include/tutorial_interfaces/srv/detail/add_three_ints__struct.hpp
[2.872s] -- Installing: /home/emine/ros2_ws/install/tutorial_interfaces/include/tutorial_interfaces/srv/add_three_ints.hpp
[2.872s] -- Up-to-date: /home/emine/ros2_ws/install/tutorial_interfaces/include/tutorial_interfaces
[2.872s] -- Up-to-date: /home/emine/ros2_ws/install/tutorial_interfaces/include/tutorial_interfaces/msg
[2.872s] -- Up-to-date: /home/emine/ros2_ws/install/tutorial_interfaces/include/tutorial_interfaces/msg/detail
[2.872s] -- Installing: /home/emine/ros2_ws/install/tutorial_interfaces/include/tutorial_interfaces/msg/detail/num__rosidl_typesupport_introspection_cpp.hpp
[2.872s] -- Installing: /home/emine/ros2_ws/install/tutorial_interfaces/include/tutorial_interfaces/msg/detail/sphere__type_support.cpp
[2.872s] -- Installing: /home/emine/ros2_ws/install/tutorial_interfaces/include/tutorial_interfaces/msg/detail/num__type_support.cpp
[2.872s] -- Installing: /home/emine/ros2_ws/install/tutorial_interfaces/include/tutorial_interfaces/msg/detail/sphere__rosidl_typesupport_introspection_cpp.hpp
[2.872s] -- Up-to-date: /home/emine/ros2_ws/install/tutorial_interfaces/include/tutorial_interfaces/srv
[2.872s] -- Up-to-date: /home/emine/ros2_ws/install/tutorial_interfaces/include/tutorial_interfaces/srv/detail
[2.872s] -- Installing: /home/emine/ros2_ws/install/tutorial_interfaces/include/tutorial_interfaces/srv/detail/add_three_ints__rosidl_typesupport_introspection_cpp.hpp
[2.872s] -- Installing: /home/emine/ros2_ws/install/tutorial_interfaces/include/tutorial_interfaces/srv/detail/add_three_ints__type_support.cpp
[2.873s] -- Installing: /home/emine/ros2_ws/install/tutorial_interfaces/lib/libtutorial_interfaces__rosidl_typesupport_introspection_cpp.so
[2.873s] -- Set runtime path of "/home/emine/ros2_ws/install/tutorial_interfaces/lib/libtutorial_interfaces__rosidl_typesupport_introspection_cpp.so" to ""
[2.873s] -- Installing: /home/emine/ros2_ws/install/tutorial_interfaces/lib/libtutorial_interfaces__rosidl_typesupport_cpp.so
[2.873s] -- Set runtime path of "/home/emine/ros2_ws/install/tutorial_interfaces/lib/libtutorial_interfaces__rosidl_typesupport_cpp.so" to ""
[2.873s] -- Installing: /home/emine/ros2_ws/install/tutorial_interfaces/share/tutorial_interfaces/environment/pythonpath.sh
[2.873s] -- Installing: /home/emine/ros2_ws/install/tutorial_interfaces/share/tutorial_interfaces/environment/pythonpath.dsv
[2.873s] -- Installing: /home/emine/ros2_ws/install/tutorial_interfaces/lib/python3.8/site-packages/tutorial_interfaces/__init__.py
[2.894s] Compiling '/home/emine/ros2_ws/install/tutorial_interfaces/lib/python3.8/site-packages/tutorial_interfaces/__init__.py'...
[2.896s] -- Installing: /home/emine/ros2_ws/install/tutorial_interfaces/lib/python3.8/site-packages/tutorial_interfaces/msg
[2.896s] -- Installing: /home/emine/ros2_ws/install/tutorial_interfaces/lib/python3.8/site-packages/tutorial_interfaces/msg/_sphere.py
[2.896s] -- Installing: /home/emine/ros2_ws/install/tutorial_interfaces/lib/python3.8/site-packages/tutorial_interfaces/msg/_num.py
[2.896s] -- Installing: /home/emine/ros2_ws/install/tutorial_interfaces/lib/python3.8/site-packages/tutorial_interfaces/msg/_sphere_s.c
[2.896s] -- Installing: /home/emine/ros2_ws/install/tutorial_interfaces/lib/python3.8/site-packages/tutorial_interfaces/msg/__init__.py
[2.896s] -- Installing: /home/emine/ros2_ws/install/tutorial_interfaces/lib/python3.8/site-packages/tutorial_interfaces/msg/_num_s.c
[2.897s] -- Installing: /home/emine/ros2_ws/install/tutorial_interfaces/lib/python3.8/site-packages/tutorial_interfaces/srv
[2.897s] -- Installing: /home/emine/ros2_ws/install/tutorial_interfaces/lib/python3.8/site-packages/tutorial_interfaces/srv/__init__.py
[2.897s] -- Installing: /home/emine/ros2_ws/install/tutorial_interfaces/lib/python3.8/site-packages/tutorial_interfaces/srv/_add_three_ints.py
[2.897s] -- Installing: /home/emine/ros2_ws/install/tutorial_interfaces/lib/python3.8/site-packages/tutorial_interfaces/srv/_add_three_ints_s.c
[2.897s] -- Installing: /home/emine/ros2_ws/install/tutorial_interfaces/lib/python3.8/site-packages/tutorial_interfaces/tutorial_interfaces_s__rosidl_typesupport_fastrtps_c.cpython-38-x86_64-linux-gnu.so
[2.897s] -- Set runtime path of "/home/emine/ros2_ws/install/tutorial_interfaces/lib/python3.8/site-packages/tutorial_interfaces/tutorial_interfaces_s__rosidl_typesupport_fastrtps_c.cpython-38-x86_64-linux-gnu.so" to ""
[2.897s] -- Installing: /home/emine/ros2_ws/install/tutorial_interfaces/lib/python3.8/site-packages/tutorial_interfaces/tutorial_interfaces_s__rosidl_typesupport_introspection_c.cpython-38-x86_64-linux-gnu.so
[2.897s] -- Set runtime path of "/home/emine/ros2_ws/install/tutorial_interfaces/lib/python3.8/site-packages/tutorial_interfaces/tutorial_interfaces_s__rosidl_typesupport_introspection_c.cpython-38-x86_64-linux-gnu.so" to ""
[2.897s] -- Installing: /home/emine/ros2_ws/install/tutorial_interfaces/lib/python3.8/site-packages/tutorial_interfaces/tutorial_interfaces_s__rosidl_typesupport_c.cpython-38-x86_64-linux-gnu.so
[2.898s] -- Set runtime path of "/home/emine/ros2_ws/install/tutorial_interfaces/lib/python3.8/site-packages/tutorial_interfaces/tutorial_interfaces_s__rosidl_typesupport_c.cpython-38-x86_64-linux-gnu.so" to ""
[2.898s] -- Installing: /home/emine/ros2_ws/install/tutorial_interfaces/lib/libtutorial_interfaces__python.so
[2.898s] -- Set runtime path of "/home/emine/ros2_ws/install/tutorial_interfaces/lib/libtutorial_interfaces__python.so" to ""
[2.898s] -- Installing: /home/emine/ros2_ws/install/tutorial_interfaces/share/tutorial_interfaces/msg/Num.idl
[2.898s] -- Installing: /home/emine/ros2_ws/install/tutorial_interfaces/share/tutorial_interfaces/msg/Sphere.idl
[2.898s] -- Installing: /home/emine/ros2_ws/install/tutorial_interfaces/share/tutorial_interfaces/srv/AddThreeInts.idl
[2.898s] -- Installing: /home/emine/ros2_ws/install/tutorial_interfaces/share/tutorial_interfaces/msg/Num.msg
[2.898s] -- Installing: /home/emine/ros2_ws/install/tutorial_interfaces/share/tutorial_interfaces/msg/Sphere.msg
[2.898s] -- Installing: /home/emine/ros2_ws/install/tutorial_interfaces/share/tutorial_interfaces/srv/AddThreeInts.srv
[2.898s] -- Installing: /home/emine/ros2_ws/install/tutorial_interfaces/share/tutorial_interfaces/srv/AddThreeInts_Request.msg
[2.898s] -- Installing: /home/emine/ros2_ws/install/tutorial_interfaces/share/tutorial_interfaces/srv/AddThreeInts_Response.msg
[2.898s] -- Installing: /home/emine/ros2_ws/install/tutorial_interfaces/share/ament_index/resource_index/package_run_dependencies/tutorial_interfaces
[2.899s] -- Installing: /home/emine/ros2_ws/install/tutorial_interfaces/share/ament_index/resource_index/parent_prefix_path/tutorial_interfaces
[2.899s] -- Installing: /home/emine/ros2_ws/install/tutorial_interfaces/share/tutorial_interfaces/environment/ament_prefix_path.sh
[2.899s] -- Installing: /home/emine/ros2_ws/install/tutorial_interfaces/share/tutorial_interfaces/environment/ament_prefix_path.dsv
[2.899s] -- Installing: /home/emine/ros2_ws/install/tutorial_interfaces/share/tutorial_interfaces/environment/path.sh
[2.899s] -- Installing: /home/emine/ros2_ws/install/tutorial_interfaces/share/tutorial_interfaces/environment/path.dsv
[2.899s] -- Installing: /home/emine/ros2_ws/install/tutorial_interfaces/share/tutorial_interfaces/local_setup.bash
[2.899s] -- Installing: /home/emine/ros2_ws/install/tutorial_interfaces/share/tutorial_interfaces/local_setup.sh
[2.899s] -- Installing: /home/emine/ros2_ws/install/tutorial_interfaces/share/tutorial_interfaces/local_setup.zsh
[2.899s] -- Installing: /home/emine/ros2_ws/install/tutorial_interfaces/share/tutorial_interfaces/local_setup.dsv
[2.899s] -- Installing: /home/emine/ros2_ws/install/tutorial_interfaces/share/tutorial_interfaces/package.dsv
[2.899s] -- Installing: /home/emine/ros2_ws/install/tutorial_interfaces/share/ament_index/resource_index/packages/tutorial_interfaces
[2.899s] -- Installing: /home/emine/ros2_ws/install/tutorial_interfaces/share/tutorial_interfaces/cmake/tutorial_interfaces__rosidl_generator_cExport.cmake
[2.899s] -- Installing: /home/emine/ros2_ws/install/tutorial_interfaces/share/tutorial_interfaces/cmake/tutorial_interfaces__rosidl_generator_cExport-noconfig.cmake
[2.899s] -- Installing: /home/emine/ros2_ws/install/tutorial_interfaces/share/tutorial_interfaces/cmake/tutorial_interfaces__rosidl_typesupport_introspection_cExport.cmake
[2.899s] -- Installing: /home/emine/ros2_ws/install/tutorial_interfaces/share/tutorial_interfaces/cmake/tutorial_interfaces__rosidl_typesupport_introspection_cExport-noconfig.cmake
[2.900s] -- Installing: /home/emine/ros2_ws/install/tutorial_interfaces/share/tutorial_interfaces/cmake/tutorial_interfaces__rosidl_typesupport_cExport.cmake
[2.900s] -- Installing: /home/emine/ros2_ws/install/tutorial_interfaces/share/tutorial_interfaces/cmake/tutorial_interfaces__rosidl_typesupport_cExport-noconfig.cmake
[2.900s] -- Installing: /home/emine/ros2_ws/install/tutorial_interfaces/share/tutorial_interfaces/cmake/tutorial_interfaces__rosidl_generator_cppExport.cmake
[2.900s] -- Installing: /home/emine/ros2_ws/install/tutorial_interfaces/share/tutorial_interfaces/cmake/tutorial_interfaces__rosidl_typesupport_introspection_cppExport.cmake
[2.900s] -- Installing: /home/emine/ros2_ws/install/tutorial_interfaces/share/tutorial_interfaces/cmake/tutorial_interfaces__rosidl_typesupport_introspection_cppExport-noconfig.cmake
[2.900s] -- Installing: /home/emine/ros2_ws/install/tutorial_interfaces/share/tutorial_interfaces/cmake/tutorial_interfaces__rosidl_typesupport_cppExport.cmake
[2.900s] -- Installing: /home/emine/ros2_ws/install/tutorial_interfaces/share/tutorial_interfaces/cmake/tutorial_interfaces__rosidl_typesupport_cppExport-noconfig.cmake
[2.900s] -- Installing: /home/emine/ros2_ws/install/tutorial_interfaces/share/tutorial_interfaces/cmake/rosidl_cmake-extras.cmake
[2.900s] -- Installing: /home/emine/ros2_ws/install/tutorial_interfaces/share/tutorial_interfaces/cmake/ament_cmake_export_dependencies-extras.cmake
[2.900s] -- Installing: /home/emine/ros2_ws/install/tutorial_interfaces/share/tutorial_interfaces/cmake/ament_cmake_export_libraries-extras.cmake
[2.900s] -- Installing: /home/emine/ros2_ws/install/tutorial_interfaces/share/tutorial_interfaces/cmake/ament_cmake_export_targets-extras.cmake
[2.900s] -- Installing: /home/emine/ros2_ws/install/tutorial_interfaces/share/tutorial_interfaces/cmake/ament_cmake_export_include_directories-extras.cmake
[2.900s] -- Installing: /home/emine/ros2_ws/install/tutorial_interfaces/share/tutorial_interfaces/cmake/rosidl_cmake_export_typesupport_libraries-extras.cmake
[2.900s] -- Installing: /home/emine/ros2_ws/install/tutorial_interfaces/share/tutorial_interfaces/cmake/rosidl_cmake_export_typesupport_targets-extras.cmake
[2.900s] -- Installing: /home/emine/ros2_ws/install/tutorial_interfaces/share/tutorial_interfaces/cmake/tutorial_interfacesConfig.cmake
[2.900s] -- Installing: /home/emine/ros2_ws/install/tutorial_interfaces/share/tutorial_interfaces/cmake/tutorial_interfacesConfig-version.cmake
[2.901s] -- Installing: /home/emine/ros2_ws/install/tutorial_interfaces/share/tutorial_interfaces/package.xml
[2.902s] Invoked command in '/home/emine/ros2_ws/build/tutorial_interfaces' returned '0': CMAKE_PREFIX_PATH=${CMAKE_PREFIX_PATH}:/home/emine/ros2_ws/install/py_srvcli:/home/emine/ros2_ws/install/py_pubsub:/home/emine/ros2_ws/install/examples_rclpy_minimal_subscriber:/home/emine/ros2_ws/install/examples_rclpy_minimal_service:/home/emine/ros2_ws/install/examples_rclpy_minimal_publisher:/home/emine/ros2_ws/install/examples_rclpy_minimal_client:/home/emine/ros2_ws/install/examples_rclpy_minimal_action_server:/home/emine/ros2_ws/install/examples_rclpy_minimal_action_client:/home/emine/ros2_ws/install/examples_rclpy_executors:/opt/ros/foxy /usr/bin/cmake --install /home/emine/ros2_ws/build/tutorial_interfaces
