[5.079s] Invoking command in '/home/emine/ros2_ws/build/examples_rclpy_executors': PYTHONPATH=/home/emine/ros2_ws/build/examples_rclpy_executors/prefix_override:/home/emine/ros2_ws/install/examples_rclpy_executors/lib/python3.8/site-packages:${PYTHONPATH} /usr/bin/python3 setup.py develop --editable --build-directory /home/emine/ros2_ws/build/examples_rclpy_executors/build --no-deps install_data
[6.883s] running develop
[6.883s] running egg_info
[6.884s] creating examples_rclpy_executors.egg-info
[6.884s] writing examples_rclpy_executors.egg-info/PKG-INFO
[6.884s] writing dependency_links to examples_rclpy_executors.egg-info/dependency_links.txt
[6.884s] writing entry points to examples_rclpy_executors.egg-info/entry_points.txt
[6.884s] writing requirements to examples_rclpy_executors.egg-info/requires.txt
[6.891s] writing top-level names to examples_rclpy_executors.egg-info/top_level.txt
[6.892s] writing manifest file 'examples_rclpy_executors.egg-info/SOURCES.txt'
[6.892s] reading manifest file 'examples_rclpy_executors.egg-info/SOURCES.txt'
[6.892s] writing manifest file 'examples_rclpy_executors.egg-info/SOURCES.txt'
[6.893s] running build_ext
[6.893s] Creating /home/emine/ros2_ws/install/examples_rclpy_executors/lib/python3.8/site-packages/site.py
[6.893s] Creating /home/emine/ros2_ws/install/examples_rclpy_executors/lib/python3.8/site-packages/examples-rclpy-executors.egg-link (link to .)
[6.893s] Installing callback_group script to /home/emine/ros2_ws/install/examples_rclpy_executors/lib/examples_rclpy_executors
[6.893s] Installing composed script to /home/emine/ros2_ws/install/examples_rclpy_executors/lib/examples_rclpy_executors
[6.894s] Installing custom_callback_group script to /home/emine/ros2_ws/install/examples_rclpy_executors/lib/examples_rclpy_executors
[6.894s] Installing custom_executor script to /home/emine/ros2_ws/install/examples_rclpy_executors/lib/examples_rclpy_executors
[6.894s] Installing listener script to /home/emine/ros2_ws/install/examples_rclpy_executors/lib/examples_rclpy_executors
[6.895s] Installing talker script to /home/emine/ros2_ws/install/examples_rclpy_executors/lib/examples_rclpy_executors
[6.895s] 
[6.895s] Installed /home/emine/ros2_ws/build/examples_rclpy_executors
[6.895s] running install_data
[6.895s] creating /home/emine/ros2_ws/install/examples_rclpy_executors/share/ament_index
[6.895s] creating /home/emine/ros2_ws/install/examples_rclpy_executors/share/ament_index/resource_index
[6.895s] creating /home/emine/ros2_ws/install/examples_rclpy_executors/share/ament_index/resource_index/packages
[6.895s] copying resource/examples_rclpy_executors -> /home/emine/ros2_ws/install/examples_rclpy_executors/share/ament_index/resource_index/packages
[6.895s] copying package.xml -> /home/emine/ros2_ws/install/examples_rclpy_executors/share/examples_rclpy_executors
[8.056s] Invoked command in '/home/emine/ros2_ws/build/examples_rclpy_executors' returned '0': PYTHONPATH=/home/emine/ros2_ws/build/examples_rclpy_executors/prefix_override:/home/emine/ros2_ws/install/examples_rclpy_executors/lib/python3.8/site-packages:${PYTHONPATH} /usr/bin/python3 setup.py develop --editable --build-directory /home/emine/ros2_ws/build/examples_rclpy_executors/build --no-deps install_data
