[1.004s] Invoking command in '/home/emine/ros2_ws/build/examples_rclcpp_minimal_service': CMAKE_PREFIX_PATH=/opt/ros/foxy /usr/bin/cmake /home/emine/ros2_ws/src/examples/rclcpp/services/minimal_service -DCMAKE_INSTALL_PREFIX=/home/emine/ros2_ws/install/examples_rclcpp_minimal_service
[3.015s] -- Found ament_cmake: 0.9.12 (/opt/ros/foxy/share/ament_cmake/cmake)
[3.015s] -- Using PYTHON_EXECUTABLE: /usr/bin/python3
[3.015s] -- Override CMake install command with custom implementation using symlinks instead of copying resources
[3.015s] -- Found example_interfaces: 0.9.1 (/opt/ros/foxy/share/example_interfaces/cmake)
[3.015s] -- Using all available rosidl_typesupport_c: rosidl_typesupport_fastrtps_c;rosidl_typesupport_introspection_c
[3.015s] -- Found rosidl_adapter: 1.3.1 (/opt/ros/foxy/share/rosidl_adapter/cmake)
[3.015s] -- Using all available rosidl_typesupport_cpp: rosidl_typesupport_fastrtps_cpp;rosidl_typesupport_introspection_cpp
[3.015s] -- Found rclcpp: 2.4.3 (/opt/ros/foxy/share/rclcpp/cmake)
[3.015s] -- Found rmw_implementation_cmake: 1.0.4 (/opt/ros/foxy/share/rmw_implementation_cmake/cmake)
[3.015s] -- Using RMW implementation 'rmw_fastrtps_cpp' as default
[3.015s] -- Found ament_lint_auto: 0.9.8 (/opt/ros/foxy/share/ament_lint_auto/cmake)
[3.015s] -- Added test 'copyright' to check source files copyright and LICENSE
[3.015s] -- Added test 'cppcheck' to perform static code analysis on C / C++ code
[3.015s] -- Configured cppcheck include dirs: 
[3.015s] -- Configured cppcheck exclude dirs and/or files: 
[3.015s] -- Added test 'cpplint' to check C / C++ code against the Google style
[3.015s] -- Configured cpplint exclude dirs and/or files: 
[3.015s] -- Added test 'lint_cmake' to check CMake code style
[3.015s] -- Added test 'uncrustify' to check C / C++ code style
[3.015s] -- Configured uncrustify additional arguments: 
[3.015s] -- Added test 'xmllint' to check XML markup files
[3.015s] -- Configuring done
[3.016s] -- Generating done
[3.016s] -- Build files have been written to: /home/emine/ros2_ws/build/examples_rclcpp_minimal_service
[3.033s] Invoked command in '/home/emine/ros2_ws/build/examples_rclcpp_minimal_service' returned '0': CMAKE_PREFIX_PATH=/opt/ros/foxy /usr/bin/cmake /home/emine/ros2_ws/src/examples/rclcpp/services/minimal_service -DCMAKE_INSTALL_PREFIX=/home/emine/ros2_ws/install/examples_rclcpp_minimal_service
[3.035s] Invoking command in '/home/emine/ros2_ws/build/examples_rclcpp_minimal_service': CMAKE_PREFIX_PATH=/opt/ros/foxy /usr/bin/cmake --build /home/emine/ros2_ws/build/examples_rclcpp_minimal_service -- -j16 -l16
[3.130s] [100%] Built target service_main
[3.154s] Invoked command in '/home/emine/ros2_ws/build/examples_rclcpp_minimal_service' returned '0': CMAKE_PREFIX_PATH=/opt/ros/foxy /usr/bin/cmake --build /home/emine/ros2_ws/build/examples_rclcpp_minimal_service -- -j16 -l16
[3.244s] Invoking command in '/home/emine/ros2_ws/build/examples_rclcpp_minimal_service': CMAKE_PREFIX_PATH=/opt/ros/foxy /usr/bin/cmake --install /home/emine/ros2_ws/build/examples_rclcpp_minimal_service
[3.264s] -- Install configuration: ""
[3.265s] -- Execute custom install script
[3.265s] -- Up-to-date symlink: /home/emine/ros2_ws/install/examples_rclcpp_minimal_service/lib/examples_rclcpp_minimal_service/service_main
[3.265s] -- Up-to-date symlink: /home/emine/ros2_ws/install/examples_rclcpp_minimal_service/share/ament_index/resource_index/package_run_dependencies/examples_rclcpp_minimal_service
[3.266s] -- Up-to-date symlink: /home/emine/ros2_ws/install/examples_rclcpp_minimal_service/share/ament_index/resource_index/parent_prefix_path/examples_rclcpp_minimal_service
[3.266s] -- Up-to-date symlink: /home/emine/ros2_ws/install/examples_rclcpp_minimal_service/share/examples_rclcpp_minimal_service/environment/ament_prefix_path.sh
[3.266s] -- Up-to-date symlink: /home/emine/ros2_ws/install/examples_rclcpp_minimal_service/share/examples_rclcpp_minimal_service/environment/ament_prefix_path.dsv
[3.266s] -- Up-to-date symlink: /home/emine/ros2_ws/install/examples_rclcpp_minimal_service/share/examples_rclcpp_minimal_service/environment/path.sh
[3.266s] -- Up-to-date symlink: /home/emine/ros2_ws/install/examples_rclcpp_minimal_service/share/examples_rclcpp_minimal_service/environment/path.dsv
[3.266s] -- Up-to-date symlink: /home/emine/ros2_ws/install/examples_rclcpp_minimal_service/share/examples_rclcpp_minimal_service/local_setup.bash
[3.267s] -- Up-to-date symlink: /home/emine/ros2_ws/install/examples_rclcpp_minimal_service/share/examples_rclcpp_minimal_service/local_setup.sh
[3.267s] -- Up-to-date symlink: /home/emine/ros2_ws/install/examples_rclcpp_minimal_service/share/examples_rclcpp_minimal_service/local_setup.zsh
[3.268s] -- Up-to-date symlink: /home/emine/ros2_ws/install/examples_rclcpp_minimal_service/share/examples_rclcpp_minimal_service/local_setup.dsv
[3.268s] -- Symlinking: /home/emine/ros2_ws/install/examples_rclcpp_minimal_service/share/examples_rclcpp_minimal_service/package.dsv
[3.277s] -- Up-to-date symlink: /home/emine/ros2_ws/install/examples_rclcpp_minimal_service/share/ament_index/resource_index/packages/examples_rclcpp_minimal_service
[3.277s] -- Up-to-date symlink: /home/emine/ros2_ws/install/examples_rclcpp_minimal_service/share/examples_rclcpp_minimal_service/cmake/examples_rclcpp_minimal_serviceConfig.cmake
[3.277s] -- Up-to-date symlink: /home/emine/ros2_ws/install/examples_rclcpp_minimal_service/share/examples_rclcpp_minimal_service/cmake/examples_rclcpp_minimal_serviceConfig-version.cmake
[3.277s] -- Up-to-date symlink: /home/emine/ros2_ws/install/examples_rclcpp_minimal_service/share/examples_rclcpp_minimal_service/package.xml
[3.678s] Invoked command in '/home/emine/ros2_ws/build/examples_rclcpp_minimal_service' returned '0': CMAKE_PREFIX_PATH=/opt/ros/foxy /usr/bin/cmake --install /home/emine/ros2_ws/build/examples_rclcpp_minimal_service
