[0.799s] Invoking command in '/home/emine/ros2_ws/build/examples_rclcpp_multithreaded_executor': CMAKE_PREFIX_PATH=/opt/ros/foxy /usr/bin/cmake /home/emine/ros2_ws/src/examples/rclcpp/executors/multithreaded_executor -DCMAKE_INSTALL_PREFIX=/home/emine/ros2_ws/install/examples_rclcpp_multithreaded_executor
[2.796s] -- Found ament_cmake: 0.9.12 (/opt/ros/foxy/share/ament_cmake/cmake)
[2.796s] -- Using PYTHON_EXECUTABLE: /usr/bin/python3
[2.796s] -- Override CMake install command with custom implementation using symlinks instead of copying resources
[2.796s] -- Found rclcpp: 2.4.3 (/opt/ros/foxy/share/rclcpp/cmake)
[2.796s] -- Using all available rosidl_typesupport_c: rosidl_typesupport_fastrtps_c;rosidl_typesupport_introspection_c
[2.796s] -- Found rosidl_adapter: 1.3.1 (/opt/ros/foxy/share/rosidl_adapter/cmake)
[2.796s] -- Using all available rosidl_typesupport_cpp: rosidl_typesupport_fastrtps_cpp;rosidl_typesupport_introspection_cpp
[2.796s] -- Found rmw_implementation_cmake: 1.0.4 (/opt/ros/foxy/share/rmw_implementation_cmake/cmake)
[2.796s] -- Using RMW implementation 'rmw_fastrtps_cpp' as default
[2.796s] -- Found ament_lint_auto: 0.9.8 (/opt/ros/foxy/share/ament_lint_auto/cmake)
[2.796s] -- Added test 'copyright' to check source files copyright and LICENSE
[2.796s] -- Added test 'cppcheck' to perform static code analysis on C / C++ code
[2.796s] -- Configured cppcheck include dirs: 
[2.796s] -- Configured cppcheck exclude dirs and/or files: 
[2.796s] -- Added test 'cpplint' to check C / C++ code against the Google style
[2.796s] -- Configured cpplint exclude dirs and/or files: 
[2.796s] -- Added test 'lint_cmake' to check CMake code style
[2.796s] -- Added test 'uncrustify' to check C / C++ code style
[2.796s] -- Configured uncrustify additional arguments: 
[2.796s] -- Added test 'xmllint' to check XML markup files
[2.796s] -- Configuring done
[2.796s] -- Generating done
[2.797s] -- Build files have been written to: /home/emine/ros2_ws/build/examples_rclcpp_multithreaded_executor
[2.814s] Invoked command in '/home/emine/ros2_ws/build/examples_rclcpp_multithreaded_executor' returned '0': CMAKE_PREFIX_PATH=/opt/ros/foxy /usr/bin/cmake /home/emine/ros2_ws/src/examples/rclcpp/executors/multithreaded_executor -DCMAKE_INSTALL_PREFIX=/home/emine/ros2_ws/install/examples_rclcpp_multithreaded_executor
[2.816s] Invoking command in '/home/emine/ros2_ws/build/examples_rclcpp_multithreaded_executor': CMAKE_PREFIX_PATH=/opt/ros/foxy /usr/bin/cmake --build /home/emine/ros2_ws/build/examples_rclcpp_multithreaded_executor -- -j16 -l16
[2.929s] [100%] Built target multithreaded_executor
[2.952s] Invoked command in '/home/emine/ros2_ws/build/examples_rclcpp_multithreaded_executor' returned '0': CMAKE_PREFIX_PATH=/opt/ros/foxy /usr/bin/cmake --build /home/emine/ros2_ws/build/examples_rclcpp_multithreaded_executor -- -j16 -l16
[3.027s] Invoking command in '/home/emine/ros2_ws/build/examples_rclcpp_multithreaded_executor': CMAKE_PREFIX_PATH=/opt/ros/foxy /usr/bin/cmake --install /home/emine/ros2_ws/build/examples_rclcpp_multithreaded_executor
[3.044s] -- Install configuration: ""
[3.045s] -- Execute custom install script
[3.045s] -- Up-to-date symlink: /home/emine/ros2_ws/install/examples_rclcpp_multithreaded_executor/lib/examples_rclcpp_multithreaded_executor/multithreaded_executor
[3.045s] -- Up-to-date symlink: /home/emine/ros2_ws/install/examples_rclcpp_multithreaded_executor/share/ament_index/resource_index/package_run_dependencies/examples_rclcpp_multithreaded_executor
[3.045s] -- Up-to-date symlink: /home/emine/ros2_ws/install/examples_rclcpp_multithreaded_executor/share/ament_index/resource_index/parent_prefix_path/examples_rclcpp_multithreaded_executor
[3.046s] -- Up-to-date symlink: /home/emine/ros2_ws/install/examples_rclcpp_multithreaded_executor/share/examples_rclcpp_multithreaded_executor/environment/ament_prefix_path.sh
[3.046s] -- Up-to-date symlink: /home/emine/ros2_ws/install/examples_rclcpp_multithreaded_executor/share/examples_rclcpp_multithreaded_executor/environment/ament_prefix_path.dsv
[3.046s] -- Up-to-date symlink: /home/emine/ros2_ws/install/examples_rclcpp_multithreaded_executor/share/examples_rclcpp_multithreaded_executor/environment/path.sh
[3.046s] -- Up-to-date symlink: /home/emine/ros2_ws/install/examples_rclcpp_multithreaded_executor/share/examples_rclcpp_multithreaded_executor/environment/path.dsv
[3.046s] -- Up-to-date symlink: /home/emine/ros2_ws/install/examples_rclcpp_multithreaded_executor/share/examples_rclcpp_multithreaded_executor/local_setup.bash
[3.047s] -- Up-to-date symlink: /home/emine/ros2_ws/install/examples_rclcpp_multithreaded_executor/share/examples_rclcpp_multithreaded_executor/local_setup.sh
[3.047s] -- Up-to-date symlink: /home/emine/ros2_ws/install/examples_rclcpp_multithreaded_executor/share/examples_rclcpp_multithreaded_executor/local_setup.zsh
[3.048s] -- Up-to-date symlink: /home/emine/ros2_ws/install/examples_rclcpp_multithreaded_executor/share/examples_rclcpp_multithreaded_executor/local_setup.dsv
[3.049s] -- Symlinking: /home/emine/ros2_ws/install/examples_rclcpp_multithreaded_executor/share/examples_rclcpp_multithreaded_executor/package.dsv
[3.060s] -- Up-to-date symlink: /home/emine/ros2_ws/install/examples_rclcpp_multithreaded_executor/share/ament_index/resource_index/packages/examples_rclcpp_multithreaded_executor
[3.061s] -- Up-to-date symlink: /home/emine/ros2_ws/install/examples_rclcpp_multithreaded_executor/share/examples_rclcpp_multithreaded_executor/cmake/examples_rclcpp_multithreaded_executorConfig.cmake
[3.061s] -- Up-to-date symlink: /home/emine/ros2_ws/install/examples_rclcpp_multithreaded_executor/share/examples_rclcpp_multithreaded_executor/cmake/examples_rclcpp_multithreaded_executorConfig-version.cmake
[3.062s] -- Up-to-date symlink: /home/emine/ros2_ws/install/examples_rclcpp_multithreaded_executor/share/examples_rclcpp_multithreaded_executor/package.xml
[3.689s] Invoked command in '/home/emine/ros2_ws/build/examples_rclcpp_multithreaded_executor' returned '0': CMAKE_PREFIX_PATH=/opt/ros/foxy /usr/bin/cmake --install /home/emine/ros2_ws/build/examples_rclcpp_multithreaded_executor
