[0.470s] Invoking command in '/home/emine/ros2_ws/src/py_srvcli': AMENT_PREFIX_PATH=/home/emine/ros2_ws/install/tutorial_interfaces:${AMENT_PREFIX_PATH} CMAKE_PREFIX_PATH=/home/emine/ros2_ws/install/tutorial_interfaces LD_LIBRARY_PATH=/home/emine/ros2_ws/install/tutorial_interfaces/lib:${LD_LIBRARY_PATH} PYTHONPATH=/home/emine/ros2_ws/build/py_srvcli/prefix_override:/home/emine/ros2_ws/install/py_srvcli/lib/python3.8/site-packages:/home/emine/ros2_ws/install/tutorial_interfaces/lib/python3.8/site-packages:${PYTHONPATH} /usr/bin/python3 setup.py egg_info --egg-base ../../build/py_srvcli build --build-base /home/emine/ros2_ws/build/py_srvcli/build install --record /home/emine/ros2_ws/build/py_srvcli/install.log --install-scripts $base/lib/py_srvcli --single-version-externally-managed
[0.582s] running egg_info
[0.582s] writing ../../build/py_srvcli/py_srvcli.egg-info/PKG-INFO
[0.582s] writing dependency_links to ../../build/py_srvcli/py_srvcli.egg-info/dependency_links.txt
[0.582s] writing entry points to ../../build/py_srvcli/py_srvcli.egg-info/entry_points.txt
[0.582s] writing requirements to ../../build/py_srvcli/py_srvcli.egg-info/requires.txt
[0.582s] writing top-level names to ../../build/py_srvcli/py_srvcli.egg-info/top_level.txt
[0.602s] reading manifest file '../../build/py_srvcli/py_srvcli.egg-info/SOURCES.txt'
[0.602s] writing manifest file '../../build/py_srvcli/py_srvcli.egg-info/SOURCES.txt'
[0.602s] running build
[0.602s] running build_py
[0.602s] copying py_srvcli/client_member_function.py -> /home/emine/ros2_ws/build/py_srvcli/build/lib/py_srvcli
[0.602s] copying py_srvcli/service_member_function.py -> /home/emine/ros2_ws/build/py_srvcli/build/lib/py_srvcli
[0.602s] running install
[0.603s] running install_lib
[0.603s] copying /home/emine/ros2_ws/build/py_srvcli/build/lib/py_srvcli/client_member_function.py -> /home/emine/ros2_ws/install/py_srvcli/lib/python3.8/site-packages/py_srvcli
[0.603s] copying /home/emine/ros2_ws/build/py_srvcli/build/lib/py_srvcli/service_member_function.py -> /home/emine/ros2_ws/install/py_srvcli/lib/python3.8/site-packages/py_srvcli
[0.604s] byte-compiling /home/emine/ros2_ws/install/py_srvcli/lib/python3.8/site-packages/py_srvcli/client_member_function.py to client_member_function.cpython-38.pyc
[0.605s] byte-compiling /home/emine/ros2_ws/install/py_srvcli/lib/python3.8/site-packages/py_srvcli/service_member_function.py to service_member_function.cpython-38.pyc
[0.605s] running install_data
[0.605s] copying package.xml -> /home/emine/ros2_ws/install/py_srvcli/share/py_srvcli
[0.605s] running install_egg_info
[0.606s] removing '/home/emine/ros2_ws/install/py_srvcli/lib/python3.8/site-packages/py_srvcli-0.0.0-py3.8.egg-info' (and everything under it)
[0.606s] Copying ../../build/py_srvcli/py_srvcli.egg-info to /home/emine/ros2_ws/install/py_srvcli/lib/python3.8/site-packages/py_srvcli-0.0.0-py3.8.egg-info
[0.606s] running install_scripts
[0.616s] Installing client script to /home/emine/ros2_ws/install/py_srvcli/lib/py_srvcli
[0.616s] Installing service script to /home/emine/ros2_ws/install/py_srvcli/lib/py_srvcli
[0.616s] writing list of installed files to '/home/emine/ros2_ws/build/py_srvcli/install.log'
[0.626s] Invoked command in '/home/emine/ros2_ws/src/py_srvcli' returned '0': AMENT_PREFIX_PATH=/home/emine/ros2_ws/install/tutorial_interfaces:${AMENT_PREFIX_PATH} CMAKE_PREFIX_PATH=/home/emine/ros2_ws/install/tutorial_interfaces LD_LIBRARY_PATH=/home/emine/ros2_ws/install/tutorial_interfaces/lib:${LD_LIBRARY_PATH} PYTHONPATH=/home/emine/ros2_ws/build/py_srvcli/prefix_override:/home/emine/ros2_ws/install/py_srvcli/lib/python3.8/site-packages:/home/emine/ros2_ws/install/tutorial_interfaces/lib/python3.8/site-packages:${PYTHONPATH} /usr/bin/python3 setup.py egg_info --egg-base ../../build/py_srvcli build --build-base /home/emine/ros2_ws/build/py_srvcli/build install --record /home/emine/ros2_ws/build/py_srvcli/install.log --install-scripts $base/lib/py_srvcli --single-version-externally-managed
