[0.900s] Invoking command in '/home/emine/ros2_ws/build/turtlesim': CMAKE_PREFIX_PATH=/opt/ros/foxy /usr/bin/cmake /home/emine/ros2_ws/src/ros_tutorials/turtlesim -DCMAKE_INSTALL_PREFIX=/home/emine/ros2_ws/install/turtlesim
[1.008s] -- The C compiler identification is GNU 9.4.0
[1.116s] -- The CXX compiler identification is GNU 9.4.0
[1.124s] -- Check for working C compiler: /usr/bin/cc
[1.209s] -- Check for working C compiler: /usr/bin/cc -- works
[1.209s] -- Detecting C compiler ABI info
[1.279s] -- Detecting C compiler ABI info - done
[1.292s] -- Detecting C compile features
[1.293s] -- Detecting C compile features - done
[1.294s] -- Check for working CXX compiler: /usr/bin/c++
[1.372s] -- Check for working CXX compiler: /usr/bin/c++ -- works
[1.374s] -- Detecting CXX compiler ABI info
[1.447s] -- Detecting CXX compiler ABI info - done
[1.457s] -- Detecting CXX compile features
[1.457s] -- Detecting CXX compile features - done
[1.458s] -- Found ament_cmake: 0.9.12 (/opt/ros/foxy/share/ament_cmake/cmake)
[1.479s] -- Found PythonInterp: /usr/bin/python3 (found suitable version "3.8.10", minimum required is "3") 
[1.480s] -- Using PYTHON_EXECUTABLE: /usr/bin/python3
[1.621s] -- Found ament_index_cpp: 1.1.0 (/opt/ros/foxy/share/ament_index_cpp/cmake)
[1.625s] -- Found geometry_msgs: 2.0.5 (/opt/ros/foxy/share/geometry_msgs/cmake)
[1.648s] -- Using all available rosidl_typesupport_c: rosidl_typesupport_fastrtps_c;rosidl_typesupport_introspection_c
[1.653s] -- Found rosidl_adapter: 1.3.1 (/opt/ros/foxy/share/rosidl_adapter/cmake)
[1.716s] -- Found OpenSSL: /usr/lib/x86_64-linux-gnu/libcrypto.so (found version "1.1.1f")  
[1.738s] -- Found FastRTPS: /opt/ros/foxy/include  
[1.797s] -- Using all available rosidl_typesupport_cpp: rosidl_typesupport_fastrtps_cpp;rosidl_typesupport_introspection_cpp
[1.879s] -- Found rclcpp: 2.4.3 (/opt/ros/foxy/share/rclcpp/cmake)
[1.906s] -- Found rmw_implementation_cmake: 1.0.4 (/opt/ros/foxy/share/rmw_implementation_cmake/cmake)
[1.907s] -- Using RMW implementation 'rmw_fastrtps_cpp' as default
[1.907s] -- Looking for pthread.h
[1.967s] -- Looking for pthread.h - found
[1.968s] -- Performing Test CMAKE_HAVE_LIBC_PTHREAD
[2.034s] -- Performing Test CMAKE_HAVE_LIBC_PTHREAD - Failed
[2.034s] -- Looking for pthread_create in pthreads
[2.111s] -- Looking for pthread_create in pthreads - not found
[2.111s] -- Looking for pthread_create in pthread
[2.189s] -- Looking for pthread_create in pthread - found
[2.190s] -- Found Threads: TRUE  
[2.311s] -- Found rclcpp_action: 2.4.3 (/opt/ros/foxy/share/rclcpp_action/cmake)
[2.366s] -- Found rosidl_default_generators: 1.0.1 (/opt/ros/foxy/share/rosidl_default_generators/cmake)
[2.374s] -- Found std_srvs: 2.0.5 (/opt/ros/foxy/share/std_srvs/cmake)
[2.403s] -- Found PythonInterp: /usr/bin/python3 (found version "3.8.10") 
[2.556s] -- Found ament_cmake_ros: 0.9.2 (/opt/ros/foxy/share/ament_cmake_ros/cmake)
[2.664s] -- Using all available rosidl_typesupport_c: rosidl_typesupport_fastrtps_c;rosidl_typesupport_introspection_c
[2.687s] -- Using all available rosidl_typesupport_cpp: rosidl_typesupport_fastrtps_cpp;rosidl_typesupport_introspection_cpp
[2.706s] -- Found PythonInterp: /usr/bin/python3 (found suitable version "3.8.10", minimum required is "3.5") 
[2.707s] -- Found python_cmake_module: 0.8.1 (/opt/ros/foxy/share/python_cmake_module/cmake)
[2.726s] -- Found PythonLibs: /usr/lib/x86_64-linux-gnu/libpython3.8.so (found suitable version "3.8.10", minimum required is "3.5") 
[2.726s] -- Using PYTHON_EXECUTABLE: /usr/bin/python3
[2.726s] -- Using PYTHON_INCLUDE_DIRS: /usr/include/python3.8
[2.726s] -- Using PYTHON_LIBRARIES: /usr/lib/x86_64-linux-gnu/libpython3.8.so
[2.741s] -- Found PythonExtra: .so  
[2.786s] -- Configuring done
[2.840s] -- Generating done
[2.843s] -- Build files have been written to: /home/emine/ros2_ws/build/turtlesim
[2.851s] Invoked command in '/home/emine/ros2_ws/build/turtlesim' returned '0': CMAKE_PREFIX_PATH=/opt/ros/foxy /usr/bin/cmake /home/emine/ros2_ws/src/ros_tutorials/turtlesim -DCMAKE_INSTALL_PREFIX=/home/emine/ros2_ws/install/turtlesim
[2.854s] Invoking command in '/home/emine/ros2_ws/build/turtlesim': CMAKE_PREFIX_PATH=/opt/ros/foxy /usr/bin/cmake --build /home/emine/ros2_ws/build/turtlesim -- -j16 -l16
[2.888s] [35m[1mScanning dependencies of target turtlesim__cpp[0m
[2.888s] [  1%] [34m[1mGenerating C code for ROS interfaces[0m
[2.898s] [  2%] [34m[1mGenerating C++ code for ROS interfaces[0m
[3.567s] [  2%] Built target turtlesim__cpp
[3.578s] [  3%] [34m[1mGenerating C++ type support dispatch for ROS interfaces[0m
[3.578s] [  5%] [34m[1mGenerating C++ type support for eProsima Fast-RTPS[0m
[3.578s] [  5%] [34m[1mGenerating C++ introspection for ROS interfaces[0m
[3.645s] [35m[1mScanning dependencies of target turtlesim__rosidl_generator_c[0m
[3.666s] [  6%] [32mBuilding C object CMakeFiles/turtlesim__rosidl_generator_c.dir/rosidl_generator_c/turtlesim/msg/detail/pose__functions.c.o[0m
[3.666s] [  7%] [32mBuilding C object CMakeFiles/turtlesim__rosidl_generator_c.dir/rosidl_generator_c/turtlesim/srv/detail/set_pen__functions.c.o[0m
[3.668s] [  8%] [32mBuilding C object CMakeFiles/turtlesim__rosidl_generator_c.dir/rosidl_generator_c/turtlesim/msg/detail/color__functions.c.o[0m
[3.669s] [ 10%] [32mBuilding C object CMakeFiles/turtlesim__rosidl_generator_c.dir/rosidl_generator_c/turtlesim/srv/detail/kill__functions.c.o[0m
[3.669s] [ 11%] [32mBuilding C object CMakeFiles/turtlesim__rosidl_generator_c.dir/rosidl_generator_c/turtlesim/srv/detail/spawn__functions.c.o[0m
[3.670s] [ 11%] [32mBuilding C object CMakeFiles/turtlesim__rosidl_generator_c.dir/rosidl_generator_c/turtlesim/action/detail/rotate_absolute__functions.c.o[0m
[3.670s] [ 12%] [32mBuilding C object CMakeFiles/turtlesim__rosidl_generator_c.dir/rosidl_generator_c/turtlesim/srv/detail/teleport_absolute__functions.c.o[0m
[3.670s] [ 13%] [32mBuilding C object CMakeFiles/turtlesim__rosidl_generator_c.dir/rosidl_generator_c/turtlesim/srv/detail/teleport_relative__functions.c.o[0m
[3.827s] [ 14%] [32m[1mLinking C shared library libturtlesim__rosidl_generator_c.so[0m
[3.866s] [ 14%] Built target turtlesim__rosidl_generator_c
[3.876s] [ 15%] [34m[1mGenerating C type support dispatch for ROS interfaces[0m
[3.877s] [ 16%] [34m[1mGenerating C introspection for ROS interfaces[0m
[4.115s] [35m[1mScanning dependencies of target turtlesim__rosidl_typesupport_cpp[0m
[4.134s] [ 17%] [32mBuilding CXX object CMakeFiles/turtlesim__rosidl_typesupport_cpp.dir/rosidl_typesupport_cpp/turtlesim/srv/set_pen__type_support.cpp.o[0m
[4.135s] [ 18%] [32mBuilding CXX object CMakeFiles/turtlesim__rosidl_typesupport_cpp.dir/rosidl_typesupport_cpp/turtlesim/srv/teleport_relative__type_support.cpp.o[0m
[4.136s] [ 19%] [32mBuilding CXX object CMakeFiles/turtlesim__rosidl_typesupport_cpp.dir/rosidl_typesupport_cpp/turtlesim/action/rotate_absolute__type_support.cpp.o[0m
[4.136s] [ 20%] [32mBuilding CXX object CMakeFiles/turtlesim__rosidl_typesupport_cpp.dir/rosidl_typesupport_cpp/turtlesim/msg/color__type_support.cpp.o[0m
[4.137s] [ 21%] [32mBuilding CXX object CMakeFiles/turtlesim__rosidl_typesupport_cpp.dir/rosidl_typesupport_cpp/turtlesim/msg/pose__type_support.cpp.o[0m
[4.138s] [ 22%] [32mBuilding CXX object CMakeFiles/turtlesim__rosidl_typesupport_cpp.dir/rosidl_typesupport_cpp/turtlesim/srv/kill__type_support.cpp.o[0m
[4.138s] [ 23%] [32mBuilding CXX object CMakeFiles/turtlesim__rosidl_typesupport_cpp.dir/rosidl_typesupport_cpp/turtlesim/srv/spawn__type_support.cpp.o[0m
[4.138s] [ 24%] [32mBuilding CXX object CMakeFiles/turtlesim__rosidl_typesupport_cpp.dir/rosidl_typesupport_cpp/turtlesim/srv/teleport_absolute__type_support.cpp.o[0m
[4.274s] [35m[1mScanning dependencies of target turtlesim__rosidl_typesupport_introspection_cpp[0m
[4.297s] [ 27%] [32mBuilding CXX object CMakeFiles/turtlesim__rosidl_typesupport_introspection_cpp.dir/rosidl_typesupport_introspection_cpp/turtlesim/msg/detail/color__type_support.cpp.o[0m
[4.297s] [ 27%] [32mBuilding CXX object CMakeFiles/turtlesim__rosidl_typesupport_introspection_cpp.dir/rosidl_typesupport_introspection_cpp/turtlesim/action/detail/rotate_absolute__type_support.cpp.o[0m
[4.298s] [ 28%] [32mBuilding CXX object CMakeFiles/turtlesim__rosidl_typesupport_introspection_cpp.dir/rosidl_typesupport_introspection_cpp/turtlesim/srv/detail/set_pen__type_support.cpp.o[0m
[4.298s] [ 27%] [32mBuilding CXX object CMakeFiles/turtlesim__rosidl_typesupport_introspection_cpp.dir/rosidl_typesupport_introspection_cpp/turtlesim/msg/detail/pose__type_support.cpp.o[0m
[4.298s] [ 29%] [32mBuilding CXX object CMakeFiles/turtlesim__rosidl_typesupport_introspection_cpp.dir/rosidl_typesupport_introspection_cpp/turtlesim/srv/detail/kill__type_support.cpp.o[0m
[4.544s] [35m[1mScanning dependencies of target turtlesim__rosidl_typesupport_c[0m
[4.584s] [ 30%] [32mBuilding CXX object CMakeFiles/turtlesim__rosidl_typesupport_c.dir/rosidl_typesupport_c/turtlesim/action/rotate_absolute__type_support.cpp.o[0m
[4.593s] [ 31%] [32mBuilding CXX object CMakeFiles/turtlesim__rosidl_typesupport_c.dir/rosidl_typesupport_c/turtlesim/msg/color__type_support.cpp.o[0m
[4.593s] [ 32%] [32mBuilding CXX object CMakeFiles/turtlesim__rosidl_typesupport_c.dir/rosidl_typesupport_c/turtlesim/msg/pose__type_support.cpp.o[0m
[4.596s] [ 33%] [32mBuilding CXX object CMakeFiles/turtlesim__rosidl_typesupport_c.dir/rosidl_typesupport_c/turtlesim/srv/kill__type_support.cpp.o[0m
[4.614s] [ 34%] [32mBuilding CXX object CMakeFiles/turtlesim__rosidl_typesupport_c.dir/rosidl_typesupport_c/turtlesim/srv/set_pen__type_support.cpp.o[0m
[4.624s] [ 35%] [32mBuilding CXX object CMakeFiles/turtlesim__rosidl_typesupport_c.dir/rosidl_typesupport_c/turtlesim/srv/spawn__type_support.cpp.o[0m
[4.629s] [ 36%] [32mBuilding CXX object CMakeFiles/turtlesim__rosidl_typesupport_introspection_cpp.dir/rosidl_typesupport_introspection_cpp/turtlesim/srv/detail/spawn__type_support.cpp.o[0m
[4.638s] [ 37%] [32mBuilding CXX object CMakeFiles/turtlesim__rosidl_typesupport_c.dir/rosidl_typesupport_c/turtlesim/srv/teleport_relative__type_support.cpp.o[0m
[4.638s] [ 38%] [32mBuilding CXX object CMakeFiles/turtlesim__rosidl_typesupport_c.dir/rosidl_typesupport_c/turtlesim/srv/teleport_absolute__type_support.cpp.o[0m
[4.644s] [ 39%] [32mBuilding CXX object CMakeFiles/turtlesim__rosidl_typesupport_introspection_cpp.dir/rosidl_typesupport_introspection_cpp/turtlesim/srv/detail/teleport_absolute__type_support.cpp.o[0m
[4.657s] [ 40%] [32mBuilding CXX object CMakeFiles/turtlesim__rosidl_typesupport_introspection_cpp.dir/rosidl_typesupport_introspection_cpp/turtlesim/srv/detail/teleport_relative__type_support.cpp.o[0m
[4.661s] [35m[1mScanning dependencies of target turtlesim__rosidl_typesupport_fastrtps_cpp[0m
[4.683s] [ 41%] [32m[1mLinking CXX shared library libturtlesim__rosidl_typesupport_cpp.so[0m
[4.691s] [ 42%] [32m[1mLinking CXX shared library libturtlesim__rosidl_typesupport_c.so[0m
[4.708s] [ 43%] [32mBuilding CXX object CMakeFiles/turtlesim__rosidl_typesupport_fastrtps_cpp.dir/rosidl_typesupport_fastrtps_cpp/turtlesim/msg/detail/dds_fastrtps/pose__type_support.cpp.o[0m
[4.708s] [ 44%] [32mBuilding CXX object CMakeFiles/turtlesim__rosidl_typesupport_fastrtps_cpp.dir/rosidl_typesupport_fastrtps_cpp/turtlesim/action/detail/dds_fastrtps/rotate_absolute__type_support.cpp.o[0m
[4.710s] [ 45%] [32mBuilding CXX object CMakeFiles/turtlesim__rosidl_typesupport_fastrtps_cpp.dir/rosidl_typesupport_fastrtps_cpp/turtlesim/srv/detail/dds_fastrtps/kill__type_support.cpp.o[0m
[4.716s] [ 46%] [32mBuilding CXX object CMakeFiles/turtlesim__rosidl_typesupport_fastrtps_cpp.dir/rosidl_typesupport_fastrtps_cpp/turtlesim/msg/detail/dds_fastrtps/color__type_support.cpp.o[0m
[4.726s] [ 47%] [32mBuilding CXX object CMakeFiles/turtlesim__rosidl_typesupport_fastrtps_cpp.dir/rosidl_typesupport_fastrtps_cpp/turtlesim/srv/detail/dds_fastrtps/set_pen__type_support.cpp.o[0m
[4.755s] [ 47%] Built target turtlesim__rosidl_typesupport_c
[4.756s] [ 47%] Built target turtlesim__rosidl_typesupport_cpp
[4.768s] [ 49%] [32mBuilding CXX object CMakeFiles/turtlesim__rosidl_typesupport_fastrtps_cpp.dir/rosidl_typesupport_fastrtps_cpp/turtlesim/srv/detail/dds_fastrtps/teleport_absolute__type_support.cpp.o[0m
[4.769s] [ 49%] [32mBuilding CXX object CMakeFiles/turtlesim__rosidl_typesupport_fastrtps_cpp.dir/rosidl_typesupport_fastrtps_cpp/turtlesim/srv/detail/dds_fastrtps/spawn__type_support.cpp.o[0m
[4.774s] [ 50%] [32mBuilding CXX object CMakeFiles/turtlesim__rosidl_typesupport_fastrtps_cpp.dir/rosidl_typesupport_fastrtps_cpp/turtlesim/srv/detail/dds_fastrtps/teleport_relative__type_support.cpp.o[0m
[5.059s] [35m[1mScanning dependencies of target turtlesim__rosidl_typesupport_introspection_c[0m
[5.097s] [ 54%] [32mBuilding C object CMakeFiles/turtlesim__rosidl_typesupport_introspection_c.dir/rosidl_typesupport_introspection_c/turtlesim/srv/detail/kill__type_support.c.o[0m
[5.097s] [ 54%] [32mBuilding C object CMakeFiles/turtlesim__rosidl_typesupport_introspection_c.dir/rosidl_typesupport_introspection_c/turtlesim/srv/detail/set_pen__type_support.c.o[0m
[5.097s] [ 54%] [32mBuilding C object CMakeFiles/turtlesim__rosidl_typesupport_introspection_c.dir/rosidl_typesupport_introspection_c/turtlesim/action/detail/rotate_absolute__type_support.c.o[0m
[5.097s] [ 55%] [32mBuilding C object CMakeFiles/turtlesim__rosidl_typesupport_introspection_c.dir/rosidl_typesupport_introspection_c/turtlesim/msg/detail/pose__type_support.c.o[0m
[5.097s] [ 54%] [32mBuilding C object CMakeFiles/turtlesim__rosidl_typesupport_introspection_c.dir/rosidl_typesupport_introspection_c/turtlesim/msg/detail/color__type_support.c.o[0m
[5.150s] [ 56%] [32mBuilding C object CMakeFiles/turtlesim__rosidl_typesupport_introspection_c.dir/rosidl_typesupport_introspection_c/turtlesim/srv/detail/spawn__type_support.c.o[0m
[5.152s] [ 57%] [32mBuilding C object CMakeFiles/turtlesim__rosidl_typesupport_introspection_c.dir/rosidl_typesupport_introspection_c/turtlesim/srv/detail/teleport_absolute__type_support.c.o[0m
[5.153s] [ 58%] [32mBuilding C object CMakeFiles/turtlesim__rosidl_typesupport_introspection_c.dir/rosidl_typesupport_introspection_c/turtlesim/srv/detail/teleport_relative__type_support.c.o[0m
[5.196s] [ 59%] [32m[1mLinking CXX shared library libturtlesim__rosidl_typesupport_introspection_cpp.so[0m
[5.205s] [ 60%] [32m[1mLinking C shared library libturtlesim__rosidl_typesupport_introspection_c.so[0m
[5.238s] [ 60%] Built target turtlesim__rosidl_typesupport_introspection_c
[5.273s] [ 60%] Built target turtlesim__rosidl_typesupport_introspection_cpp
[5.434s] [ 61%] [32m[1mLinking CXX shared library libturtlesim__rosidl_typesupport_fastrtps_cpp.so[0m
[5.502s] [ 61%] Built target turtlesim__rosidl_typesupport_fastrtps_cpp
[5.510s] [ 62%] [34m[1mGenerating C type support for eProsima Fast-RTPS[0m
[5.964s] [35m[1mScanning dependencies of target turtlesim__rosidl_typesupport_fastrtps_c[0m
[5.997s] [ 64%] [32mBuilding CXX object CMakeFiles/turtlesim__rosidl_typesupport_fastrtps_c.dir/rosidl_typesupport_fastrtps_c/turtlesim/srv/detail/kill__type_support_c.cpp.o[0m
[5.997s] [ 64%] [32mBuilding CXX object CMakeFiles/turtlesim__rosidl_typesupport_fastrtps_c.dir/rosidl_typesupport_fastrtps_c/turtlesim/msg/detail/pose__type_support_c.cpp.o[0m
[5.997s] [ 65%] [32mBuilding CXX object CMakeFiles/turtlesim__rosidl_typesupport_fastrtps_c.dir/rosidl_typesupport_fastrtps_c/turtlesim/srv/detail/set_pen__type_support_c.cpp.o[0m
[5.997s] [ 66%] [32mBuilding CXX object CMakeFiles/turtlesim__rosidl_typesupport_fastrtps_c.dir/rosidl_typesupport_fastrtps_c/turtlesim/msg/detail/color__type_support_c.cpp.o[0m
[5.997s] [ 67%] [32mBuilding CXX object CMakeFiles/turtlesim__rosidl_typesupport_fastrtps_c.dir/rosidl_typesupport_fastrtps_c/turtlesim/srv/detail/teleport_relative__type_support_c.cpp.o[0m
[5.997s] [ 68%] [32mBuilding CXX object CMakeFiles/turtlesim__rosidl_typesupport_fastrtps_c.dir/rosidl_typesupport_fastrtps_c/turtlesim/srv/detail/teleport_absolute__type_support_c.cpp.o[0m
[5.998s] [ 69%] [32mBuilding CXX object CMakeFiles/turtlesim__rosidl_typesupport_fastrtps_c.dir/rosidl_typesupport_fastrtps_c/turtlesim/action/detail/rotate_absolute__type_support_c.cpp.o[0m
[6.000s] [ 70%] [32mBuilding CXX object CMakeFiles/turtlesim__rosidl_typesupport_fastrtps_c.dir/rosidl_typesupport_fastrtps_c/turtlesim/srv/detail/spawn__type_support_c.cpp.o[0m
[6.401s] [ 71%] [32m[1mLinking CXX shared library libturtlesim__rosidl_typesupport_fastrtps_c.so[0m
[6.477s] [ 71%] Built target turtlesim__rosidl_typesupport_fastrtps_c
[6.484s] [35m[1mScanning dependencies of target turtlesim[0m
[6.493s] [ 71%] Built target turtlesim
[6.503s] [ 72%] [34m[1mGenerating include/turtlesim/moc_turtle_frame.cpp[0m
[6.503s] [35m[1mScanning dependencies of target mimic[0m
[6.503s] [35m[1mScanning dependencies of target draw_square[0m
[6.504s] [35m[1mScanning dependencies of target turtlesim__py[0m
[6.504s] [35m[1mScanning dependencies of target turtle_teleop_key[0m
[6.513s] [ 73%] [34m[1mGenerating Python code for ROS interfaces[0m
[6.568s] [ 75%] [32mBuilding CXX object CMakeFiles/draw_square.dir/tutorials/draw_square.cpp.o[0m
[6.568s] [ 74%] [32mBuilding CXX object CMakeFiles/mimic.dir/tutorials/mimic.cpp.o[0m
[6.568s] [ 76%] [32mBuilding CXX object CMakeFiles/turtle_teleop_key.dir/tutorials/teleop_turtle_key.cpp.o[0m
[6.568s] [35m[1mScanning dependencies of target turtlesim_node[0m
[6.643s] [ 77%] [32mBuilding CXX object CMakeFiles/turtlesim_node.dir/src/turtlesim.cpp.o[0m
[6.643s] [ 78%] [32mBuilding CXX object CMakeFiles/turtlesim_node.dir/src/turtle.cpp.o[0m
[6.644s] [ 79%] [32mBuilding CXX object CMakeFiles/turtlesim_node.dir/src/turtle_frame.cpp.o[0m
[6.644s] [ 80%] [32mBuilding CXX object CMakeFiles/turtlesim_node.dir/include/turtlesim/moc_turtle_frame.cpp.o[0m
[8.508s] [ 80%] Built target turtlesim__py
[8.518s] [35m[1mScanning dependencies of target turtlesim__python[0m
[8.570s] [ 83%] [32mBuilding C object CMakeFiles/turtlesim__python.dir/rosidl_generator_py/turtlesim/action/_rotate_absolute_s.c.o[0m
[8.570s] [ 83%] [32mBuilding C object CMakeFiles/turtlesim__python.dir/rosidl_generator_py/turtlesim/msg/_color_s.c.o[0m
[8.570s] [ 83%] [32mBuilding C object CMakeFiles/turtlesim__python.dir/rosidl_generator_py/turtlesim/msg/_pose_s.c.o[0m
[8.570s] [ 85%] [32mBuilding C object CMakeFiles/turtlesim__python.dir/rosidl_generator_py/turtlesim/srv/_set_pen_s.c.o[0m
[8.571s] [ 86%] [32mBuilding C object CMakeFiles/turtlesim__python.dir/rosidl_generator_py/turtlesim/srv/_kill_s.c.o[0m
[8.571s] [ 86%] [32mBuilding C object CMakeFiles/turtlesim__python.dir/rosidl_generator_py/turtlesim/srv/_teleport_absolute_s.c.o[0m
[8.571s] [ 87%] [32mBuilding C object CMakeFiles/turtlesim__python.dir/rosidl_generator_py/turtlesim/srv/_teleport_relative_s.c.o[0m
[8.572s] [ 88%] [32mBuilding C object CMakeFiles/turtlesim__python.dir/rosidl_generator_py/turtlesim/srv/_spawn_s.c.o[0m
[8.776s] [ 89%] [32m[1mLinking C shared library rosidl_generator_py/turtlesim/libturtlesim__python.so[0m
[8.822s] [ 89%] Built target turtlesim__python
[8.833s] [35m[1mScanning dependencies of target turtlesim__rosidl_typesupport_introspection_c__pyext[0m
[8.838s] [35m[1mScanning dependencies of target turtlesim__rosidl_typesupport_fastrtps_c__pyext[0m
[8.838s] [35m[1mScanning dependencies of target turtlesim__rosidl_typesupport_c__pyext[0m
[8.857s] [ 90%] [32mBuilding C object CMakeFiles/turtlesim__rosidl_typesupport_introspection_c__pyext.dir/rosidl_generator_py/turtlesim/_turtlesim_s.ep.rosidl_typesupport_introspection_c.c.o[0m
[8.869s] [ 91%] [32mBuilding C object CMakeFiles/turtlesim__rosidl_typesupport_c__pyext.dir/rosidl_generator_py/turtlesim/_turtlesim_s.ep.rosidl_typesupport_c.c.o[0m
[8.872s] [ 92%] [32mBuilding C object CMakeFiles/turtlesim__rosidl_typesupport_fastrtps_c__pyext.dir/rosidl_generator_py/turtlesim/_turtlesim_s.ep.rosidl_typesupport_fastrtps_c.c.o[0m
[9.120s] [ 93%] [32m[1mLinking CXX shared library rosidl_generator_py/turtlesim/turtlesim_s__rosidl_typesupport_fastrtps_c.cpython-38-x86_64-linux-gnu.so[0m
[9.122s] [ 94%] [32m[1mLinking C shared library rosidl_generator_py/turtlesim/turtlesim_s__rosidl_typesupport_c.cpython-38-x86_64-linux-gnu.so[0m
[9.126s] [ 95%] [32m[1mLinking C shared library rosidl_generator_py/turtlesim/turtlesim_s__rosidl_typesupport_introspection_c.cpython-38-x86_64-linux-gnu.so[0m
[9.169s] [ 95%] Built target turtlesim__rosidl_typesupport_introspection_c__pyext
[9.177s] [ 95%] Built target turtlesim__rosidl_typesupport_c__pyext
[9.230s] [ 95%] Built target turtlesim__rosidl_typesupport_fastrtps_c__pyext
[10.949s] [ 96%] [32m[1mLinking CXX executable turtle_teleop_key[0m
[11.169s] [ 96%] Built target turtle_teleop_key
[11.688s] [ 97%] [32m[1mLinking CXX executable mimic[0m
[11.900s] [ 97%] Built target mimic
[12.511s] [ 98%] [32m[1mLinking CXX executable draw_square[0m
[12.731s] [ 98%] Built target draw_square
[13.948s] [100%] [32m[1mLinking CXX executable turtlesim_node[0m
[14.720s] [100%] Built target turtlesim_node
[14.732s] Invoked command in '/home/emine/ros2_ws/build/turtlesim' returned '0': CMAKE_PREFIX_PATH=/opt/ros/foxy /usr/bin/cmake --build /home/emine/ros2_ws/build/turtlesim -- -j16 -l16
[14.851s] Invoking command in '/home/emine/ros2_ws/build/turtlesim': CMAKE_PREFIX_PATH=/opt/ros/foxy /usr/bin/cmake --install /home/emine/ros2_ws/build/turtlesim
[14.858s] -- Install configuration: ""
[14.858s] -- Installing: /home/emine/ros2_ws/install/turtlesim/share/ament_index/resource_index/rosidl_interfaces/turtlesim
[14.858s] -- Installing: /home/emine/ros2_ws/install/turtlesim/include/turtlesim
[14.858s] -- Installing: /home/emine/ros2_ws/install/turtlesim/include/turtlesim/msg
[14.858s] -- Installing: /home/emine/ros2_ws/install/turtlesim/include/turtlesim/msg/detail
[14.858s] -- Installing: /home/emine/ros2_ws/install/turtlesim/include/turtlesim/msg/detail/color__functions.h
[14.858s] -- Installing: /home/emine/ros2_ws/install/turtlesim/include/turtlesim/msg/detail/pose__functions.h
[14.858s] -- Installing: /home/emine/ros2_ws/install/turtlesim/include/turtlesim/msg/detail/pose__functions.c
[14.858s] -- Installing: /home/emine/ros2_ws/install/turtlesim/include/turtlesim/msg/detail/color__functions.c
[14.859s] -- Installing: /home/emine/ros2_ws/install/turtlesim/include/turtlesim/msg/detail/color__type_support.h
[14.859s] -- Installing: /home/emine/ros2_ws/install/turtlesim/include/turtlesim/msg/detail/pose__struct.h
[14.859s] -- Installing: /home/emine/ros2_ws/install/turtlesim/include/turtlesim/msg/detail/pose__type_support.h
[14.859s] -- Installing: /home/emine/ros2_ws/install/turtlesim/include/turtlesim/msg/detail/color__struct.h
[14.859s] -- Installing: /home/emine/ros2_ws/install/turtlesim/include/turtlesim/msg/pose.h
[14.859s] -- Installing: /home/emine/ros2_ws/install/turtlesim/include/turtlesim/msg/rosidl_generator_c__visibility_control.h
[14.859s] -- Installing: /home/emine/ros2_ws/install/turtlesim/include/turtlesim/msg/color.h
[14.859s] -- Installing: /home/emine/ros2_ws/install/turtlesim/include/turtlesim/srv
[14.859s] -- Installing: /home/emine/ros2_ws/install/turtlesim/include/turtlesim/srv/set_pen.h
[14.859s] -- Installing: /home/emine/ros2_ws/install/turtlesim/include/turtlesim/srv/detail
[14.859s] -- Installing: /home/emine/ros2_ws/install/turtlesim/include/turtlesim/srv/detail/teleport_absolute__functions.h
[14.859s] -- Installing: /home/emine/ros2_ws/install/turtlesim/include/turtlesim/srv/detail/teleport_absolute__functions.c
[14.859s] -- Installing: /home/emine/ros2_ws/install/turtlesim/include/turtlesim/srv/detail/spawn__struct.h
[14.859s] -- Installing: /home/emine/ros2_ws/install/turtlesim/include/turtlesim/srv/detail/teleport_relative__functions.c
[14.859s] -- Installing: /home/emine/ros2_ws/install/turtlesim/include/turtlesim/srv/detail/spawn__functions.c
[14.859s] -- Installing: /home/emine/ros2_ws/install/turtlesim/include/turtlesim/srv/detail/teleport_relative__functions.h
[14.860s] -- Installing: /home/emine/ros2_ws/install/turtlesim/include/turtlesim/srv/detail/set_pen__type_support.h
[14.860s] -- Installing: /home/emine/ros2_ws/install/turtlesim/include/turtlesim/srv/detail/set_pen__functions.c
[14.860s] -- Installing: /home/emine/ros2_ws/install/turtlesim/include/turtlesim/srv/detail/spawn__type_support.h
[14.860s] -- Installing: /home/emine/ros2_ws/install/turtlesim/include/turtlesim/srv/detail/spawn__functions.h
[14.860s] -- Installing: /home/emine/ros2_ws/install/turtlesim/include/turtlesim/srv/detail/kill__functions.h
[14.860s] -- Installing: /home/emine/ros2_ws/install/turtlesim/include/turtlesim/srv/detail/kill__struct.h
[14.860s] -- Installing: /home/emine/ros2_ws/install/turtlesim/include/turtlesim/srv/detail/teleport_absolute__struct.h
[14.860s] -- Installing: /home/emine/ros2_ws/install/turtlesim/include/turtlesim/srv/detail/set_pen__functions.h
[14.860s] -- Installing: /home/emine/ros2_ws/install/turtlesim/include/turtlesim/srv/detail/kill__functions.c
[14.860s] -- Installing: /home/emine/ros2_ws/install/turtlesim/include/turtlesim/srv/detail/set_pen__struct.h
[14.860s] -- Installing: /home/emine/ros2_ws/install/turtlesim/include/turtlesim/srv/detail/teleport_relative__type_support.h
[14.860s] -- Installing: /home/emine/ros2_ws/install/turtlesim/include/turtlesim/srv/detail/kill__type_support.h
[14.860s] -- Installing: /home/emine/ros2_ws/install/turtlesim/include/turtlesim/srv/detail/teleport_absolute__type_support.h
[14.860s] -- Installing: /home/emine/ros2_ws/install/turtlesim/include/turtlesim/srv/detail/teleport_relative__struct.h
[14.860s] -- Installing: /home/emine/ros2_ws/install/turtlesim/include/turtlesim/srv/spawn.h
[14.861s] -- Installing: /home/emine/ros2_ws/install/turtlesim/include/turtlesim/srv/teleport_relative.h
[14.861s] -- Installing: /home/emine/ros2_ws/install/turtlesim/include/turtlesim/srv/teleport_absolute.h
[14.861s] -- Installing: /home/emine/ros2_ws/install/turtlesim/include/turtlesim/srv/kill.h
[14.861s] -- Installing: /home/emine/ros2_ws/install/turtlesim/include/turtlesim/action
[14.861s] -- Installing: /home/emine/ros2_ws/install/turtlesim/include/turtlesim/action/detail
[14.861s] -- Installing: /home/emine/ros2_ws/install/turtlesim/include/turtlesim/action/detail/rotate_absolute__struct.h
[14.861s] -- Installing: /home/emine/ros2_ws/install/turtlesim/include/turtlesim/action/detail/rotate_absolute__functions.h
[14.861s] -- Installing: /home/emine/ros2_ws/install/turtlesim/include/turtlesim/action/detail/rotate_absolute__type_support.h
[14.861s] -- Installing: /home/emine/ros2_ws/install/turtlesim/include/turtlesim/action/detail/rotate_absolute__functions.c
[14.861s] -- Installing: /home/emine/ros2_ws/install/turtlesim/include/turtlesim/action/rotate_absolute.h
[14.861s] -- Installing: /home/emine/ros2_ws/install/turtlesim/share/turtlesim/environment/library_path.sh
[14.861s] -- Installing: /home/emine/ros2_ws/install/turtlesim/share/turtlesim/environment/library_path.dsv
[14.861s] -- Installing: /home/emine/ros2_ws/install/turtlesim/lib/libturtlesim__rosidl_generator_c.so
[14.861s] -- Set runtime path of "/home/emine/ros2_ws/install/turtlesim/lib/libturtlesim__rosidl_generator_c.so" to ""
[14.861s] -- Up-to-date: /home/emine/ros2_ws/install/turtlesim/include/turtlesim
[14.861s] -- Up-to-date: /home/emine/ros2_ws/install/turtlesim/include/turtlesim/msg
[14.861s] -- Up-to-date: /home/emine/ros2_ws/install/turtlesim/include/turtlesim/msg/detail
[14.861s] -- Installing: /home/emine/ros2_ws/install/turtlesim/include/turtlesim/msg/detail/color__rosidl_typesupport_fastrtps_c.h
[14.862s] -- Installing: /home/emine/ros2_ws/install/turtlesim/include/turtlesim/msg/detail/pose__rosidl_typesupport_fastrtps_c.h
[14.862s] -- Installing: /home/emine/ros2_ws/install/turtlesim/include/turtlesim/msg/rosidl_typesupport_fastrtps_c__visibility_control.h
[14.862s] -- Up-to-date: /home/emine/ros2_ws/install/turtlesim/include/turtlesim/srv
[14.862s] -- Up-to-date: /home/emine/ros2_ws/install/turtlesim/include/turtlesim/srv/detail
[14.862s] -- Installing: /home/emine/ros2_ws/install/turtlesim/include/turtlesim/srv/detail/spawn__rosidl_typesupport_fastrtps_c.h
[14.862s] -- Installing: /home/emine/ros2_ws/install/turtlesim/include/turtlesim/srv/detail/teleport_absolute__rosidl_typesupport_fastrtps_c.h
[14.862s] -- Installing: /home/emine/ros2_ws/install/turtlesim/include/turtlesim/srv/detail/kill__rosidl_typesupport_fastrtps_c.h
[14.862s] -- Installing: /home/emine/ros2_ws/install/turtlesim/include/turtlesim/srv/detail/teleport_relative__rosidl_typesupport_fastrtps_c.h
[14.862s] -- Installing: /home/emine/ros2_ws/install/turtlesim/include/turtlesim/srv/detail/set_pen__rosidl_typesupport_fastrtps_c.h
[14.862s] -- Up-to-date: /home/emine/ros2_ws/install/turtlesim/include/turtlesim/action
[14.862s] -- Up-to-date: /home/emine/ros2_ws/install/turtlesim/include/turtlesim/action/detail
[14.862s] -- Installing: /home/emine/ros2_ws/install/turtlesim/include/turtlesim/action/detail/rotate_absolute__rosidl_typesupport_fastrtps_c.h
[14.862s] -- Installing: /home/emine/ros2_ws/install/turtlesim/lib/libturtlesim__rosidl_typesupport_fastrtps_c.so
[14.862s] -- Set runtime path of "/home/emine/ros2_ws/install/turtlesim/lib/libturtlesim__rosidl_typesupport_fastrtps_c.so" to ""
[14.862s] -- Up-to-date: /home/emine/ros2_ws/install/turtlesim/include/turtlesim
[14.862s] -- Up-to-date: /home/emine/ros2_ws/install/turtlesim/include/turtlesim/msg
[14.862s] -- Installing: /home/emine/ros2_ws/install/turtlesim/include/turtlesim/msg/rosidl_typesupport_fastrtps_cpp__visibility_control.h
[14.862s] -- Up-to-date: /home/emine/ros2_ws/install/turtlesim/include/turtlesim/msg/detail
[14.863s] -- Installing: /home/emine/ros2_ws/install/turtlesim/include/turtlesim/msg/detail/dds_fastrtps
[14.863s] -- Installing: /home/emine/ros2_ws/install/turtlesim/include/turtlesim/msg/detail/color__rosidl_typesupport_fastrtps_cpp.hpp
[14.863s] -- Installing: /home/emine/ros2_ws/install/turtlesim/include/turtlesim/msg/detail/pose__rosidl_typesupport_fastrtps_cpp.hpp
[14.863s] -- Up-to-date: /home/emine/ros2_ws/install/turtlesim/include/turtlesim/srv
[14.863s] -- Up-to-date: /home/emine/ros2_ws/install/turtlesim/include/turtlesim/srv/detail
[14.863s] -- Installing: /home/emine/ros2_ws/install/turtlesim/include/turtlesim/srv/detail/dds_fastrtps
[14.863s] -- Installing: /home/emine/ros2_ws/install/turtlesim/include/turtlesim/srv/detail/spawn__rosidl_typesupport_fastrtps_cpp.hpp
[14.863s] -- Installing: /home/emine/ros2_ws/install/turtlesim/include/turtlesim/srv/detail/set_pen__rosidl_typesupport_fastrtps_cpp.hpp
[14.863s] -- Installing: /home/emine/ros2_ws/install/turtlesim/include/turtlesim/srv/detail/teleport_relative__rosidl_typesupport_fastrtps_cpp.hpp
[14.863s] -- Installing: /home/emine/ros2_ws/install/turtlesim/include/turtlesim/srv/detail/kill__rosidl_typesupport_fastrtps_cpp.hpp
[14.863s] -- Installing: /home/emine/ros2_ws/install/turtlesim/include/turtlesim/srv/detail/teleport_absolute__rosidl_typesupport_fastrtps_cpp.hpp
[14.863s] -- Up-to-date: /home/emine/ros2_ws/install/turtlesim/include/turtlesim/action
[14.863s] -- Up-to-date: /home/emine/ros2_ws/install/turtlesim/include/turtlesim/action/detail
[14.863s] -- Installing: /home/emine/ros2_ws/install/turtlesim/include/turtlesim/action/detail/rotate_absolute__rosidl_typesupport_fastrtps_cpp.hpp
[14.863s] -- Installing: /home/emine/ros2_ws/install/turtlesim/include/turtlesim/action/detail/dds_fastrtps
[14.863s] -- Installing: /home/emine/ros2_ws/install/turtlesim/lib/libturtlesim__rosidl_typesupport_fastrtps_cpp.so
[14.863s] -- Set runtime path of "/home/emine/ros2_ws/install/turtlesim/lib/libturtlesim__rosidl_typesupport_fastrtps_cpp.so" to ""
[14.863s] -- Up-to-date: /home/emine/ros2_ws/install/turtlesim/include/turtlesim
[14.863s] -- Up-to-date: /home/emine/ros2_ws/install/turtlesim/include/turtlesim/msg
[14.864s] -- Up-to-date: /home/emine/ros2_ws/install/turtlesim/include/turtlesim/msg/detail
[14.864s] -- Installing: /home/emine/ros2_ws/install/turtlesim/include/turtlesim/msg/detail/pose__rosidl_typesupport_introspection_c.h
[14.864s] -- Installing: /home/emine/ros2_ws/install/turtlesim/include/turtlesim/msg/detail/color__rosidl_typesupport_introspection_c.h
[14.864s] -- Installing: /home/emine/ros2_ws/install/turtlesim/include/turtlesim/msg/detail/pose__type_support.c
[14.864s] -- Installing: /home/emine/ros2_ws/install/turtlesim/include/turtlesim/msg/detail/color__type_support.c
[14.864s] -- Installing: /home/emine/ros2_ws/install/turtlesim/include/turtlesim/msg/rosidl_typesupport_introspection_c__visibility_control.h
[14.864s] -- Up-to-date: /home/emine/ros2_ws/install/turtlesim/include/turtlesim/srv
[14.864s] -- Up-to-date: /home/emine/ros2_ws/install/turtlesim/include/turtlesim/srv/detail
[14.864s] -- Installing: /home/emine/ros2_ws/install/turtlesim/include/turtlesim/srv/detail/set_pen__rosidl_typesupport_introspection_c.h
[14.864s] -- Installing: /home/emine/ros2_ws/install/turtlesim/include/turtlesim/srv/detail/spawn__rosidl_typesupport_introspection_c.h
[14.864s] -- Installing: /home/emine/ros2_ws/install/turtlesim/include/turtlesim/srv/detail/teleport_absolute__type_support.c
[14.864s] -- Installing: /home/emine/ros2_ws/install/turtlesim/include/turtlesim/srv/detail/kill__type_support.c
[14.864s] -- Installing: /home/emine/ros2_ws/install/turtlesim/include/turtlesim/srv/detail/teleport_relative__rosidl_typesupport_introspection_c.h
[14.864s] -- Installing: /home/emine/ros2_ws/install/turtlesim/include/turtlesim/srv/detail/spawn__type_support.c
[14.864s] -- Installing: /home/emine/ros2_ws/install/turtlesim/include/turtlesim/srv/detail/teleport_relative__type_support.c
[14.864s] -- Installing: /home/emine/ros2_ws/install/turtlesim/include/turtlesim/srv/detail/set_pen__type_support.c
[14.864s] -- Installing: /home/emine/ros2_ws/install/turtlesim/include/turtlesim/srv/detail/teleport_absolute__rosidl_typesupport_introspection_c.h
[14.864s] -- Installing: /home/emine/ros2_ws/install/turtlesim/include/turtlesim/srv/detail/kill__rosidl_typesupport_introspection_c.h
[14.865s] -- Up-to-date: /home/emine/ros2_ws/install/turtlesim/include/turtlesim/action
[14.865s] -- Up-to-date: /home/emine/ros2_ws/install/turtlesim/include/turtlesim/action/detail
[14.865s] -- Installing: /home/emine/ros2_ws/install/turtlesim/include/turtlesim/action/detail/rotate_absolute__rosidl_typesupport_introspection_c.h
[14.865s] -- Installing: /home/emine/ros2_ws/install/turtlesim/include/turtlesim/action/detail/rotate_absolute__type_support.c
[14.865s] -- Installing: /home/emine/ros2_ws/install/turtlesim/lib/libturtlesim__rosidl_typesupport_introspection_c.so
[14.865s] -- Set runtime path of "/home/emine/ros2_ws/install/turtlesim/lib/libturtlesim__rosidl_typesupport_introspection_c.so" to ""
[14.865s] -- Installing: /home/emine/ros2_ws/install/turtlesim/lib/libturtlesim__rosidl_typesupport_c.so
[14.865s] -- Set runtime path of "/home/emine/ros2_ws/install/turtlesim/lib/libturtlesim__rosidl_typesupport_c.so" to ""
[14.865s] -- Up-to-date: /home/emine/ros2_ws/install/turtlesim/include/turtlesim
[14.865s] -- Up-to-date: /home/emine/ros2_ws/install/turtlesim/include/turtlesim/msg
[14.865s] -- Up-to-date: /home/emine/ros2_ws/install/turtlesim/include/turtlesim/msg/detail
[14.865s] -- Installing: /home/emine/ros2_ws/install/turtlesim/include/turtlesim/msg/detail/pose__traits.hpp
[14.865s] -- Installing: /home/emine/ros2_ws/install/turtlesim/include/turtlesim/msg/detail/pose__type_support.hpp
[14.865s] -- Installing: /home/emine/ros2_ws/install/turtlesim/include/turtlesim/msg/detail/color__struct.hpp
[14.865s] -- Installing: /home/emine/ros2_ws/install/turtlesim/include/turtlesim/msg/detail/pose__builder.hpp
[14.865s] -- Installing: /home/emine/ros2_ws/install/turtlesim/include/turtlesim/msg/detail/color__builder.hpp
[14.865s] -- Installing: /home/emine/ros2_ws/install/turtlesim/include/turtlesim/msg/detail/color__type_support.hpp
[14.865s] -- Installing: /home/emine/ros2_ws/install/turtlesim/include/turtlesim/msg/detail/color__traits.hpp
[14.865s] -- Installing: /home/emine/ros2_ws/install/turtlesim/include/turtlesim/msg/detail/pose__struct.hpp
[14.866s] -- Installing: /home/emine/ros2_ws/install/turtlesim/include/turtlesim/msg/color.hpp
[14.866s] -- Installing: /home/emine/ros2_ws/install/turtlesim/include/turtlesim/msg/rosidl_generator_cpp__visibility_control.hpp
[14.866s] -- Installing: /home/emine/ros2_ws/install/turtlesim/include/turtlesim/msg/pose.hpp
[14.866s] -- Up-to-date: /home/emine/ros2_ws/install/turtlesim/include/turtlesim/srv
[14.866s] -- Up-to-date: /home/emine/ros2_ws/install/turtlesim/include/turtlesim/srv/detail
[14.866s] -- Installing: /home/emine/ros2_ws/install/turtlesim/include/turtlesim/srv/detail/kill__struct.hpp
[14.866s] -- Installing: /home/emine/ros2_ws/install/turtlesim/include/turtlesim/srv/detail/kill__type_support.hpp
[14.866s] -- Installing: /home/emine/ros2_ws/install/turtlesim/include/turtlesim/srv/detail/set_pen__traits.hpp
[14.866s] -- Installing: /home/emine/ros2_ws/install/turtlesim/include/turtlesim/srv/detail/teleport_relative__builder.hpp
[14.866s] -- Installing: /home/emine/ros2_ws/install/turtlesim/include/turtlesim/srv/detail/kill__builder.hpp
[14.866s] -- Installing: /home/emine/ros2_ws/install/turtlesim/include/turtlesim/srv/detail/spawn__struct.hpp
[14.866s] -- Installing: /home/emine/ros2_ws/install/turtlesim/include/turtlesim/srv/detail/spawn__traits.hpp
[14.866s] -- Installing: /home/emine/ros2_ws/install/turtlesim/include/turtlesim/srv/detail/teleport_absolute__traits.hpp
[14.866s] -- Installing: /home/emine/ros2_ws/install/turtlesim/include/turtlesim/srv/detail/teleport_absolute__builder.hpp
[14.866s] -- Installing: /home/emine/ros2_ws/install/turtlesim/include/turtlesim/srv/detail/teleport_relative__struct.hpp
[14.866s] -- Installing: /home/emine/ros2_ws/install/turtlesim/include/turtlesim/srv/detail/teleport_absolute__type_support.hpp
[14.866s] -- Installing: /home/emine/ros2_ws/install/turtlesim/include/turtlesim/srv/detail/teleport_absolute__struct.hpp
[14.867s] -- Installing: /home/emine/ros2_ws/install/turtlesim/include/turtlesim/srv/detail/spawn__builder.hpp
[14.867s] -- Installing: /home/emine/ros2_ws/install/turtlesim/include/turtlesim/srv/detail/teleport_relative__traits.hpp
[14.867s] -- Installing: /home/emine/ros2_ws/install/turtlesim/include/turtlesim/srv/detail/set_pen__struct.hpp
[14.867s] -- Installing: /home/emine/ros2_ws/install/turtlesim/include/turtlesim/srv/detail/set_pen__builder.hpp
[14.867s] -- Installing: /home/emine/ros2_ws/install/turtlesim/include/turtlesim/srv/detail/teleport_relative__type_support.hpp
[14.867s] -- Installing: /home/emine/ros2_ws/install/turtlesim/include/turtlesim/srv/detail/set_pen__type_support.hpp
[14.867s] -- Installing: /home/emine/ros2_ws/install/turtlesim/include/turtlesim/srv/detail/spawn__type_support.hpp
[14.867s] -- Installing: /home/emine/ros2_ws/install/turtlesim/include/turtlesim/srv/detail/kill__traits.hpp
[14.867s] -- Installing: /home/emine/ros2_ws/install/turtlesim/include/turtlesim/srv/teleport_absolute.hpp
[14.867s] -- Installing: /home/emine/ros2_ws/install/turtlesim/include/turtlesim/srv/kill.hpp
[14.867s] -- Installing: /home/emine/ros2_ws/install/turtlesim/include/turtlesim/srv/spawn.hpp
[14.867s] -- Installing: /home/emine/ros2_ws/install/turtlesim/include/turtlesim/srv/teleport_relative.hpp
[14.867s] -- Installing: /home/emine/ros2_ws/install/turtlesim/include/turtlesim/srv/set_pen.hpp
[14.867s] -- Up-to-date: /home/emine/ros2_ws/install/turtlesim/include/turtlesim/action
[14.867s] -- Up-to-date: /home/emine/ros2_ws/install/turtlesim/include/turtlesim/action/detail
[14.867s] -- Installing: /home/emine/ros2_ws/install/turtlesim/include/turtlesim/action/detail/rotate_absolute__builder.hpp
[14.867s] -- Installing: /home/emine/ros2_ws/install/turtlesim/include/turtlesim/action/detail/rotate_absolute__traits.hpp
[14.867s] -- Installing: /home/emine/ros2_ws/install/turtlesim/include/turtlesim/action/detail/rotate_absolute__type_support.hpp
[14.868s] -- Installing: /home/emine/ros2_ws/install/turtlesim/include/turtlesim/action/detail/rotate_absolute__struct.hpp
[14.868s] -- Installing: /home/emine/ros2_ws/install/turtlesim/include/turtlesim/action/rotate_absolute.hpp
[14.868s] -- Up-to-date: /home/emine/ros2_ws/install/turtlesim/include/turtlesim
[14.868s] -- Up-to-date: /home/emine/ros2_ws/install/turtlesim/include/turtlesim/msg
[14.868s] -- Up-to-date: /home/emine/ros2_ws/install/turtlesim/include/turtlesim/msg/detail
[14.868s] -- Installing: /home/emine/ros2_ws/install/turtlesim/include/turtlesim/msg/detail/color__rosidl_typesupport_introspection_cpp.hpp
[14.868s] -- Installing: /home/emine/ros2_ws/install/turtlesim/include/turtlesim/msg/detail/pose__rosidl_typesupport_introspection_cpp.hpp
[14.868s] -- Installing: /home/emine/ros2_ws/install/turtlesim/include/turtlesim/msg/detail/color__type_support.cpp
[14.868s] -- Installing: /home/emine/ros2_ws/install/turtlesim/include/turtlesim/msg/detail/pose__type_support.cpp
[14.868s] -- Up-to-date: /home/emine/ros2_ws/install/turtlesim/include/turtlesim/srv
[14.868s] -- Up-to-date: /home/emine/ros2_ws/install/turtlesim/include/turtlesim/srv/detail
[14.868s] -- Installing: /home/emine/ros2_ws/install/turtlesim/include/turtlesim/srv/detail/kill__rosidl_typesupport_introspection_cpp.hpp
[14.868s] -- Installing: /home/emine/ros2_ws/install/turtlesim/include/turtlesim/srv/detail/spawn__rosidl_typesupport_introspection_cpp.hpp
[14.868s] -- Installing: /home/emine/ros2_ws/install/turtlesim/include/turtlesim/srv/detail/set_pen__rosidl_typesupport_introspection_cpp.hpp
[14.868s] -- Installing: /home/emine/ros2_ws/install/turtlesim/include/turtlesim/srv/detail/set_pen__type_support.cpp
[14.868s] -- Installing: /home/emine/ros2_ws/install/turtlesim/include/turtlesim/srv/detail/kill__type_support.cpp
[14.868s] -- Installing: /home/emine/ros2_ws/install/turtlesim/include/turtlesim/srv/detail/teleport_relative__type_support.cpp
[14.868s] -- Installing: /home/emine/ros2_ws/install/turtlesim/include/turtlesim/srv/detail/teleport_relative__rosidl_typesupport_introspection_cpp.hpp
[14.869s] -- Installing: /home/emine/ros2_ws/install/turtlesim/include/turtlesim/srv/detail/teleport_absolute__rosidl_typesupport_introspection_cpp.hpp
[14.869s] -- Installing: /home/emine/ros2_ws/install/turtlesim/include/turtlesim/srv/detail/spawn__type_support.cpp
[14.869s] -- Installing: /home/emine/ros2_ws/install/turtlesim/include/turtlesim/srv/detail/teleport_absolute__type_support.cpp
[14.869s] -- Up-to-date: /home/emine/ros2_ws/install/turtlesim/include/turtlesim/action
[14.869s] -- Up-to-date: /home/emine/ros2_ws/install/turtlesim/include/turtlesim/action/detail
[14.869s] -- Installing: /home/emine/ros2_ws/install/turtlesim/include/turtlesim/action/detail/rotate_absolute__rosidl_typesupport_introspection_cpp.hpp
[14.869s] -- Installing: /home/emine/ros2_ws/install/turtlesim/include/turtlesim/action/detail/rotate_absolute__type_support.cpp
[14.869s] -- Installing: /home/emine/ros2_ws/install/turtlesim/lib/libturtlesim__rosidl_typesupport_introspection_cpp.so
[14.869s] -- Set runtime path of "/home/emine/ros2_ws/install/turtlesim/lib/libturtlesim__rosidl_typesupport_introspection_cpp.so" to ""
[14.869s] -- Installing: /home/emine/ros2_ws/install/turtlesim/lib/libturtlesim__rosidl_typesupport_cpp.so
[14.869s] -- Set runtime path of "/home/emine/ros2_ws/install/turtlesim/lib/libturtlesim__rosidl_typesupport_cpp.so" to ""
[14.869s] -- Installing: /home/emine/ros2_ws/install/turtlesim/share/turtlesim/environment/pythonpath.sh
[14.869s] -- Installing: /home/emine/ros2_ws/install/turtlesim/share/turtlesim/environment/pythonpath.dsv
[14.869s] -- Installing: /home/emine/ros2_ws/install/turtlesim/lib/python3.8/site-packages/turtlesim/__init__.py
[14.902s] Compiling '/home/emine/ros2_ws/install/turtlesim/lib/python3.8/site-packages/turtlesim/__init__.py'...
[14.906s] -- Installing: /home/emine/ros2_ws/install/turtlesim/lib/python3.8/site-packages/turtlesim/action
[14.906s] -- Installing: /home/emine/ros2_ws/install/turtlesim/lib/python3.8/site-packages/turtlesim/action/_rotate_absolute_s.c
[14.907s] -- Installing: /home/emine/ros2_ws/install/turtlesim/lib/python3.8/site-packages/turtlesim/action/__init__.py
[14.907s] -- Installing: /home/emine/ros2_ws/install/turtlesim/lib/python3.8/site-packages/turtlesim/action/_rotate_absolute.py
[14.907s] -- Installing: /home/emine/ros2_ws/install/turtlesim/lib/python3.8/site-packages/turtlesim/msg
[14.907s] -- Installing: /home/emine/ros2_ws/install/turtlesim/lib/python3.8/site-packages/turtlesim/msg/_pose_s.c
[14.907s] -- Installing: /home/emine/ros2_ws/install/turtlesim/lib/python3.8/site-packages/turtlesim/msg/_color_s.c
[14.907s] -- Installing: /home/emine/ros2_ws/install/turtlesim/lib/python3.8/site-packages/turtlesim/msg/_pose.py
[14.907s] -- Installing: /home/emine/ros2_ws/install/turtlesim/lib/python3.8/site-packages/turtlesim/msg/__init__.py
[14.907s] -- Installing: /home/emine/ros2_ws/install/turtlesim/lib/python3.8/site-packages/turtlesim/msg/_color.py
[14.907s] -- Installing: /home/emine/ros2_ws/install/turtlesim/lib/python3.8/site-packages/turtlesim/srv
[14.908s] -- Installing: /home/emine/ros2_ws/install/turtlesim/lib/python3.8/site-packages/turtlesim/srv/_set_pen_s.c
[14.908s] -- Installing: /home/emine/ros2_ws/install/turtlesim/lib/python3.8/site-packages/turtlesim/srv/_spawn.py
[14.908s] -- Installing: /home/emine/ros2_ws/install/turtlesim/lib/python3.8/site-packages/turtlesim/srv/_kill_s.c
[14.908s] -- Installing: /home/emine/ros2_ws/install/turtlesim/lib/python3.8/site-packages/turtlesim/srv/_set_pen.py
[14.908s] -- Installing: /home/emine/ros2_ws/install/turtlesim/lib/python3.8/site-packages/turtlesim/srv/_teleport_relative.py
[14.908s] -- Installing: /home/emine/ros2_ws/install/turtlesim/lib/python3.8/site-packages/turtlesim/srv/__init__.py
[14.908s] -- Installing: /home/emine/ros2_ws/install/turtlesim/lib/python3.8/site-packages/turtlesim/srv/_teleport_absolute_s.c
[14.908s] -- Installing: /home/emine/ros2_ws/install/turtlesim/lib/python3.8/site-packages/turtlesim/srv/_teleport_absolute.py
[14.908s] -- Installing: /home/emine/ros2_ws/install/turtlesim/lib/python3.8/site-packages/turtlesim/srv/_teleport_relative_s.c
[14.908s] -- Installing: /home/emine/ros2_ws/install/turtlesim/lib/python3.8/site-packages/turtlesim/srv/_kill.py
[14.908s] -- Installing: /home/emine/ros2_ws/install/turtlesim/lib/python3.8/site-packages/turtlesim/srv/_spawn_s.c
[14.908s] -- Installing: /home/emine/ros2_ws/install/turtlesim/lib/python3.8/site-packages/turtlesim/turtlesim_s__rosidl_typesupport_fastrtps_c.cpython-38-x86_64-linux-gnu.so
[14.908s] -- Set runtime path of "/home/emine/ros2_ws/install/turtlesim/lib/python3.8/site-packages/turtlesim/turtlesim_s__rosidl_typesupport_fastrtps_c.cpython-38-x86_64-linux-gnu.so" to ""
[14.908s] -- Installing: /home/emine/ros2_ws/install/turtlesim/lib/python3.8/site-packages/turtlesim/turtlesim_s__rosidl_typesupport_introspection_c.cpython-38-x86_64-linux-gnu.so
[14.909s] -- Set runtime path of "/home/emine/ros2_ws/install/turtlesim/lib/python3.8/site-packages/turtlesim/turtlesim_s__rosidl_typesupport_introspection_c.cpython-38-x86_64-linux-gnu.so" to ""
[14.909s] -- Installing: /home/emine/ros2_ws/install/turtlesim/lib/python3.8/site-packages/turtlesim/turtlesim_s__rosidl_typesupport_c.cpython-38-x86_64-linux-gnu.so
[14.909s] -- Set runtime path of "/home/emine/ros2_ws/install/turtlesim/lib/python3.8/site-packages/turtlesim/turtlesim_s__rosidl_typesupport_c.cpython-38-x86_64-linux-gnu.so" to ""
[14.909s] -- Installing: /home/emine/ros2_ws/install/turtlesim/lib/libturtlesim__python.so
[14.910s] -- Set runtime path of "/home/emine/ros2_ws/install/turtlesim/lib/libturtlesim__python.so" to ""
[14.910s] -- Installing: /home/emine/ros2_ws/install/turtlesim/share/turtlesim/action/RotateAbsolute.idl
[14.910s] -- Installing: /home/emine/ros2_ws/install/turtlesim/share/turtlesim/msg/Color.idl
[14.910s] -- Installing: /home/emine/ros2_ws/install/turtlesim/share/turtlesim/msg/Pose.idl
[14.910s] -- Installing: /home/emine/ros2_ws/install/turtlesim/share/turtlesim/srv/Kill.idl
[14.910s] -- Installing: /home/emine/ros2_ws/install/turtlesim/share/turtlesim/srv/SetPen.idl
[14.910s] -- Installing: /home/emine/ros2_ws/install/turtlesim/share/turtlesim/srv/Spawn.idl
[14.910s] -- Installing: /home/emine/ros2_ws/install/turtlesim/share/turtlesim/srv/TeleportAbsolute.idl
[14.910s] -- Installing: /home/emine/ros2_ws/install/turtlesim/share/turtlesim/srv/TeleportRelative.idl
[14.910s] -- Installing: /home/emine/ros2_ws/install/turtlesim/share/turtlesim/action/RotateAbsolute.action
[14.911s] -- Installing: /home/emine/ros2_ws/install/turtlesim/share/turtlesim/msg/Color.msg
[14.911s] -- Installing: /home/emine/ros2_ws/install/turtlesim/share/turtlesim/msg/Pose.msg
[14.911s] -- Installing: /home/emine/ros2_ws/install/turtlesim/share/turtlesim/srv/Kill.srv
[14.911s] -- Installing: /home/emine/ros2_ws/install/turtlesim/share/turtlesim/srv/Kill_Request.msg
[14.911s] -- Installing: /home/emine/ros2_ws/install/turtlesim/share/turtlesim/srv/Kill_Response.msg
[14.911s] -- Installing: /home/emine/ros2_ws/install/turtlesim/share/turtlesim/srv/SetPen.srv
[14.912s] -- Installing: /home/emine/ros2_ws/install/turtlesim/share/turtlesim/srv/SetPen_Request.msg
[14.912s] -- Installing: /home/emine/ros2_ws/install/turtlesim/share/turtlesim/srv/SetPen_Response.msg
[14.912s] -- Installing: /home/emine/ros2_ws/install/turtlesim/share/turtlesim/srv/Spawn.srv
[14.912s] -- Installing: /home/emine/ros2_ws/install/turtlesim/share/turtlesim/srv/Spawn_Request.msg
[14.912s] -- Installing: /home/emine/ros2_ws/install/turtlesim/share/turtlesim/srv/Spawn_Response.msg
[14.912s] -- Installing: /home/emine/ros2_ws/install/turtlesim/share/turtlesim/srv/TeleportAbsolute.srv
[14.912s] -- Installing: /home/emine/ros2_ws/install/turtlesim/share/turtlesim/srv/TeleportAbsolute_Request.msg
[14.912s] -- Installing: /home/emine/ros2_ws/install/turtlesim/share/turtlesim/srv/TeleportAbsolute_Response.msg
[14.912s] -- Installing: /home/emine/ros2_ws/install/turtlesim/share/turtlesim/srv/TeleportRelative.srv
[14.913s] -- Installing: /home/emine/ros2_ws/install/turtlesim/share/turtlesim/srv/TeleportRelative_Request.msg
[14.913s] -- Installing: /home/emine/ros2_ws/install/turtlesim/share/turtlesim/srv/TeleportRelative_Response.msg
[14.913s] -- Installing: /home/emine/ros2_ws/install/turtlesim/lib/turtlesim/turtlesim_node
[14.916s] -- Set runtime path of "/home/emine/ros2_ws/install/turtlesim/lib/turtlesim/turtlesim_node" to ""
[14.916s] -- Installing: /home/emine/ros2_ws/install/turtlesim/lib/turtlesim/turtle_teleop_key
[14.917s] -- Set runtime path of "/home/emine/ros2_ws/install/turtlesim/lib/turtlesim/turtle_teleop_key" to ""
[14.917s] -- Installing: /home/emine/ros2_ws/install/turtlesim/lib/turtlesim/draw_square
[14.920s] -- Set runtime path of "/home/emine/ros2_ws/install/turtlesim/lib/turtlesim/draw_square" to ""
[14.920s] -- Installing: /home/emine/ros2_ws/install/turtlesim/lib/turtlesim/mimic
[14.921s] -- Set runtime path of "/home/emine/ros2_ws/install/turtlesim/lib/turtlesim/mimic" to ""
[14.921s] -- Installing: /home/emine/ros2_ws/install/turtlesim/share/turtlesim/images
[14.921s] -- Installing: /home/emine/ros2_ws/install/turtlesim/share/turtlesim/images/crystal.png
[14.921s] -- Installing: /home/emine/ros2_ws/install/turtlesim/share/turtlesim/images/dashing.png
[14.921s] -- Installing: /home/emine/ros2_ws/install/turtlesim/share/turtlesim/images/eloquent.png
[14.921s] -- Installing: /home/emine/ros2_ws/install/turtlesim/share/turtlesim/images/bouncy.png
[14.922s] -- Installing: /home/emine/ros2_ws/install/turtlesim/share/turtlesim/images/foxy.png
[14.922s] -- Installing: /home/emine/ros2_ws/install/turtlesim/share/turtlesim/images/ardent.png
[14.922s] -- Installing: /home/emine/ros2_ws/install/turtlesim/share/turtlesim/launch
[14.922s] -- Installing: /home/emine/ros2_ws/install/turtlesim/share/turtlesim/launch/multisim.launch.py
[14.922s] -- Installing: /home/emine/ros2_ws/install/turtlesim/share/ament_index/resource_index/package_run_dependencies/turtlesim
[14.923s] -- Installing: /home/emine/ros2_ws/install/turtlesim/share/ament_index/resource_index/parent_prefix_path/turtlesim
[14.923s] -- Installing: /home/emine/ros2_ws/install/turtlesim/share/turtlesim/environment/ament_prefix_path.sh
[14.923s] -- Installing: /home/emine/ros2_ws/install/turtlesim/share/turtlesim/environment/ament_prefix_path.dsv
[14.923s] -- Installing: /home/emine/ros2_ws/install/turtlesim/share/turtlesim/environment/path.sh
[14.923s] -- Installing: /home/emine/ros2_ws/install/turtlesim/share/turtlesim/environment/path.dsv
[14.923s] -- Installing: /home/emine/ros2_ws/install/turtlesim/share/turtlesim/local_setup.bash
[14.923s] -- Installing: /home/emine/ros2_ws/install/turtlesim/share/turtlesim/local_setup.sh
[14.923s] -- Installing: /home/emine/ros2_ws/install/turtlesim/share/turtlesim/local_setup.zsh
[14.923s] -- Installing: /home/emine/ros2_ws/install/turtlesim/share/turtlesim/local_setup.dsv
[14.923s] -- Installing: /home/emine/ros2_ws/install/turtlesim/share/turtlesim/package.dsv
[14.923s] -- Installing: /home/emine/ros2_ws/install/turtlesim/share/ament_index/resource_index/packages/turtlesim
[14.924s] -- Installing: /home/emine/ros2_ws/install/turtlesim/share/turtlesim/cmake/turtlesim__rosidl_generator_cExport.cmake
[14.924s] -- Installing: /home/emine/ros2_ws/install/turtlesim/share/turtlesim/cmake/turtlesim__rosidl_generator_cExport-noconfig.cmake
[14.924s] -- Installing: /home/emine/ros2_ws/install/turtlesim/share/turtlesim/cmake/turtlesim__rosidl_typesupport_introspection_cExport.cmake
[14.924s] -- Installing: /home/emine/ros2_ws/install/turtlesim/share/turtlesim/cmake/turtlesim__rosidl_typesupport_introspection_cExport-noconfig.cmake
[14.924s] -- Installing: /home/emine/ros2_ws/install/turtlesim/share/turtlesim/cmake/turtlesim__rosidl_typesupport_cExport.cmake
[14.924s] -- Installing: /home/emine/ros2_ws/install/turtlesim/share/turtlesim/cmake/turtlesim__rosidl_typesupport_cExport-noconfig.cmake
[14.924s] -- Installing: /home/emine/ros2_ws/install/turtlesim/share/turtlesim/cmake/turtlesim__rosidl_generator_cppExport.cmake
[14.924s] -- Installing: /home/emine/ros2_ws/install/turtlesim/share/turtlesim/cmake/turtlesim__rosidl_typesupport_introspection_cppExport.cmake
[14.925s] -- Installing: /home/emine/ros2_ws/install/turtlesim/share/turtlesim/cmake/turtlesim__rosidl_typesupport_introspection_cppExport-noconfig.cmake
[14.925s] -- Installing: /home/emine/ros2_ws/install/turtlesim/share/turtlesim/cmake/turtlesim__rosidl_typesupport_cppExport.cmake
[14.925s] -- Installing: /home/emine/ros2_ws/install/turtlesim/share/turtlesim/cmake/turtlesim__rosidl_typesupport_cppExport-noconfig.cmake
[14.925s] -- Installing: /home/emine/ros2_ws/install/turtlesim/share/turtlesim/cmake/rosidl_cmake-extras.cmake
[14.925s] -- Installing: /home/emine/ros2_ws/install/turtlesim/share/turtlesim/cmake/ament_cmake_export_dependencies-extras.cmake
[14.925s] -- Installing: /home/emine/ros2_ws/install/turtlesim/share/turtlesim/cmake/ament_cmake_export_libraries-extras.cmake
[14.926s] -- Installing: /home/emine/ros2_ws/install/turtlesim/share/turtlesim/cmake/ament_cmake_export_targets-extras.cmake
[14.926s] -- Installing: /home/emine/ros2_ws/install/turtlesim/share/turtlesim/cmake/ament_cmake_export_include_directories-extras.cmake
[14.926s] -- Installing: /home/emine/ros2_ws/install/turtlesim/share/turtlesim/cmake/rosidl_cmake_export_typesupport_libraries-extras.cmake
[14.926s] -- Installing: /home/emine/ros2_ws/install/turtlesim/share/turtlesim/cmake/rosidl_cmake_export_typesupport_targets-extras.cmake
[14.926s] -- Installing: /home/emine/ros2_ws/install/turtlesim/share/turtlesim/cmake/turtlesimConfig.cmake
[14.926s] -- Installing: /home/emine/ros2_ws/install/turtlesim/share/turtlesim/cmake/turtlesimConfig-version.cmake
[14.926s] -- Installing: /home/emine/ros2_ws/install/turtlesim/share/turtlesim/package.xml
[14.929s] Invoked command in '/home/emine/ros2_ws/build/turtlesim' returned '0': CMAKE_PREFIX_PATH=/opt/ros/foxy /usr/bin/cmake --install /home/emine/ros2_ws/build/turtlesim
