[0.544s] Invoking command in '/home/emine/ros2_ws/src/py_pubsub': PYTHONPATH=/home/emine/ros2_ws/build/py_pubsub/prefix_override:/home/emine/ros2_ws/install/py_pubsub/lib/python3.8/site-packages:${PYTHONPATH} /usr/bin/python3 setup.py egg_info --egg-base ../../build/py_pubsub build --build-base /home/emine/ros2_ws/build/py_pubsub/build install --record /home/emine/ros2_ws/build/py_pubsub/install.log --install-scripts $base/lib/py_pubsub --single-version-externally-managed
[0.666s] running egg_info
[0.666s] writing ../../build/py_pubsub/py_pubsub.egg-info/PKG-INFO
[0.666s] writing dependency_links to ../../build/py_pubsub/py_pubsub.egg-info/dependency_links.txt
[0.666s] writing entry points to ../../build/py_pubsub/py_pubsub.egg-info/entry_points.txt
[0.666s] writing requirements to ../../build/py_pubsub/py_pubsub.egg-info/requires.txt
[0.667s] writing top-level names to ../../build/py_pubsub/py_pubsub.egg-info/top_level.txt
[0.687s] reading manifest file '../../build/py_pubsub/py_pubsub.egg-info/SOURCES.txt'
[0.687s] writing manifest file '../../build/py_pubsub/py_pubsub.egg-info/SOURCES.txt'
[0.687s] running build
[0.687s] running build_py
[0.688s] copying py_pubsub/subscriber_member_function.py -> /home/emine/ros2_ws/build/py_pubsub/build/lib/py_pubsub
[0.688s] copying py_pubsub/publisher_member_function.py -> /home/emine/ros2_ws/build/py_pubsub/build/lib/py_pubsub
[0.688s] running install
[0.688s] running install_lib
[0.689s] copying /home/emine/ros2_ws/build/py_pubsub/build/lib/py_pubsub/subscriber_member_function.py -> /home/emine/ros2_ws/install/py_pubsub/lib/python3.8/site-packages/py_pubsub
[0.689s] copying /home/emine/ros2_ws/build/py_pubsub/build/lib/py_pubsub/publisher_member_function.py -> /home/emine/ros2_ws/install/py_pubsub/lib/python3.8/site-packages/py_pubsub
[0.689s] byte-compiling /home/emine/ros2_ws/install/py_pubsub/lib/python3.8/site-packages/py_pubsub/subscriber_member_function.py to subscriber_member_function.cpython-38.pyc
[0.690s] byte-compiling /home/emine/ros2_ws/install/py_pubsub/lib/python3.8/site-packages/py_pubsub/publisher_member_function.py to publisher_member_function.cpython-38.pyc
[0.690s] running install_data
[0.690s] running install_egg_info
[0.692s] removing '/home/emine/ros2_ws/install/py_pubsub/lib/python3.8/site-packages/py_pubsub-0.0.0-py3.8.egg-info' (and everything under it)
[0.692s] Copying ../../build/py_pubsub/py_pubsub.egg-info to /home/emine/ros2_ws/install/py_pubsub/lib/python3.8/site-packages/py_pubsub-0.0.0-py3.8.egg-info
[0.692s] running install_scripts
[0.702s] Installing listener script to /home/emine/ros2_ws/install/py_pubsub/lib/py_pubsub
[0.702s] Installing talker script to /home/emine/ros2_ws/install/py_pubsub/lib/py_pubsub
[0.702s] writing list of installed files to '/home/emine/ros2_ws/build/py_pubsub/install.log'
[0.713s] Invoked command in '/home/emine/ros2_ws/src/py_pubsub' returned '0': PYTHONPATH=/home/emine/ros2_ws/build/py_pubsub/prefix_override:/home/emine/ros2_ws/install/py_pubsub/lib/python3.8/site-packages:${PYTHONPATH} /usr/bin/python3 setup.py egg_info --egg-base ../../build/py_pubsub build --build-base /home/emine/ros2_ws/build/py_pubsub/build install --record /home/emine/ros2_ws/build/py_pubsub/install.log --install-scripts $base/lib/py_pubsub --single-version-externally-managed
