[0.063s] Invoking command in '/home/emine/ros2_ws/build/tutorial_interfaces': CMAKE_PREFIX_PATH=/opt/ros/foxy /usr/bin/cmake /home/emine/ros2_ws/src/tutorial_interfaces -DCMAKE_INSTALL_PREFIX=/home/emine/ros2_ws/install/tutorial_interfaces
[0.071s] -- Found ament_cmake: 0.9.12 (/opt/ros/foxy/share/ament_cmake/cmake)
[0.083s] -- Using PYTHON_EXECUTABLE: /usr/bin/python3
[0.183s] -- Found ament_lint_auto: 0.9.8 (/opt/ros/foxy/share/ament_lint_auto/cmake)
[0.226s] -- Added test 'copyright' to check source files copyright and LICENSE
[0.228s] -- Added test 'lint_cmake' to check CMake code style
[0.229s] -- Added test 'xmllint' to check XML markup files
[0.230s] -- Found geometry_msgs: 2.0.5 (/opt/ros/foxy/share/geometry_msgs/cmake)
[0.251s] -- Using all available rosidl_typesupport_c: rosidl_typesupport_fastrtps_c;rosidl_typesupport_introspection_c
[0.256s] -- Found rosidl_adapter: 1.3.1 (/opt/ros/foxy/share/rosidl_adapter/cmake)
[0.299s] -- Found OpenSSL: /usr/lib/x86_64-linux-gnu/libcrypto.so (found version "1.1.1f")  
[0.316s] -- Found FastRTPS: /opt/ros/foxy/include  
[0.364s] -- Using all available rosidl_typesupport_cpp: rosidl_typesupport_fastrtps_cpp;rosidl_typesupport_introspection_cpp
[0.419s] -- Found rosidl_default_generators: 1.0.1 (/opt/ros/foxy/share/rosidl_default_generators/cmake)
[0.426s] CMake Error at /opt/ros/foxy/share/rosidl_cmake/cmake/rosidl_generate_interfaces.cmake:64 (message):
[0.426s]   rosidl_generate_interfaces() must be called before ament_package()
[0.426s] Call Stack (most recent call first):
[0.426s]   CMakeLists.txt:39 (rosidl_generate_interfaces)
[0.426s] 
[0.426s] 
[0.426s] -- Configuring incomplete, errors occurred!
[0.426s] See also "/home/emine/ros2_ws/build/tutorial_interfaces/CMakeFiles/CMakeOutput.log".
[0.430s] Invoked command in '/home/emine/ros2_ws/build/tutorial_interfaces' returned '1': CMAKE_PREFIX_PATH=/opt/ros/foxy /usr/bin/cmake /home/emine/ros2_ws/src/tutorial_interfaces -DCMAKE_INSTALL_PREFIX=/home/emine/ros2_ws/install/tutorial_interfaces
