[1.194s] Invoking command in '/home/emine/ros2_ws/build/examples_rclcpp_minimal_publisher': CMAKE_PREFIX_PATH=/opt/ros/foxy /usr/bin/cmake /home/emine/ros2_ws/src/examples/rclcpp/topics/minimal_publisher -DAMENT_CMAKE_SYMLINK_INSTALL=1 -DCMAKE_INSTALL_PREFIX=/home/emine/ros2_ws/install/examples_rclcpp_minimal_publisher
[4.058s] -- The C compiler identification is GNU 9.4.0
[4.058s] -- The CXX compiler identification is GNU 9.4.0
[4.058s] -- Check for working C compiler: /usr/bin/cc
[4.058s] -- Check for working C compiler: /usr/bin/cc -- works
[4.058s] -- Detecting C compiler ABI info
[4.058s] -- Detecting C compiler ABI info - done
[4.058s] -- Detecting C compile features
[4.058s] -- Detecting C compile features - done
[4.058s] -- Check for working CXX compiler: /usr/bin/c++
[4.058s] -- Check for working CXX compiler: /usr/bin/c++ -- works
[4.059s] -- Detecting CXX compiler ABI info
[4.059s] -- Detecting CXX compiler ABI info - done
[4.059s] -- Detecting CXX compile features
[4.059s] -- Detecting CXX compile features - done
[4.059s] -- Found ament_cmake: 0.9.12 (/opt/ros/foxy/share/ament_cmake/cmake)
[4.059s] -- Found PythonInterp: /usr/bin/python3 (found suitable version "3.8.10", minimum required is "3") 
[4.059s] -- Using PYTHON_EXECUTABLE: /usr/bin/python3
[4.059s] -- Override CMake install command with custom implementation using symlinks instead of copying resources
[4.059s] -- Found rclcpp: 2.4.3 (/opt/ros/foxy/share/rclcpp/cmake)
[4.059s] -- Using all available rosidl_typesupport_c: rosidl_typesupport_fastrtps_c;rosidl_typesupport_introspection_c
[4.059s] -- Found rosidl_adapter: 1.3.1 (/opt/ros/foxy/share/rosidl_adapter/cmake)
[4.059s] -- Found OpenSSL: /usr/lib/x86_64-linux-gnu/libcrypto.so (found version "1.1.1f")  
[4.059s] -- Found FastRTPS: /opt/ros/foxy/include  
[4.059s] -- Using all available rosidl_typesupport_cpp: rosidl_typesupport_fastrtps_cpp;rosidl_typesupport_introspection_cpp
[4.059s] -- Found rmw_implementation_cmake: 1.0.4 (/opt/ros/foxy/share/rmw_implementation_cmake/cmake)
[4.059s] -- Using RMW implementation 'rmw_fastrtps_cpp' as default
[4.059s] -- Looking for pthread.h
[4.060s] -- Looking for pthread.h - found
[4.060s] -- Performing Test CMAKE_HAVE_LIBC_PTHREAD
[4.060s] -- Performing Test CMAKE_HAVE_LIBC_PTHREAD - Failed
[4.060s] -- Looking for pthread_create in pthreads
[4.060s] -- Looking for pthread_create in pthreads - not found
[4.060s] -- Looking for pthread_create in pthread
[4.060s] -- Looking for pthread_create in pthread - found
[4.060s] -- Found Threads: TRUE  
[4.060s] -- Found ament_lint_auto: 0.9.8 (/opt/ros/foxy/share/ament_lint_auto/cmake)
[4.060s] -- Added test 'copyright' to check source files copyright and LICENSE
[4.060s] -- Added test 'cppcheck' to perform static code analysis on C / C++ code
[4.060s] -- Configured cppcheck include dirs: 
[4.060s] -- Configured cppcheck exclude dirs and/or files: 
[4.060s] -- Added test 'cpplint' to check C / C++ code against the Google style
[4.060s] -- Configured cpplint exclude dirs and/or files: 
[4.060s] -- Added test 'lint_cmake' to check CMake code style
[4.060s] -- Added test 'uncrustify' to check C / C++ code style
[4.060s] -- Configured uncrustify additional arguments: 
[4.060s] -- Added test 'xmllint' to check XML markup files
[4.060s] -- Configuring done
[4.061s] -- Generating done
[4.061s] -- Build files have been written to: /home/emine/ros2_ws/build/examples_rclcpp_minimal_publisher
[4.089s] Invoked command in '/home/emine/ros2_ws/build/examples_rclcpp_minimal_publisher' returned '0': CMAKE_PREFIX_PATH=/opt/ros/foxy /usr/bin/cmake /home/emine/ros2_ws/src/examples/rclcpp/topics/minimal_publisher -DAMENT_CMAKE_SYMLINK_INSTALL=1 -DCMAKE_INSTALL_PREFIX=/home/emine/ros2_ws/install/examples_rclcpp_minimal_publisher
[4.091s] Invoking command in '/home/emine/ros2_ws/build/examples_rclcpp_minimal_publisher': CMAKE_PREFIX_PATH=/opt/ros/foxy /usr/bin/cmake --build /home/emine/ros2_ws/build/examples_rclcpp_minimal_publisher -- -j16 -l16
[4.134s] [35m[1mScanning dependencies of target publisher_member_function[0m
[4.135s] [35m[1mScanning dependencies of target publisher_lambda[0m
[4.136s] [35m[1mScanning dependencies of target publisher_not_composable[0m
[4.224s] [ 16%] [32mBuilding CXX object CMakeFiles/publisher_member_function.dir/member_function.cpp.o[0m
[4.235s] [ 33%] [32mBuilding CXX object CMakeFiles/publisher_not_composable.dir/not_composable.cpp.o[0m
[4.250s] [ 50%] [32mBuilding CXX object CMakeFiles/publisher_lambda.dir/lambda.cpp.o[0m
[10.375s] [ 66%] [32m[1mLinking CXX executable publisher_member_function[0m
[10.719s] [ 66%] Built target publisher_member_function
[11.280s] [ 83%] [32m[1mLinking CXX executable publisher_not_composable[0m
[11.443s] [ 83%] Built target publisher_not_composable
[11.619s] [100%] [32m[1mLinking CXX executable publisher_lambda[0m
[11.794s] [100%] Built target publisher_lambda
[11.810s] Invoked command in '/home/emine/ros2_ws/build/examples_rclcpp_minimal_publisher' returned '0': CMAKE_PREFIX_PATH=/opt/ros/foxy /usr/bin/cmake --build /home/emine/ros2_ws/build/examples_rclcpp_minimal_publisher -- -j16 -l16
[11.846s] Invoking command in '/home/emine/ros2_ws/build/examples_rclcpp_minimal_publisher': CMAKE_PREFIX_PATH=/opt/ros/foxy /usr/bin/cmake --install /home/emine/ros2_ws/build/examples_rclcpp_minimal_publisher
[11.854s] -- Install configuration: ""
[11.855s] -- Execute custom install script
[11.856s] -- Symlinking: /home/emine/ros2_ws/install/examples_rclcpp_minimal_publisher/lib/examples_rclcpp_minimal_publisher/publisher_lambda
[11.868s] -- Symlinking: /home/emine/ros2_ws/install/examples_rclcpp_minimal_publisher/lib/examples_rclcpp_minimal_publisher/publisher_member_function
[11.878s] -- Symlinking: /home/emine/ros2_ws/install/examples_rclcpp_minimal_publisher/lib/examples_rclcpp_minimal_publisher/publisher_not_composable
[11.887s] -- Symlinking: /home/emine/ros2_ws/install/examples_rclcpp_minimal_publisher/share/ament_index/resource_index/package_run_dependencies/examples_rclcpp_minimal_publisher
[11.896s] -- Symlinking: /home/emine/ros2_ws/install/examples_rclcpp_minimal_publisher/share/ament_index/resource_index/parent_prefix_path/examples_rclcpp_minimal_publisher
[11.907s] -- Symlinking: /home/emine/ros2_ws/install/examples_rclcpp_minimal_publisher/share/examples_rclcpp_minimal_publisher/environment/ament_prefix_path.sh
[11.916s] -- Symlinking: /home/emine/ros2_ws/install/examples_rclcpp_minimal_publisher/share/examples_rclcpp_minimal_publisher/environment/ament_prefix_path.dsv
[11.924s] -- Symlinking: /home/emine/ros2_ws/install/examples_rclcpp_minimal_publisher/share/examples_rclcpp_minimal_publisher/environment/path.sh
[11.938s] -- Symlinking: /home/emine/ros2_ws/install/examples_rclcpp_minimal_publisher/share/examples_rclcpp_minimal_publisher/environment/path.dsv
[11.948s] -- Symlinking: /home/emine/ros2_ws/install/examples_rclcpp_minimal_publisher/share/examples_rclcpp_minimal_publisher/local_setup.bash
[11.956s] -- Symlinking: /home/emine/ros2_ws/install/examples_rclcpp_minimal_publisher/share/examples_rclcpp_minimal_publisher/local_setup.sh
[11.964s] -- Symlinking: /home/emine/ros2_ws/install/examples_rclcpp_minimal_publisher/share/examples_rclcpp_minimal_publisher/local_setup.zsh
[11.973s] -- Symlinking: /home/emine/ros2_ws/install/examples_rclcpp_minimal_publisher/share/examples_rclcpp_minimal_publisher/local_setup.dsv
[11.982s] -- Symlinking: /home/emine/ros2_ws/install/examples_rclcpp_minimal_publisher/share/examples_rclcpp_minimal_publisher/package.dsv
[11.991s] -- Symlinking: /home/emine/ros2_ws/install/examples_rclcpp_minimal_publisher/share/ament_index/resource_index/packages/examples_rclcpp_minimal_publisher
[12.000s] -- Symlinking: /home/emine/ros2_ws/install/examples_rclcpp_minimal_publisher/share/examples_rclcpp_minimal_publisher/cmake/examples_rclcpp_minimal_publisherConfig.cmake
[12.010s] -- Symlinking: /home/emine/ros2_ws/install/examples_rclcpp_minimal_publisher/share/examples_rclcpp_minimal_publisher/cmake/examples_rclcpp_minimal_publisherConfig-version.cmake
[12.018s] -- Symlinking: /home/emine/ros2_ws/install/examples_rclcpp_minimal_publisher/share/examples_rclcpp_minimal_publisher/package.xml
[12.288s] Invoked command in '/home/emine/ros2_ws/build/examples_rclcpp_minimal_publisher' returned '0': CMAKE_PREFIX_PATH=/opt/ros/foxy /usr/bin/cmake --install /home/emine/ros2_ws/build/examples_rclcpp_minimal_publisher
