[1.133s] Invoking command in '/home/emine/ros2_ws/build/examples_rclcpp_minimal_composition': CMAKE_PREFIX_PATH=/opt/ros/foxy /usr/bin/cmake /home/emine/ros2_ws/src/examples/rclcpp/composition/minimal_composition -DCMAKE_INSTALL_PREFIX=/home/emine/ros2_ws/install/examples_rclcpp_minimal_composition
[3.149s] -- Found ament_cmake: 0.9.12 (/opt/ros/foxy/share/ament_cmake/cmake)
[3.149s] -- Using PYTHON_EXECUTABLE: /usr/bin/python3
[3.149s] -- Override CMake install command with custom implementation using symlinks instead of copying resources
[3.149s] -- Found rclcpp: 2.4.3 (/opt/ros/foxy/share/rclcpp/cmake)
[3.149s] -- Using all available rosidl_typesupport_c: rosidl_typesupport_fastrtps_c;rosidl_typesupport_introspection_c
[3.149s] -- Found rosidl_adapter: 1.3.1 (/opt/ros/foxy/share/rosidl_adapter/cmake)
[3.149s] -- Using all available rosidl_typesupport_cpp: rosidl_typesupport_fastrtps_cpp;rosidl_typesupport_introspection_cpp
[3.149s] -- Found rmw_implementation_cmake: 1.0.4 (/opt/ros/foxy/share/rmw_implementation_cmake/cmake)
[3.149s] -- Using RMW implementation 'rmw_fastrtps_cpp' as default
[3.150s] -- Found rclcpp_components: 2.4.3 (/opt/ros/foxy/share/rclcpp_components/cmake)
[3.150s] -- Found ament_lint_auto: 0.9.8 (/opt/ros/foxy/share/ament_lint_auto/cmake)
[3.150s] -- Added test 'copyright' to check source files copyright and LICENSE
[3.150s] -- Added test 'cppcheck' to perform static code analysis on C / C++ code
[3.150s] -- Configured cppcheck include dirs: /home/emine/ros2_ws/src/examples/rclcpp/composition/minimal_composition/include
[3.150s] -- Configured cppcheck exclude dirs and/or files: 
[3.150s] -- Added test 'cpplint' to check C / C++ code against the Google style
[3.150s] -- Configured cpplint exclude dirs and/or files: 
[3.150s] -- Added test 'lint_cmake' to check CMake code style
[3.150s] -- Added test 'uncrustify' to check C / C++ code style
[3.150s] -- Configured uncrustify additional arguments: 
[3.150s] -- Added test 'xmllint' to check XML markup files
[3.150s] -- Configuring done
[3.150s] -- Generating done
[3.150s] -- Build files have been written to: /home/emine/ros2_ws/build/examples_rclcpp_minimal_composition
[3.165s] Invoked command in '/home/emine/ros2_ws/build/examples_rclcpp_minimal_composition' returned '0': CMAKE_PREFIX_PATH=/opt/ros/foxy /usr/bin/cmake /home/emine/ros2_ws/src/examples/rclcpp/composition/minimal_composition -DCMAKE_INSTALL_PREFIX=/home/emine/ros2_ws/install/examples_rclcpp_minimal_composition
[3.167s] Invoking command in '/home/emine/ros2_ws/build/examples_rclcpp_minimal_composition': CMAKE_PREFIX_PATH=/opt/ros/foxy /usr/bin/cmake --build /home/emine/ros2_ws/build/examples_rclcpp_minimal_composition -- -j16 -l16
[3.257s] [ 33%] Built target composition_nodes
[3.312s] [ 55%] Built target composition_subscriber
[3.318s] [ 77%] Built target composition_publisher
[3.324s] [100%] Built target composition_composed
[3.363s] Invoked command in '/home/emine/ros2_ws/build/examples_rclcpp_minimal_composition' returned '0': CMAKE_PREFIX_PATH=/opt/ros/foxy /usr/bin/cmake --build /home/emine/ros2_ws/build/examples_rclcpp_minimal_composition -- -j16 -l16
[4.125s] Invoking command in '/home/emine/ros2_ws/build/examples_rclcpp_minimal_composition': CMAKE_PREFIX_PATH=/opt/ros/foxy /usr/bin/cmake --install /home/emine/ros2_ws/build/examples_rclcpp_minimal_composition
[4.204s] -- Install configuration: ""
[4.205s] -- Execute custom install script
[4.205s] -- Up-to-date symlink: /home/emine/ros2_ws/install/examples_rclcpp_minimal_composition/share/examples_rclcpp_minimal_composition/environment/library_path.sh
[4.205s] -- Up-to-date symlink: /home/emine/ros2_ws/install/examples_rclcpp_minimal_composition/share/examples_rclcpp_minimal_composition/environment/library_path.dsv
[4.205s] -- Up-to-date symlink: /home/emine/ros2_ws/install/examples_rclcpp_minimal_composition/lib/libcomposition_nodes.so
[4.205s] -- Up-to-date symlink: /home/emine/ros2_ws/install/examples_rclcpp_minimal_composition/lib/examples_rclcpp_minimal_composition/composition_publisher
[4.205s] -- Up-to-date symlink: /home/emine/ros2_ws/install/examples_rclcpp_minimal_composition/lib/examples_rclcpp_minimal_composition/composition_subscriber
[4.205s] -- Up-to-date symlink: /home/emine/ros2_ws/install/examples_rclcpp_minimal_composition/lib/examples_rclcpp_minimal_composition/composition_composed
[4.205s] -- Up-to-date symlink: /home/emine/ros2_ws/install/examples_rclcpp_minimal_composition/share/ament_index/resource_index/package_run_dependencies/examples_rclcpp_minimal_composition
[4.205s] -- Up-to-date symlink: /home/emine/ros2_ws/install/examples_rclcpp_minimal_composition/share/ament_index/resource_index/parent_prefix_path/examples_rclcpp_minimal_composition
[4.205s] -- Up-to-date symlink: /home/emine/ros2_ws/install/examples_rclcpp_minimal_composition/share/examples_rclcpp_minimal_composition/environment/ament_prefix_path.sh
[4.205s] -- Up-to-date symlink: /home/emine/ros2_ws/install/examples_rclcpp_minimal_composition/share/examples_rclcpp_minimal_composition/environment/ament_prefix_path.dsv
[4.205s] -- Up-to-date symlink: /home/emine/ros2_ws/install/examples_rclcpp_minimal_composition/share/examples_rclcpp_minimal_composition/environment/path.sh
[4.205s] -- Up-to-date symlink: /home/emine/ros2_ws/install/examples_rclcpp_minimal_composition/share/examples_rclcpp_minimal_composition/environment/path.dsv
[4.205s] -- Up-to-date symlink: /home/emine/ros2_ws/install/examples_rclcpp_minimal_composition/share/examples_rclcpp_minimal_composition/local_setup.bash
[4.205s] -- Up-to-date symlink: /home/emine/ros2_ws/install/examples_rclcpp_minimal_composition/share/examples_rclcpp_minimal_composition/local_setup.sh
[4.206s] -- Up-to-date symlink: /home/emine/ros2_ws/install/examples_rclcpp_minimal_composition/share/examples_rclcpp_minimal_composition/local_setup.zsh
[4.206s] -- Up-to-date symlink: /home/emine/ros2_ws/install/examples_rclcpp_minimal_composition/share/examples_rclcpp_minimal_composition/local_setup.dsv
[4.206s] -- Symlinking: /home/emine/ros2_ws/install/examples_rclcpp_minimal_composition/share/examples_rclcpp_minimal_composition/package.dsv
[4.206s] -- Up-to-date symlink: /home/emine/ros2_ws/install/examples_rclcpp_minimal_composition/share/ament_index/resource_index/packages/examples_rclcpp_minimal_composition
[4.206s] -- Up-to-date symlink: /home/emine/ros2_ws/install/examples_rclcpp_minimal_composition/share/examples_rclcpp_minimal_composition/cmake/examples_rclcpp_minimal_compositionConfig.cmake
[4.206s] -- Up-to-date symlink: /home/emine/ros2_ws/install/examples_rclcpp_minimal_composition/share/examples_rclcpp_minimal_composition/cmake/examples_rclcpp_minimal_compositionConfig-version.cmake
[4.206s] -- Up-to-date symlink: /home/emine/ros2_ws/install/examples_rclcpp_minimal_composition/share/examples_rclcpp_minimal_composition/package.xml
[5.171s] Invoked command in '/home/emine/ros2_ws/build/examples_rclcpp_minimal_composition' returned '0': CMAKE_PREFIX_PATH=/opt/ros/foxy /usr/bin/cmake --install /home/emine/ros2_ws/build/examples_rclcpp_minimal_composition
