[3.401s] Invoking command in '/home/emine/ros2_ws/build/examples_rclpy_minimal_service': PYTHONPATH=/home/emine/ros2_ws/build/examples_rclpy_minimal_service/prefix_override:/home/emine/ros2_ws/install/examples_rclpy_minimal_service/lib/python3.8/site-packages:${PYTHONPATH} /usr/bin/python3 setup.py develop --uninstall --editable --build-directory /home/emine/ros2_ws/build/examples_rclpy_minimal_service/build
[3.721s] running develop
[3.775s] Removing /home/emine/ros2_ws/install/examples_rclpy_minimal_service/lib/python3.8/site-packages/examples-rclpy-minimal-service.egg-link (link to .)
[4.462s] Invoked command in '/home/emine/ros2_ws/build/examples_rclpy_minimal_service' returned '0': PYTHONPATH=/home/emine/ros2_ws/build/examples_rclpy_minimal_service/prefix_override:/home/emine/ros2_ws/install/examples_rclpy_minimal_service/lib/python3.8/site-packages:${PYTHONPATH} /usr/bin/python3 setup.py develop --uninstall --editable --build-directory /home/emine/ros2_ws/build/examples_rclpy_minimal_service/build
[4.465s] Invoking command in '/home/emine/ros2_ws/src/examples/rclpy/services/minimal_service': PYTHONPATH=/home/emine/ros2_ws/build/examples_rclpy_minimal_service/prefix_override:/home/emine/ros2_ws/install/examples_rclpy_minimal_service/lib/python3.8/site-packages:${PYTHONPATH} /usr/bin/python3 setup.py egg_info --egg-base ../../../../../build/examples_rclpy_minimal_service build --build-base /home/emine/ros2_ws/build/examples_rclpy_minimal_service/build install --record /home/emine/ros2_ws/build/examples_rclpy_minimal_service/install.log --install-scripts $base/lib/examples_rclpy_minimal_service --single-version-externally-managed
[4.709s] running egg_info
[4.709s] writing ../../../../../build/examples_rclpy_minimal_service/examples_rclpy_minimal_service.egg-info/PKG-INFO
[4.710s] writing dependency_links to ../../../../../build/examples_rclpy_minimal_service/examples_rclpy_minimal_service.egg-info/dependency_links.txt
[4.710s] writing entry points to ../../../../../build/examples_rclpy_minimal_service/examples_rclpy_minimal_service.egg-info/entry_points.txt
[4.710s] writing requirements to ../../../../../build/examples_rclpy_minimal_service/examples_rclpy_minimal_service.egg-info/requires.txt
[4.710s] writing top-level names to ../../../../../build/examples_rclpy_minimal_service/examples_rclpy_minimal_service.egg-info/top_level.txt
[4.774s] reading manifest file '../../../../../build/examples_rclpy_minimal_service/examples_rclpy_minimal_service.egg-info/SOURCES.txt'
[4.776s] writing manifest file '../../../../../build/examples_rclpy_minimal_service/examples_rclpy_minimal_service.egg-info/SOURCES.txt'
[4.778s] running build
[4.778s] running build_py
[4.778s] creating /home/emine/ros2_ws/build/examples_rclpy_minimal_service/build
[4.778s] creating /home/emine/ros2_ws/build/examples_rclpy_minimal_service/build/lib
[4.778s] creating /home/emine/ros2_ws/build/examples_rclpy_minimal_service/build/lib/examples_rclpy_minimal_service
[4.778s] copying examples_rclpy_minimal_service/service.py -> /home/emine/ros2_ws/build/examples_rclpy_minimal_service/build/lib/examples_rclpy_minimal_service
[4.779s] copying examples_rclpy_minimal_service/service_member_function.py -> /home/emine/ros2_ws/build/examples_rclpy_minimal_service/build/lib/examples_rclpy_minimal_service
[4.779s] copying examples_rclpy_minimal_service/__init__.py -> /home/emine/ros2_ws/build/examples_rclpy_minimal_service/build/lib/examples_rclpy_minimal_service
[4.779s] running install
[4.784s] running install_lib
[4.786s] creating /home/emine/ros2_ws/install/examples_rclpy_minimal_service/lib/python3.8/site-packages/examples_rclpy_minimal_service
[4.786s] copying /home/emine/ros2_ws/build/examples_rclpy_minimal_service/build/lib/examples_rclpy_minimal_service/service.py -> /home/emine/ros2_ws/install/examples_rclpy_minimal_service/lib/python3.8/site-packages/examples_rclpy_minimal_service
[4.789s] copying /home/emine/ros2_ws/build/examples_rclpy_minimal_service/build/lib/examples_rclpy_minimal_service/service_member_function.py -> /home/emine/ros2_ws/install/examples_rclpy_minimal_service/lib/python3.8/site-packages/examples_rclpy_minimal_service
[4.789s] copying /home/emine/ros2_ws/build/examples_rclpy_minimal_service/build/lib/examples_rclpy_minimal_service/__init__.py -> /home/emine/ros2_ws/install/examples_rclpy_minimal_service/lib/python3.8/site-packages/examples_rclpy_minimal_service
[4.789s] byte-compiling /home/emine/ros2_ws/install/examples_rclpy_minimal_service/lib/python3.8/site-packages/examples_rclpy_minimal_service/service.py to service.cpython-38.pyc
[4.790s] byte-compiling /home/emine/ros2_ws/install/examples_rclpy_minimal_service/lib/python3.8/site-packages/examples_rclpy_minimal_service/service_member_function.py to service_member_function.cpython-38.pyc
[4.790s] byte-compiling /home/emine/ros2_ws/install/examples_rclpy_minimal_service/lib/python3.8/site-packages/examples_rclpy_minimal_service/__init__.py to __init__.cpython-38.pyc
[4.790s] running install_data
[4.790s] running install_egg_info
[4.797s] Copying ../../../../../build/examples_rclpy_minimal_service/examples_rclpy_minimal_service.egg-info to /home/emine/ros2_ws/install/examples_rclpy_minimal_service/lib/python3.8/site-packages/examples_rclpy_minimal_service-0.9.4-py3.8.egg-info
[4.799s] running install_scripts
[4.804s] Installing service script to /home/emine/ros2_ws/install/examples_rclpy_minimal_service/lib/examples_rclpy_minimal_service
[4.805s] Installing service_member_function script to /home/emine/ros2_ws/install/examples_rclpy_minimal_service/lib/examples_rclpy_minimal_service
[4.805s] writing list of installed files to '/home/emine/ros2_ws/build/examples_rclpy_minimal_service/install.log'
[5.204s] Invoked command in '/home/emine/ros2_ws/src/examples/rclpy/services/minimal_service' returned '0': PYTHONPATH=/home/emine/ros2_ws/build/examples_rclpy_minimal_service/prefix_override:/home/emine/ros2_ws/install/examples_rclpy_minimal_service/lib/python3.8/site-packages:${PYTHONPATH} /usr/bin/python3 setup.py egg_info --egg-base ../../../../../build/examples_rclpy_minimal_service build --build-base /home/emine/ros2_ws/build/examples_rclpy_minimal_service/build install --record /home/emine/ros2_ws/build/examples_rclpy_minimal_service/install.log --install-scripts $base/lib/examples_rclpy_minimal_service --single-version-externally-managed
