[0.862s] Invoking command in '/home/emine/ros2_ws/build/examples_rclcpp_minimal_timer': CMAKE_PREFIX_PATH=/opt/ros/foxy /usr/bin/cmake /home/emine/ros2_ws/src/examples/rclcpp/timers/minimal_timer -DCMAKE_INSTALL_PREFIX=/home/emine/ros2_ws/install/examples_rclcpp_minimal_timer
[2.863s] -- Found ament_cmake: 0.9.12 (/opt/ros/foxy/share/ament_cmake/cmake)
[2.863s] -- Using PYTHON_EXECUTABLE: /usr/bin/python3
[2.863s] -- Override CMake install command with custom implementation using symlinks instead of copying resources
[2.863s] -- Found rclcpp: 2.4.3 (/opt/ros/foxy/share/rclcpp/cmake)
[2.863s] -- Using all available rosidl_typesupport_c: rosidl_typesupport_fastrtps_c;rosidl_typesupport_introspection_c
[2.863s] -- Found rosidl_adapter: 1.3.1 (/opt/ros/foxy/share/rosidl_adapter/cmake)
[2.863s] -- Using all available rosidl_typesupport_cpp: rosidl_typesupport_fastrtps_cpp;rosidl_typesupport_introspection_cpp
[2.863s] -- Found rmw_implementation_cmake: 1.0.4 (/opt/ros/foxy/share/rmw_implementation_cmake/cmake)
[2.863s] -- Using RMW implementation 'rmw_fastrtps_cpp' as default
[2.863s] -- Found ament_lint_auto: 0.9.8 (/opt/ros/foxy/share/ament_lint_auto/cmake)
[2.863s] -- Added test 'copyright' to check source files copyright and LICENSE
[2.863s] -- Added test 'cppcheck' to perform static code analysis on C / C++ code
[2.863s] -- Configured cppcheck include dirs: 
[2.863s] -- Configured cppcheck exclude dirs and/or files: 
[2.863s] -- Added test 'cpplint' to check C / C++ code against the Google style
[2.864s] -- Configured cpplint exclude dirs and/or files: 
[2.864s] -- Added test 'lint_cmake' to check CMake code style
[2.864s] -- Added test 'uncrustify' to check C / C++ code style
[2.864s] -- Configured uncrustify additional arguments: 
[2.864s] -- Added test 'xmllint' to check XML markup files
[2.864s] -- Configuring done
[2.864s] -- Generating done
[2.864s] -- Build files have been written to: /home/emine/ros2_ws/build/examples_rclcpp_minimal_timer
[2.893s] Invoked command in '/home/emine/ros2_ws/build/examples_rclcpp_minimal_timer' returned '0': CMAKE_PREFIX_PATH=/opt/ros/foxy /usr/bin/cmake /home/emine/ros2_ws/src/examples/rclcpp/timers/minimal_timer -DCMAKE_INSTALL_PREFIX=/home/emine/ros2_ws/install/examples_rclcpp_minimal_timer
[2.897s] Invoking command in '/home/emine/ros2_ws/build/examples_rclcpp_minimal_timer': CMAKE_PREFIX_PATH=/opt/ros/foxy /usr/bin/cmake --build /home/emine/ros2_ws/build/examples_rclcpp_minimal_timer -- -j16 -l16
[2.991s] [ 50%] Built target timer_member_function
[3.005s] [100%] Built target timer_lambda
[3.029s] Invoked command in '/home/emine/ros2_ws/build/examples_rclcpp_minimal_timer' returned '0': CMAKE_PREFIX_PATH=/opt/ros/foxy /usr/bin/cmake --build /home/emine/ros2_ws/build/examples_rclcpp_minimal_timer -- -j16 -l16
[3.102s] Invoking command in '/home/emine/ros2_ws/build/examples_rclcpp_minimal_timer': CMAKE_PREFIX_PATH=/opt/ros/foxy /usr/bin/cmake --install /home/emine/ros2_ws/build/examples_rclcpp_minimal_timer
[3.116s] -- Install configuration: ""
[3.116s] -- Execute custom install script
[3.116s] -- Up-to-date symlink: /home/emine/ros2_ws/install/examples_rclcpp_minimal_timer/lib/examples_rclcpp_minimal_timer/timer_lambda
[3.117s] -- Up-to-date symlink: /home/emine/ros2_ws/install/examples_rclcpp_minimal_timer/lib/examples_rclcpp_minimal_timer/timer_member_function
[3.117s] -- Up-to-date symlink: /home/emine/ros2_ws/install/examples_rclcpp_minimal_timer/share/ament_index/resource_index/package_run_dependencies/examples_rclcpp_minimal_timer
[3.118s] -- Up-to-date symlink: /home/emine/ros2_ws/install/examples_rclcpp_minimal_timer/share/ament_index/resource_index/parent_prefix_path/examples_rclcpp_minimal_timer
[3.119s] -- Up-to-date symlink: /home/emine/ros2_ws/install/examples_rclcpp_minimal_timer/share/examples_rclcpp_minimal_timer/environment/ament_prefix_path.sh
[3.119s] -- Up-to-date symlink: /home/emine/ros2_ws/install/examples_rclcpp_minimal_timer/share/examples_rclcpp_minimal_timer/environment/ament_prefix_path.dsv
[3.119s] -- Up-to-date symlink: /home/emine/ros2_ws/install/examples_rclcpp_minimal_timer/share/examples_rclcpp_minimal_timer/environment/path.sh
[3.119s] -- Up-to-date symlink: /home/emine/ros2_ws/install/examples_rclcpp_minimal_timer/share/examples_rclcpp_minimal_timer/environment/path.dsv
[3.119s] -- Up-to-date symlink: /home/emine/ros2_ws/install/examples_rclcpp_minimal_timer/share/examples_rclcpp_minimal_timer/local_setup.bash
[3.119s] -- Up-to-date symlink: /home/emine/ros2_ws/install/examples_rclcpp_minimal_timer/share/examples_rclcpp_minimal_timer/local_setup.sh
[3.119s] -- Up-to-date symlink: /home/emine/ros2_ws/install/examples_rclcpp_minimal_timer/share/examples_rclcpp_minimal_timer/local_setup.zsh
[3.120s] -- Up-to-date symlink: /home/emine/ros2_ws/install/examples_rclcpp_minimal_timer/share/examples_rclcpp_minimal_timer/local_setup.dsv
[3.120s] -- Symlinking: /home/emine/ros2_ws/install/examples_rclcpp_minimal_timer/share/examples_rclcpp_minimal_timer/package.dsv
[3.130s] -- Up-to-date symlink: /home/emine/ros2_ws/install/examples_rclcpp_minimal_timer/share/ament_index/resource_index/packages/examples_rclcpp_minimal_timer
[3.130s] -- Up-to-date symlink: /home/emine/ros2_ws/install/examples_rclcpp_minimal_timer/share/examples_rclcpp_minimal_timer/cmake/examples_rclcpp_minimal_timerConfig.cmake
[3.131s] -- Up-to-date symlink: /home/emine/ros2_ws/install/examples_rclcpp_minimal_timer/share/examples_rclcpp_minimal_timer/cmake/examples_rclcpp_minimal_timerConfig-version.cmake
[3.131s] -- Up-to-date symlink: /home/emine/ros2_ws/install/examples_rclcpp_minimal_timer/share/examples_rclcpp_minimal_timer/package.xml
[3.683s] Invoked command in '/home/emine/ros2_ws/build/examples_rclcpp_minimal_timer' returned '0': CMAKE_PREFIX_PATH=/opt/ros/foxy /usr/bin/cmake --install /home/emine/ros2_ws/build/examples_rclcpp_minimal_timer
