[4.580s] Invoking command in '/home/emine/ros2_ws/build/examples_rclpy_minimal_service': PYTHONPATH=/home/emine/ros2_ws/build/examples_rclpy_minimal_service/prefix_override:/home/emine/ros2_ws/install/examples_rclpy_minimal_service/lib/python3.8/site-packages:${PYTHONPATH} /usr/bin/python3 setup.py develop --editable --build-directory /home/emine/ros2_ws/build/examples_rclpy_minimal_service/build --no-deps install_data
[6.369s] running develop
[6.369s] running egg_info
[6.369s] creating examples_rclpy_minimal_service.egg-info
[6.369s] writing examples_rclpy_minimal_service.egg-info/PKG-INFO
[6.370s] writing dependency_links to examples_rclpy_minimal_service.egg-info/dependency_links.txt
[6.370s] writing entry points to examples_rclpy_minimal_service.egg-info/entry_points.txt
[6.370s] writing requirements to examples_rclpy_minimal_service.egg-info/requires.txt
[6.370s] writing top-level names to examples_rclpy_minimal_service.egg-info/top_level.txt
[6.371s] writing manifest file 'examples_rclpy_minimal_service.egg-info/SOURCES.txt'
[6.371s] reading manifest file 'examples_rclpy_minimal_service.egg-info/SOURCES.txt'
[6.371s] writing manifest file 'examples_rclpy_minimal_service.egg-info/SOURCES.txt'
[6.371s] running build_ext
[6.371s] Creating /home/emine/ros2_ws/install/examples_rclpy_minimal_service/lib/python3.8/site-packages/site.py
[6.371s] Creating /home/emine/ros2_ws/install/examples_rclpy_minimal_service/lib/python3.8/site-packages/examples-rclpy-minimal-service.egg-link (link to .)
[6.371s] Installing service script to /home/emine/ros2_ws/install/examples_rclpy_minimal_service/lib/examples_rclpy_minimal_service
[6.371s] Installing service_member_function script to /home/emine/ros2_ws/install/examples_rclpy_minimal_service/lib/examples_rclpy_minimal_service
[6.371s] 
[6.372s] Installed /home/emine/ros2_ws/build/examples_rclpy_minimal_service
[6.372s] running install_data
[6.372s] creating /home/emine/ros2_ws/install/examples_rclpy_minimal_service/share/ament_index
[6.372s] creating /home/emine/ros2_ws/install/examples_rclpy_minimal_service/share/ament_index/resource_index
[6.372s] creating /home/emine/ros2_ws/install/examples_rclpy_minimal_service/share/ament_index/resource_index/packages
[6.372s] copying resource/examples_rclpy_minimal_service -> /home/emine/ros2_ws/install/examples_rclpy_minimal_service/share/ament_index/resource_index/packages
[6.372s] copying package.xml -> /home/emine/ros2_ws/install/examples_rclpy_minimal_service/share/examples_rclpy_minimal_service
[7.866s] Invoked command in '/home/emine/ros2_ws/build/examples_rclpy_minimal_service' returned '0': PYTHONPATH=/home/emine/ros2_ws/build/examples_rclpy_minimal_service/prefix_override:/home/emine/ros2_ws/install/examples_rclpy_minimal_service/lib/python3.8/site-packages:${PYTHONPATH} /usr/bin/python3 setup.py develop --editable --build-directory /home/emine/ros2_ws/build/examples_rclpy_minimal_service/build --no-deps install_data
