[1.266s] Invoking command in '/home/emine/ros2_ws/build/examples_rclcpp_minimal_composition': CMAKE_PREFIX_PATH=/opt/ros/foxy /usr/bin/cmake /home/emine/ros2_ws/src/examples/rclcpp/composition/minimal_composition -DAMENT_CMAKE_SYMLINK_INSTALL=1 -DCMAKE_INSTALL_PREFIX=/home/emine/ros2_ws/install/examples_rclcpp_minimal_composition
[4.131s] -- The C compiler identification is GNU 9.4.0
[4.131s] -- The CXX compiler identification is GNU 9.4.0
[4.131s] -- Check for working C compiler: /usr/bin/cc
[4.131s] -- Check for working C compiler: /usr/bin/cc -- works
[4.131s] -- Detecting C compiler ABI info
[4.131s] -- Detecting C compiler ABI info - done
[4.131s] -- Detecting C compile features
[4.132s] -- Detecting C compile features - done
[4.132s] -- Check for working CXX compiler: /usr/bin/c++
[4.132s] -- Check for working CXX compiler: /usr/bin/c++ -- works
[4.132s] -- Detecting CXX compiler ABI info
[4.132s] -- Detecting CXX compiler ABI info - done
[4.132s] -- Detecting CXX compile features
[4.132s] -- Detecting CXX compile features - done
[4.132s] -- Found ament_cmake: 0.9.12 (/opt/ros/foxy/share/ament_cmake/cmake)
[4.132s] -- Found PythonInterp: /usr/bin/python3 (found suitable version "3.8.10", minimum required is "3") 
[4.132s] -- Using PYTHON_EXECUTABLE: /usr/bin/python3
[4.132s] -- Override CMake install command with custom implementation using symlinks instead of copying resources
[4.132s] -- Found rclcpp: 2.4.3 (/opt/ros/foxy/share/rclcpp/cmake)
[4.132s] -- Using all available rosidl_typesupport_c: rosidl_typesupport_fastrtps_c;rosidl_typesupport_introspection_c
[4.132s] -- Found rosidl_adapter: 1.3.1 (/opt/ros/foxy/share/rosidl_adapter/cmake)
[4.132s] -- Found OpenSSL: /usr/lib/x86_64-linux-gnu/libcrypto.so (found version "1.1.1f")  
[4.132s] -- Found FastRTPS: /opt/ros/foxy/include  
[4.132s] -- Using all available rosidl_typesupport_cpp: rosidl_typesupport_fastrtps_cpp;rosidl_typesupport_introspection_cpp
[4.132s] -- Found rmw_implementation_cmake: 1.0.4 (/opt/ros/foxy/share/rmw_implementation_cmake/cmake)
[4.132s] -- Using RMW implementation 'rmw_fastrtps_cpp' as default
[4.132s] -- Looking for pthread.h
[4.132s] -- Looking for pthread.h - found
[4.133s] -- Performing Test CMAKE_HAVE_LIBC_PTHREAD
[4.133s] -- Performing Test CMAKE_HAVE_LIBC_PTHREAD - Failed
[4.133s] -- Looking for pthread_create in pthreads
[4.133s] -- Looking for pthread_create in pthreads - not found
[4.133s] -- Looking for pthread_create in pthread
[4.133s] -- Looking for pthread_create in pthread - found
[4.133s] -- Found Threads: TRUE  
[4.133s] -- Found rclcpp_components: 2.4.3 (/opt/ros/foxy/share/rclcpp_components/cmake)
[4.133s] -- Found ament_lint_auto: 0.9.8 (/opt/ros/foxy/share/ament_lint_auto/cmake)
[4.133s] -- Added test 'copyright' to check source files copyright and LICENSE
[4.133s] -- Added test 'cppcheck' to perform static code analysis on C / C++ code
[4.133s] -- Configured cppcheck include dirs: /home/emine/ros2_ws/src/examples/rclcpp/composition/minimal_composition/include
[4.133s] -- Configured cppcheck exclude dirs and/or files: 
[4.133s] -- Added test 'cpplint' to check C / C++ code against the Google style
[4.133s] -- Configured cpplint exclude dirs and/or files: 
[4.133s] -- Added test 'lint_cmake' to check CMake code style
[4.133s] -- Added test 'uncrustify' to check C / C++ code style
[4.133s] -- Configured uncrustify additional arguments: 
[4.133s] -- Added test 'xmllint' to check XML markup files
[4.133s] -- Configuring done
[4.133s] -- Generating done
[4.133s] -- Build files have been written to: /home/emine/ros2_ws/build/examples_rclcpp_minimal_composition
[4.163s] Invoked command in '/home/emine/ros2_ws/build/examples_rclcpp_minimal_composition' returned '0': CMAKE_PREFIX_PATH=/opt/ros/foxy /usr/bin/cmake /home/emine/ros2_ws/src/examples/rclcpp/composition/minimal_composition -DAMENT_CMAKE_SYMLINK_INSTALL=1 -DCMAKE_INSTALL_PREFIX=/home/emine/ros2_ws/install/examples_rclcpp_minimal_composition
[4.164s] Invoking command in '/home/emine/ros2_ws/build/examples_rclcpp_minimal_composition': CMAKE_PREFIX_PATH=/opt/ros/foxy /usr/bin/cmake --build /home/emine/ros2_ws/build/examples_rclcpp_minimal_composition -- -j16 -l16
[4.204s] [35m[1mScanning dependencies of target composition_nodes[0m
[4.302s] [ 11%] [32mBuilding CXX object CMakeFiles/composition_nodes.dir/src/publisher_node.cpp.o[0m
[4.311s] [ 22%] [32mBuilding CXX object CMakeFiles/composition_nodes.dir/src/subscriber_node.cpp.o[0m
[13.674s] [ 33%] [32m[1mLinking CXX shared library libcomposition_nodes.so[0m
[13.878s] [ 33%] Built target composition_nodes
[13.888s] [35m[1mScanning dependencies of target composition_subscriber[0m
[13.888s] [35m[1mScanning dependencies of target composition_composed[0m
[13.888s] [35m[1mScanning dependencies of target composition_publisher[0m
[13.922s] [ 44%] [32mBuilding CXX object CMakeFiles/composition_composed.dir/src/composed.cpp.o[0m
[13.923s] [ 55%] [32mBuilding CXX object CMakeFiles/composition_subscriber.dir/src/standalone_subscriber.cpp.o[0m
[13.923s] [ 66%] [32mBuilding CXX object CMakeFiles/composition_publisher.dir/src/standalone_publisher.cpp.o[0m
[15.360s] [ 77%] [32m[1mLinking CXX executable composition_subscriber[0m
[15.363s] [ 88%] [32m[1mLinking CXX executable composition_publisher[0m
[15.412s] [100%] [32m[1mLinking CXX executable composition_composed[0m
[15.487s] [100%] Built target composition_publisher
[15.493s] [100%] Built target composition_subscriber
[15.528s] [100%] Built target composition_composed
[15.536s] Invoked command in '/home/emine/ros2_ws/build/examples_rclcpp_minimal_composition' returned '0': CMAKE_PREFIX_PATH=/opt/ros/foxy /usr/bin/cmake --build /home/emine/ros2_ws/build/examples_rclcpp_minimal_composition -- -j16 -l16
[15.564s] Invoking command in '/home/emine/ros2_ws/build/examples_rclcpp_minimal_composition': CMAKE_PREFIX_PATH=/opt/ros/foxy /usr/bin/cmake --install /home/emine/ros2_ws/build/examples_rclcpp_minimal_composition
[15.569s] -- Install configuration: ""
[15.570s] -- Execute custom install script
[15.570s] -- Symlinking: /home/emine/ros2_ws/install/examples_rclcpp_minimal_composition/share/examples_rclcpp_minimal_composition/environment/library_path.sh
[15.577s] -- Symlinking: /home/emine/ros2_ws/install/examples_rclcpp_minimal_composition/share/examples_rclcpp_minimal_composition/environment/library_path.dsv
[15.585s] -- Symlinking: /home/emine/ros2_ws/install/examples_rclcpp_minimal_composition/lib/libcomposition_nodes.so
[15.598s] -- Symlinking: /home/emine/ros2_ws/install/examples_rclcpp_minimal_composition/lib/examples_rclcpp_minimal_composition/composition_publisher
[15.607s] -- Symlinking: /home/emine/ros2_ws/install/examples_rclcpp_minimal_composition/lib/examples_rclcpp_minimal_composition/composition_subscriber
[15.612s] -- Symlinking: /home/emine/ros2_ws/install/examples_rclcpp_minimal_composition/lib/examples_rclcpp_minimal_composition/composition_composed
[15.618s] -- Symlinking: /home/emine/ros2_ws/install/examples_rclcpp_minimal_composition/share/ament_index/resource_index/package_run_dependencies/examples_rclcpp_minimal_composition
[15.624s] -- Symlinking: /home/emine/ros2_ws/install/examples_rclcpp_minimal_composition/share/ament_index/resource_index/parent_prefix_path/examples_rclcpp_minimal_composition
[15.630s] -- Symlinking: /home/emine/ros2_ws/install/examples_rclcpp_minimal_composition/share/examples_rclcpp_minimal_composition/environment/ament_prefix_path.sh
[15.636s] -- Symlinking: /home/emine/ros2_ws/install/examples_rclcpp_minimal_composition/share/examples_rclcpp_minimal_composition/environment/ament_prefix_path.dsv
[15.643s] -- Symlinking: /home/emine/ros2_ws/install/examples_rclcpp_minimal_composition/share/examples_rclcpp_minimal_composition/environment/path.sh
[15.648s] -- Symlinking: /home/emine/ros2_ws/install/examples_rclcpp_minimal_composition/share/examples_rclcpp_minimal_composition/environment/path.dsv
[15.654s] -- Symlinking: /home/emine/ros2_ws/install/examples_rclcpp_minimal_composition/share/examples_rclcpp_minimal_composition/local_setup.bash
[15.659s] -- Symlinking: /home/emine/ros2_ws/install/examples_rclcpp_minimal_composition/share/examples_rclcpp_minimal_composition/local_setup.sh
[15.665s] -- Symlinking: /home/emine/ros2_ws/install/examples_rclcpp_minimal_composition/share/examples_rclcpp_minimal_composition/local_setup.zsh
[15.672s] -- Symlinking: /home/emine/ros2_ws/install/examples_rclcpp_minimal_composition/share/examples_rclcpp_minimal_composition/local_setup.dsv
[15.678s] -- Symlinking: /home/emine/ros2_ws/install/examples_rclcpp_minimal_composition/share/examples_rclcpp_minimal_composition/package.dsv
[15.683s] -- Symlinking: /home/emine/ros2_ws/install/examples_rclcpp_minimal_composition/share/ament_index/resource_index/packages/examples_rclcpp_minimal_composition
[15.689s] -- Symlinking: /home/emine/ros2_ws/install/examples_rclcpp_minimal_composition/share/examples_rclcpp_minimal_composition/cmake/examples_rclcpp_minimal_compositionConfig.cmake
[15.695s] -- Symlinking: /home/emine/ros2_ws/install/examples_rclcpp_minimal_composition/share/examples_rclcpp_minimal_composition/cmake/examples_rclcpp_minimal_compositionConfig-version.cmake
[15.703s] -- Symlinking: /home/emine/ros2_ws/install/examples_rclcpp_minimal_composition/share/examples_rclcpp_minimal_composition/package.xml
[15.711s] Invoked command in '/home/emine/ros2_ws/build/examples_rclcpp_minimal_composition' returned '0': CMAKE_PREFIX_PATH=/opt/ros/foxy /usr/bin/cmake --install /home/emine/ros2_ws/build/examples_rclcpp_minimal_composition
