[4.875s] Invoking command in '/home/emine/ros2_ws/build/examples_rclpy_minimal_action_client': PYTHONPATH=/home/emine/ros2_ws/build/examples_rclpy_minimal_action_client/prefix_override:/home/emine/ros2_ws/install/examples_rclpy_minimal_action_client/lib/python3.8/site-packages:${PYTHONPATH} /usr/bin/python3 setup.py develop --editable --build-directory /home/emine/ros2_ws/build/examples_rclpy_minimal_action_client/build --no-deps install_data
[6.056s] running develop
[6.234s] running egg_info
[6.235s] creating examples_rclpy_minimal_action_client.egg-info
[6.248s] writing examples_rclpy_minimal_action_client.egg-info/PKG-INFO
[6.249s] writing dependency_links to examples_rclpy_minimal_action_client.egg-info/dependency_links.txt
[6.249s] writing entry points to examples_rclpy_minimal_action_client.egg-info/entry_points.txt
[6.249s] writing requirements to examples_rclpy_minimal_action_client.egg-info/requires.txt
[6.249s] writing top-level names to examples_rclpy_minimal_action_client.egg-info/top_level.txt
[6.249s] writing manifest file 'examples_rclpy_minimal_action_client.egg-info/SOURCES.txt'
[6.374s] reading manifest file 'examples_rclpy_minimal_action_client.egg-info/SOURCES.txt'
[6.390s] writing manifest file 'examples_rclpy_minimal_action_client.egg-info/SOURCES.txt'
[6.533s] running build_ext
[6.533s] Creating /home/emine/ros2_ws/install/examples_rclpy_minimal_action_client/lib/python3.8/site-packages/site.py
[6.533s] Creating /home/emine/ros2_ws/install/examples_rclpy_minimal_action_client/lib/python3.8/site-packages/examples-rclpy-minimal-action-client.egg-link (link to .)
[6.533s] Installing client script to /home/emine/ros2_ws/install/examples_rclpy_minimal_action_client/lib/examples_rclpy_minimal_action_client
[6.534s] Installing client_cancel script to /home/emine/ros2_ws/install/examples_rclpy_minimal_action_client/lib/examples_rclpy_minimal_action_client
[6.534s] Installing client_not_composable script to /home/emine/ros2_ws/install/examples_rclpy_minimal_action_client/lib/examples_rclpy_minimal_action_client
[6.534s] 
[6.534s] Installed /home/emine/ros2_ws/build/examples_rclpy_minimal_action_client
[6.534s] running install_data
[6.534s] creating /home/emine/ros2_ws/install/examples_rclpy_minimal_action_client/share/ament_index
[6.534s] creating /home/emine/ros2_ws/install/examples_rclpy_minimal_action_client/share/ament_index/resource_index
[6.534s] creating /home/emine/ros2_ws/install/examples_rclpy_minimal_action_client/share/ament_index/resource_index/packages
[6.534s] copying resource/examples_rclpy_minimal_action_client -> /home/emine/ros2_ws/install/examples_rclpy_minimal_action_client/share/ament_index/resource_index/packages
[6.534s] copying package.xml -> /home/emine/ros2_ws/install/examples_rclpy_minimal_action_client/share/examples_rclpy_minimal_action_client
[6.769s] Invoked command in '/home/emine/ros2_ws/build/examples_rclpy_minimal_action_client' returned '0': PYTHONPATH=/home/emine/ros2_ws/build/examples_rclpy_minimal_action_client/prefix_override:/home/emine/ros2_ws/install/examples_rclpy_minimal_action_client/lib/python3.8/site-packages:${PYTHONPATH} /usr/bin/python3 setup.py develop --editable --build-directory /home/emine/ros2_ws/build/examples_rclpy_minimal_action_client/build --no-deps install_data
