[3.583s] Invoking command in '/home/emine/ros2_ws/build/examples_rclpy_minimal_client': PYTHONPATH=/home/emine/ros2_ws/build/examples_rclpy_minimal_client/prefix_override:/home/emine/ros2_ws/install/examples_rclpy_minimal_client/lib/python3.8/site-packages:${PYTHONPATH} /usr/bin/python3 setup.py develop --uninstall --editable --build-directory /home/emine/ros2_ws/build/examples_rclpy_minimal_client/build
[3.919s] running develop
[3.951s] Removing /home/emine/ros2_ws/install/examples_rclpy_minimal_client/lib/python3.8/site-packages/examples-rclpy-minimal-client.egg-link (link to .)
[4.648s] Invoked command in '/home/emine/ros2_ws/build/examples_rclpy_minimal_client' returned '0': PYTHONPATH=/home/emine/ros2_ws/build/examples_rclpy_minimal_client/prefix_override:/home/emine/ros2_ws/install/examples_rclpy_minimal_client/lib/python3.8/site-packages:${PYTHONPATH} /usr/bin/python3 setup.py develop --uninstall --editable --build-directory /home/emine/ros2_ws/build/examples_rclpy_minimal_client/build
[4.648s] Invoking command in '/home/emine/ros2_ws/src/examples/rclpy/services/minimal_client': PYTHONPATH=/home/emine/ros2_ws/build/examples_rclpy_minimal_client/prefix_override:/home/emine/ros2_ws/install/examples_rclpy_minimal_client/lib/python3.8/site-packages:${PYTHONPATH} /usr/bin/python3 setup.py egg_info --egg-base ../../../../../build/examples_rclpy_minimal_client build --build-base /home/emine/ros2_ws/build/examples_rclpy_minimal_client/build install --record /home/emine/ros2_ws/build/examples_rclpy_minimal_client/install.log --install-scripts $base/lib/examples_rclpy_minimal_client --single-version-externally-managed
[4.871s] running egg_info
[4.871s] writing ../../../../../build/examples_rclpy_minimal_client/examples_rclpy_minimal_client.egg-info/PKG-INFO
[4.872s] writing dependency_links to ../../../../../build/examples_rclpy_minimal_client/examples_rclpy_minimal_client.egg-info/dependency_links.txt
[4.872s] writing entry points to ../../../../../build/examples_rclpy_minimal_client/examples_rclpy_minimal_client.egg-info/entry_points.txt
[4.872s] writing requirements to ../../../../../build/examples_rclpy_minimal_client/examples_rclpy_minimal_client.egg-info/requires.txt
[4.872s] writing top-level names to ../../../../../build/examples_rclpy_minimal_client/examples_rclpy_minimal_client.egg-info/top_level.txt
[4.917s] reading manifest file '../../../../../build/examples_rclpy_minimal_client/examples_rclpy_minimal_client.egg-info/SOURCES.txt'
[4.919s] writing manifest file '../../../../../build/examples_rclpy_minimal_client/examples_rclpy_minimal_client.egg-info/SOURCES.txt'
[4.919s] running build
[4.919s] running build_py
[4.920s] creating /home/emine/ros2_ws/build/examples_rclpy_minimal_client/build
[4.920s] creating /home/emine/ros2_ws/build/examples_rclpy_minimal_client/build/lib
[4.920s] creating /home/emine/ros2_ws/build/examples_rclpy_minimal_client/build/lib/examples_rclpy_minimal_client
[4.921s] copying examples_rclpy_minimal_client/client_async_member_function.py -> /home/emine/ros2_ws/build/examples_rclpy_minimal_client/build/lib/examples_rclpy_minimal_client
[4.922s] copying examples_rclpy_minimal_client/client_async_callback.py -> /home/emine/ros2_ws/build/examples_rclpy_minimal_client/build/lib/examples_rclpy_minimal_client
[4.922s] copying examples_rclpy_minimal_client/client_async.py -> /home/emine/ros2_ws/build/examples_rclpy_minimal_client/build/lib/examples_rclpy_minimal_client
[4.922s] copying examples_rclpy_minimal_client/__init__.py -> /home/emine/ros2_ws/build/examples_rclpy_minimal_client/build/lib/examples_rclpy_minimal_client
[4.923s] copying examples_rclpy_minimal_client/client.py -> /home/emine/ros2_ws/build/examples_rclpy_minimal_client/build/lib/examples_rclpy_minimal_client
[4.923s] running install
[4.925s] running install_lib
[4.925s] creating /home/emine/ros2_ws/install/examples_rclpy_minimal_client/lib/python3.8/site-packages/examples_rclpy_minimal_client
[4.925s] copying /home/emine/ros2_ws/build/examples_rclpy_minimal_client/build/lib/examples_rclpy_minimal_client/client_async_member_function.py -> /home/emine/ros2_ws/install/examples_rclpy_minimal_client/lib/python3.8/site-packages/examples_rclpy_minimal_client
[4.925s] copying /home/emine/ros2_ws/build/examples_rclpy_minimal_client/build/lib/examples_rclpy_minimal_client/client_async_callback.py -> /home/emine/ros2_ws/install/examples_rclpy_minimal_client/lib/python3.8/site-packages/examples_rclpy_minimal_client
[4.925s] copying /home/emine/ros2_ws/build/examples_rclpy_minimal_client/build/lib/examples_rclpy_minimal_client/client_async.py -> /home/emine/ros2_ws/install/examples_rclpy_minimal_client/lib/python3.8/site-packages/examples_rclpy_minimal_client
[4.925s] copying /home/emine/ros2_ws/build/examples_rclpy_minimal_client/build/lib/examples_rclpy_minimal_client/__init__.py -> /home/emine/ros2_ws/install/examples_rclpy_minimal_client/lib/python3.8/site-packages/examples_rclpy_minimal_client
[4.926s] copying /home/emine/ros2_ws/build/examples_rclpy_minimal_client/build/lib/examples_rclpy_minimal_client/client.py -> /home/emine/ros2_ws/install/examples_rclpy_minimal_client/lib/python3.8/site-packages/examples_rclpy_minimal_client
[4.926s] byte-compiling /home/emine/ros2_ws/install/examples_rclpy_minimal_client/lib/python3.8/site-packages/examples_rclpy_minimal_client/client_async_member_function.py to client_async_member_function.cpython-38.pyc
[4.926s] byte-compiling /home/emine/ros2_ws/install/examples_rclpy_minimal_client/lib/python3.8/site-packages/examples_rclpy_minimal_client/client_async_callback.py to client_async_callback.cpython-38.pyc
[4.926s] byte-compiling /home/emine/ros2_ws/install/examples_rclpy_minimal_client/lib/python3.8/site-packages/examples_rclpy_minimal_client/client_async.py to client_async.cpython-38.pyc
[4.928s] byte-compiling /home/emine/ros2_ws/install/examples_rclpy_minimal_client/lib/python3.8/site-packages/examples_rclpy_minimal_client/__init__.py to __init__.cpython-38.pyc
[4.928s] byte-compiling /home/emine/ros2_ws/install/examples_rclpy_minimal_client/lib/python3.8/site-packages/examples_rclpy_minimal_client/client.py to client.cpython-38.pyc
[4.928s] running install_data
[4.929s] running install_egg_info
[4.932s] Copying ../../../../../build/examples_rclpy_minimal_client/examples_rclpy_minimal_client.egg-info to /home/emine/ros2_ws/install/examples_rclpy_minimal_client/lib/python3.8/site-packages/examples_rclpy_minimal_client-0.9.4-py3.8.egg-info
[4.933s] running install_scripts
[4.959s] Installing client script to /home/emine/ros2_ws/install/examples_rclpy_minimal_client/lib/examples_rclpy_minimal_client
[4.960s] Installing client_async script to /home/emine/ros2_ws/install/examples_rclpy_minimal_client/lib/examples_rclpy_minimal_client
[4.967s] Installing client_async_callback script to /home/emine/ros2_ws/install/examples_rclpy_minimal_client/lib/examples_rclpy_minimal_client
[4.968s] Installing client_async_member_function script to /home/emine/ros2_ws/install/examples_rclpy_minimal_client/lib/examples_rclpy_minimal_client
[4.969s] writing list of installed files to '/home/emine/ros2_ws/build/examples_rclpy_minimal_client/install.log'
[5.134s] Invoked command in '/home/emine/ros2_ws/src/examples/rclpy/services/minimal_client' returned '0': PYTHONPATH=/home/emine/ros2_ws/build/examples_rclpy_minimal_client/prefix_override:/home/emine/ros2_ws/install/examples_rclpy_minimal_client/lib/python3.8/site-packages:${PYTHONPATH} /usr/bin/python3 setup.py egg_info --egg-base ../../../../../build/examples_rclpy_minimal_client build --build-base /home/emine/ros2_ws/build/examples_rclpy_minimal_client/build install --record /home/emine/ros2_ws/build/examples_rclpy_minimal_client/install.log --install-scripts $base/lib/examples_rclpy_minimal_client --single-version-externally-managed
