[0.074s] Invoking command in '/home/emine/ros2_ws/build/my_package': CMAKE_PREFIX_PATH=/opt/ros/foxy /usr/bin/cmake /home/emine/ros2_ws/src/my_package -DCMAKE_INSTALL_PREFIX=/home/emine/ros2_ws/install/my_package
[0.118s] -- The C compiler identification is GNU 9.4.0
[0.165s] -- The CXX compiler identification is GNU 9.4.0
[0.168s] -- Check for working C compiler: /usr/bin/cc
[0.240s] -- Check for working C compiler: /usr/bin/cc -- works
[0.241s] -- Detecting C compiler ABI info
[0.328s] -- Detecting C compiler ABI info - done
[0.338s] -- Detecting C compile features
[0.338s] -- Detecting C compile features - done
[0.340s] -- Check for working CXX compiler: /usr/bin/c++
[0.415s] -- Check for working CXX compiler: /usr/bin/c++ -- works
[0.416s] -- Detecting CXX compiler ABI info
[0.513s] -- Detecting CXX compiler ABI info - done
[0.522s] -- Detecting CXX compile features
[0.523s] -- Detecting CXX compile features - done
[0.524s] -- Found ament_cmake: 0.9.12 (/opt/ros/foxy/share/ament_cmake/cmake)
[0.547s] -- Found PythonInterp: /usr/bin/python3 (found suitable version "3.8.10", minimum required is "3") 
[0.547s] -- Using PYTHON_EXECUTABLE: /usr/bin/python3
[0.670s] -- Found ament_lint_auto: 0.9.8 (/opt/ros/foxy/share/ament_lint_auto/cmake)
[0.712s] -- Added test 'copyright' to check source files copyright and LICENSE
[0.713s] -- Added test 'cppcheck' to perform static code analysis on C / C++ code
[0.713s] -- Configured cppcheck include dirs: $<BUILD_INTERFACE:/home/emine/ros2_ws/src/my_package/include>
[0.713s] -- Configured cppcheck exclude dirs and/or files: 
[0.713s] -- Added test 'cpplint' to check C / C++ code against the Google style
[0.714s] -- Configured cpplint exclude dirs and/or files: 
[0.714s] -- Added test 'lint_cmake' to check CMake code style
[0.714s] -- Added test 'uncrustify' to check C / C++ code style
[0.715s] -- Configured uncrustify additional arguments: 
[0.715s] -- Added test 'xmllint' to check XML markup files
[0.716s] -- Configuring done
[0.718s] -- Generating done
[0.719s] -- Build files have been written to: /home/emine/ros2_ws/build/my_package
[0.722s] Invoked command in '/home/emine/ros2_ws/build/my_package' returned '0': CMAKE_PREFIX_PATH=/opt/ros/foxy /usr/bin/cmake /home/emine/ros2_ws/src/my_package -DCMAKE_INSTALL_PREFIX=/home/emine/ros2_ws/install/my_package
[0.724s] Invoking command in '/home/emine/ros2_ws/build/my_package': CMAKE_PREFIX_PATH=/opt/ros/foxy /usr/bin/cmake --build /home/emine/ros2_ws/build/my_package -- -j16 -l16
[0.755s] [35m[1mScanning dependencies of target my_node[0m
[0.765s] [ 50%] [32mBuilding CXX object CMakeFiles/my_node.dir/src/my_node.cpp.o[0m
[0.790s] [100%] [32m[1mLinking CXX executable my_node[0m
[0.823s] [100%] Built target my_node
[0.832s] Invoked command in '/home/emine/ros2_ws/build/my_package' returned '0': CMAKE_PREFIX_PATH=/opt/ros/foxy /usr/bin/cmake --build /home/emine/ros2_ws/build/my_package -- -j16 -l16
[0.877s] Invoking command in '/home/emine/ros2_ws/build/my_package': CMAKE_PREFIX_PATH=/opt/ros/foxy /usr/bin/cmake --install /home/emine/ros2_ws/build/my_package
[0.889s] -- Install configuration: ""
[0.889s] -- Installing: /home/emine/ros2_ws/install/my_package/lib/my_package/my_node
[0.889s] -- Installing: /home/emine/ros2_ws/install/my_package/share/ament_index/resource_index/package_run_dependencies/my_package
[0.889s] -- Installing: /home/emine/ros2_ws/install/my_package/share/ament_index/resource_index/parent_prefix_path/my_package
[0.890s] -- Installing: /home/emine/ros2_ws/install/my_package/share/my_package/environment/ament_prefix_path.sh
[0.890s] -- Installing: /home/emine/ros2_ws/install/my_package/share/my_package/environment/ament_prefix_path.dsv
[0.891s] -- Installing: /home/emine/ros2_ws/install/my_package/share/my_package/environment/path.sh
[0.891s] -- Installing: /home/emine/ros2_ws/install/my_package/share/my_package/environment/path.dsv
[0.891s] -- Installing: /home/emine/ros2_ws/install/my_package/share/my_package/local_setup.bash
[0.891s] -- Installing: /home/emine/ros2_ws/install/my_package/share/my_package/local_setup.sh
[0.891s] -- Installing: /home/emine/ros2_ws/install/my_package/share/my_package/local_setup.zsh
[0.891s] -- Installing: /home/emine/ros2_ws/install/my_package/share/my_package/local_setup.dsv
[0.891s] -- Installing: /home/emine/ros2_ws/install/my_package/share/my_package/package.dsv
[0.892s] -- Installing: /home/emine/ros2_ws/install/my_package/share/ament_index/resource_index/packages/my_package
[0.892s] -- Installing: /home/emine/ros2_ws/install/my_package/share/my_package/cmake/my_packageConfig.cmake
[0.892s] -- Installing: /home/emine/ros2_ws/install/my_package/share/my_package/cmake/my_packageConfig-version.cmake
[0.892s] -- Installing: /home/emine/ros2_ws/install/my_package/share/my_package/package.xml
[0.893s] Invoked command in '/home/emine/ros2_ws/build/my_package' returned '0': CMAKE_PREFIX_PATH=/opt/ros/foxy /usr/bin/cmake --install /home/emine/ros2_ws/build/my_package
