[3.476s] Invoking command in '/home/emine/ros2_ws/build/examples_rclpy_minimal_publisher': PYTHONPATH=/home/emine/ros2_ws/build/examples_rclpy_minimal_publisher/prefix_override:/home/emine/ros2_ws/install/examples_rclpy_minimal_publisher/lib/python3.8/site-packages:${PYTHONPATH} /usr/bin/python3 setup.py develop --uninstall --editable --build-directory /home/emine/ros2_ws/build/examples_rclpy_minimal_publisher/build
[3.813s] running develop
[3.853s] Removing /home/emine/ros2_ws/install/examples_rclpy_minimal_publisher/lib/python3.8/site-packages/examples-rclpy-minimal-publisher.egg-link (link to .)
[4.547s] Invoked command in '/home/emine/ros2_ws/build/examples_rclpy_minimal_publisher' returned '0': PYTHONPATH=/home/emine/ros2_ws/build/examples_rclpy_minimal_publisher/prefix_override:/home/emine/ros2_ws/install/examples_rclpy_minimal_publisher/lib/python3.8/site-packages:${PYTHONPATH} /usr/bin/python3 setup.py develop --uninstall --editable --build-directory /home/emine/ros2_ws/build/examples_rclpy_minimal_publisher/build
[4.549s] Invoking command in '/home/emine/ros2_ws/src/examples/rclpy/topics/minimal_publisher': PYTHONPATH=/home/emine/ros2_ws/build/examples_rclpy_minimal_publisher/prefix_override:/home/emine/ros2_ws/install/examples_rclpy_minimal_publisher/lib/python3.8/site-packages:${PYTHONPATH} /usr/bin/python3 setup.py egg_info --egg-base ../../../../../build/examples_rclpy_minimal_publisher build --build-base /home/emine/ros2_ws/build/examples_rclpy_minimal_publisher/build install --record /home/emine/ros2_ws/build/examples_rclpy_minimal_publisher/install.log --install-scripts $base/lib/examples_rclpy_minimal_publisher --single-version-externally-managed
[4.778s] running egg_info
[4.780s] writing ../../../../../build/examples_rclpy_minimal_publisher/examples_rclpy_minimal_publisher.egg-info/PKG-INFO
[4.781s] writing dependency_links to ../../../../../build/examples_rclpy_minimal_publisher/examples_rclpy_minimal_publisher.egg-info/dependency_links.txt
[4.781s] writing entry points to ../../../../../build/examples_rclpy_minimal_publisher/examples_rclpy_minimal_publisher.egg-info/entry_points.txt
[4.781s] writing requirements to ../../../../../build/examples_rclpy_minimal_publisher/examples_rclpy_minimal_publisher.egg-info/requires.txt
[4.781s] writing top-level names to ../../../../../build/examples_rclpy_minimal_publisher/examples_rclpy_minimal_publisher.egg-info/top_level.txt
[4.828s] reading manifest file '../../../../../build/examples_rclpy_minimal_publisher/examples_rclpy_minimal_publisher.egg-info/SOURCES.txt'
[4.829s] writing manifest file '../../../../../build/examples_rclpy_minimal_publisher/examples_rclpy_minimal_publisher.egg-info/SOURCES.txt'
[4.829s] running build
[4.829s] running build_py
[4.829s] creating /home/emine/ros2_ws/build/examples_rclpy_minimal_publisher/build
[4.829s] creating /home/emine/ros2_ws/build/examples_rclpy_minimal_publisher/build/lib
[4.829s] creating /home/emine/ros2_ws/build/examples_rclpy_minimal_publisher/build/lib/examples_rclpy_minimal_publisher
[4.829s] copying examples_rclpy_minimal_publisher/publisher_old_school.py -> /home/emine/ros2_ws/build/examples_rclpy_minimal_publisher/build/lib/examples_rclpy_minimal_publisher
[4.830s] copying examples_rclpy_minimal_publisher/publisher_local_function.py -> /home/emine/ros2_ws/build/examples_rclpy_minimal_publisher/build/lib/examples_rclpy_minimal_publisher
[4.830s] copying examples_rclpy_minimal_publisher/__init__.py -> /home/emine/ros2_ws/build/examples_rclpy_minimal_publisher/build/lib/examples_rclpy_minimal_publisher
[4.830s] copying examples_rclpy_minimal_publisher/publisher_member_function.py -> /home/emine/ros2_ws/build/examples_rclpy_minimal_publisher/build/lib/examples_rclpy_minimal_publisher
[4.830s] running install
[4.830s] running install_lib
[4.831s] creating /home/emine/ros2_ws/install/examples_rclpy_minimal_publisher/lib/python3.8/site-packages/examples_rclpy_minimal_publisher
[4.831s] copying /home/emine/ros2_ws/build/examples_rclpy_minimal_publisher/build/lib/examples_rclpy_minimal_publisher/publisher_old_school.py -> /home/emine/ros2_ws/install/examples_rclpy_minimal_publisher/lib/python3.8/site-packages/examples_rclpy_minimal_publisher
[4.832s] copying /home/emine/ros2_ws/build/examples_rclpy_minimal_publisher/build/lib/examples_rclpy_minimal_publisher/publisher_local_function.py -> /home/emine/ros2_ws/install/examples_rclpy_minimal_publisher/lib/python3.8/site-packages/examples_rclpy_minimal_publisher
[4.833s] copying /home/emine/ros2_ws/build/examples_rclpy_minimal_publisher/build/lib/examples_rclpy_minimal_publisher/__init__.py -> /home/emine/ros2_ws/install/examples_rclpy_minimal_publisher/lib/python3.8/site-packages/examples_rclpy_minimal_publisher
[4.833s] copying /home/emine/ros2_ws/build/examples_rclpy_minimal_publisher/build/lib/examples_rclpy_minimal_publisher/publisher_member_function.py -> /home/emine/ros2_ws/install/examples_rclpy_minimal_publisher/lib/python3.8/site-packages/examples_rclpy_minimal_publisher
[4.833s] byte-compiling /home/emine/ros2_ws/install/examples_rclpy_minimal_publisher/lib/python3.8/site-packages/examples_rclpy_minimal_publisher/publisher_old_school.py to publisher_old_school.cpython-38.pyc
[4.833s] byte-compiling /home/emine/ros2_ws/install/examples_rclpy_minimal_publisher/lib/python3.8/site-packages/examples_rclpy_minimal_publisher/publisher_local_function.py to publisher_local_function.cpython-38.pyc
[4.833s] byte-compiling /home/emine/ros2_ws/install/examples_rclpy_minimal_publisher/lib/python3.8/site-packages/examples_rclpy_minimal_publisher/__init__.py to __init__.cpython-38.pyc
[4.833s] byte-compiling /home/emine/ros2_ws/install/examples_rclpy_minimal_publisher/lib/python3.8/site-packages/examples_rclpy_minimal_publisher/publisher_member_function.py to publisher_member_function.cpython-38.pyc
[4.834s] running install_data
[4.834s] running install_egg_info
[4.836s] Copying ../../../../../build/examples_rclpy_minimal_publisher/examples_rclpy_minimal_publisher.egg-info to /home/emine/ros2_ws/install/examples_rclpy_minimal_publisher/lib/python3.8/site-packages/examples_rclpy_minimal_publisher-0.9.4-py3.8.egg-info
[4.836s] running install_scripts
[4.886s] Installing publisher_local_function script to /home/emine/ros2_ws/install/examples_rclpy_minimal_publisher/lib/examples_rclpy_minimal_publisher
[4.886s] Installing publisher_member_function script to /home/emine/ros2_ws/install/examples_rclpy_minimal_publisher/lib/examples_rclpy_minimal_publisher
[4.886s] Installing publisher_old_school script to /home/emine/ros2_ws/install/examples_rclpy_minimal_publisher/lib/examples_rclpy_minimal_publisher
[4.887s] writing list of installed files to '/home/emine/ros2_ws/build/examples_rclpy_minimal_publisher/install.log'
[5.130s] Invoked command in '/home/emine/ros2_ws/src/examples/rclpy/topics/minimal_publisher' returned '0': PYTHONPATH=/home/emine/ros2_ws/build/examples_rclpy_minimal_publisher/prefix_override:/home/emine/ros2_ws/install/examples_rclpy_minimal_publisher/lib/python3.8/site-packages:${PYTHONPATH} /usr/bin/python3 setup.py egg_info --egg-base ../../../../../build/examples_rclpy_minimal_publisher build --build-base /home/emine/ros2_ws/build/examples_rclpy_minimal_publisher/build install --record /home/emine/ros2_ws/build/examples_rclpy_minimal_publisher/install.log --install-scripts $base/lib/examples_rclpy_minimal_publisher --single-version-externally-managed
