[1.180s] Invoking command in '/home/emine/ros2_ws/build/examples_rclcpp_minimal_composition': CMAKE_PREFIX_PATH=/opt/ros/foxy /usr/bin/cmake --build /home/emine/ros2_ws/build/examples_rclcpp_minimal_composition -- -j16 -l16
[2.719s] [ 33%] Built target composition_nodes
[2.719s] [ 55%] Built target composition_publisher
[2.719s] [ 77%] Built target composition_composed
[2.720s] [100%] Built target composition_subscriber
[2.734s] Invoked command in '/home/emine/ros2_ws/build/examples_rclcpp_minimal_composition' returned '0': CMAKE_PREFIX_PATH=/opt/ros/foxy /usr/bin/cmake --build /home/emine/ros2_ws/build/examples_rclcpp_minimal_composition -- -j16 -l16
[2.823s] Invoking command in '/home/emine/ros2_ws/build/examples_rclcpp_minimal_composition': CMAKE_PREFIX_PATH=/opt/ros/foxy /usr/bin/cmake --install /home/emine/ros2_ws/build/examples_rclcpp_minimal_composition
[2.866s] -- Install configuration: ""
[2.866s] -- Execute custom install script
[2.866s] -- Up-to-date symlink: /home/emine/ros2_ws/install/examples_rclcpp_minimal_composition/share/examples_rclcpp_minimal_composition/environment/library_path.sh
[2.866s] -- Up-to-date symlink: /home/emine/ros2_ws/install/examples_rclcpp_minimal_composition/share/examples_rclcpp_minimal_composition/environment/library_path.dsv
[2.866s] -- Up-to-date symlink: /home/emine/ros2_ws/install/examples_rclcpp_minimal_composition/lib/libcomposition_nodes.so
[2.867s] -- Up-to-date symlink: /home/emine/ros2_ws/install/examples_rclcpp_minimal_composition/lib/examples_rclcpp_minimal_composition/composition_publisher
[2.867s] -- Up-to-date symlink: /home/emine/ros2_ws/install/examples_rclcpp_minimal_composition/lib/examples_rclcpp_minimal_composition/composition_subscriber
[2.867s] -- Up-to-date symlink: /home/emine/ros2_ws/install/examples_rclcpp_minimal_composition/lib/examples_rclcpp_minimal_composition/composition_composed
[2.867s] -- Up-to-date symlink: /home/emine/ros2_ws/install/examples_rclcpp_minimal_composition/share/ament_index/resource_index/package_run_dependencies/examples_rclcpp_minimal_composition
[2.867s] -- Up-to-date symlink: /home/emine/ros2_ws/install/examples_rclcpp_minimal_composition/share/ament_index/resource_index/parent_prefix_path/examples_rclcpp_minimal_composition
[2.867s] -- Up-to-date symlink: /home/emine/ros2_ws/install/examples_rclcpp_minimal_composition/share/examples_rclcpp_minimal_composition/environment/ament_prefix_path.sh
[2.867s] -- Up-to-date symlink: /home/emine/ros2_ws/install/examples_rclcpp_minimal_composition/share/examples_rclcpp_minimal_composition/environment/ament_prefix_path.dsv
[2.868s] -- Up-to-date symlink: /home/emine/ros2_ws/install/examples_rclcpp_minimal_composition/share/examples_rclcpp_minimal_composition/environment/path.sh
[2.868s] -- Up-to-date symlink: /home/emine/ros2_ws/install/examples_rclcpp_minimal_composition/share/examples_rclcpp_minimal_composition/environment/path.dsv
[2.868s] -- Up-to-date symlink: /home/emine/ros2_ws/install/examples_rclcpp_minimal_composition/share/examples_rclcpp_minimal_composition/local_setup.bash
[2.868s] -- Up-to-date symlink: /home/emine/ros2_ws/install/examples_rclcpp_minimal_composition/share/examples_rclcpp_minimal_composition/local_setup.sh
[2.868s] -- Up-to-date symlink: /home/emine/ros2_ws/install/examples_rclcpp_minimal_composition/share/examples_rclcpp_minimal_composition/local_setup.zsh
[2.868s] -- Up-to-date symlink: /home/emine/ros2_ws/install/examples_rclcpp_minimal_composition/share/examples_rclcpp_minimal_composition/local_setup.dsv
[2.868s] -- Symlinking: /home/emine/ros2_ws/install/examples_rclcpp_minimal_composition/share/examples_rclcpp_minimal_composition/package.dsv
[2.875s] -- Up-to-date symlink: /home/emine/ros2_ws/install/examples_rclcpp_minimal_composition/share/ament_index/resource_index/packages/examples_rclcpp_minimal_composition
[2.877s] -- Up-to-date symlink: /home/emine/ros2_ws/install/examples_rclcpp_minimal_composition/share/examples_rclcpp_minimal_composition/cmake/examples_rclcpp_minimal_compositionConfig.cmake
[2.877s] -- Up-to-date symlink: /home/emine/ros2_ws/install/examples_rclcpp_minimal_composition/share/examples_rclcpp_minimal_composition/cmake/examples_rclcpp_minimal_compositionConfig-version.cmake
[2.877s] -- Up-to-date symlink: /home/emine/ros2_ws/install/examples_rclcpp_minimal_composition/share/examples_rclcpp_minimal_composition/package.xml
[3.416s] Invoked command in '/home/emine/ros2_ws/build/examples_rclcpp_minimal_composition' returned '0': CMAKE_PREFIX_PATH=/opt/ros/foxy /usr/bin/cmake --install /home/emine/ros2_ws/build/examples_rclcpp_minimal_composition
