[1.340s] Invoking command in '/home/emine/ros2_ws/build/examples_rclcpp_minimal_client': CMAKE_PREFIX_PATH=/opt/ros/foxy /usr/bin/cmake /home/emine/ros2_ws/src/examples/rclcpp/services/minimal_client -DAMENT_CMAKE_SYMLINK_INSTALL=1 -DCMAKE_INSTALL_PREFIX=/home/emine/ros2_ws/install/examples_rclcpp_minimal_client
[4.205s] -- The C compiler identification is GNU 9.4.0
[4.206s] -- The CXX compiler identification is GNU 9.4.0
[4.206s] -- Check for working C compiler: /usr/bin/cc
[4.206s] -- Check for working C compiler: /usr/bin/cc -- works
[4.206s] -- Detecting C compiler ABI info
[4.206s] -- Detecting C compiler ABI info - done
[4.206s] -- Detecting C compile features
[4.206s] -- Detecting C compile features - done
[4.206s] -- Check for working CXX compiler: /usr/bin/c++
[4.206s] -- Check for working CXX compiler: /usr/bin/c++ -- works
[4.206s] -- Detecting CXX compiler ABI info
[4.206s] -- Detecting CXX compiler ABI info - done
[4.206s] -- Detecting CXX compile features
[4.207s] -- Detecting CXX compile features - done
[4.207s] -- Found ament_cmake: 0.9.12 (/opt/ros/foxy/share/ament_cmake/cmake)
[4.207s] -- Found PythonInterp: /usr/bin/python3 (found suitable version "3.8.10", minimum required is "3") 
[4.207s] -- Using PYTHON_EXECUTABLE: /usr/bin/python3
[4.207s] -- Override CMake install command with custom implementation using symlinks instead of copying resources
[4.207s] -- Found example_interfaces: 0.9.1 (/opt/ros/foxy/share/example_interfaces/cmake)
[4.207s] -- Using all available rosidl_typesupport_c: rosidl_typesupport_fastrtps_c;rosidl_typesupport_introspection_c
[4.207s] -- Found rosidl_adapter: 1.3.1 (/opt/ros/foxy/share/rosidl_adapter/cmake)
[4.207s] -- Found OpenSSL: /usr/lib/x86_64-linux-gnu/libcrypto.so (found version "1.1.1f")  
[4.207s] -- Found FastRTPS: /opt/ros/foxy/include  
[4.208s] -- Using all available rosidl_typesupport_cpp: rosidl_typesupport_fastrtps_cpp;rosidl_typesupport_introspection_cpp
[4.208s] -- Found rclcpp: 2.4.3 (/opt/ros/foxy/share/rclcpp/cmake)
[4.208s] -- Found rmw_implementation_cmake: 1.0.4 (/opt/ros/foxy/share/rmw_implementation_cmake/cmake)
[4.208s] -- Using RMW implementation 'rmw_fastrtps_cpp' as default
[4.208s] -- Looking for pthread.h
[4.208s] -- Looking for pthread.h - found
[4.208s] -- Performing Test CMAKE_HAVE_LIBC_PTHREAD
[4.208s] -- Performing Test CMAKE_HAVE_LIBC_PTHREAD - Failed
[4.208s] -- Looking for pthread_create in pthreads
[4.208s] -- Looking for pthread_create in pthreads - not found
[4.208s] -- Looking for pthread_create in pthread
[4.208s] -- Looking for pthread_create in pthread - found
[4.208s] -- Found Threads: TRUE  
[4.208s] -- Found ament_lint_auto: 0.9.8 (/opt/ros/foxy/share/ament_lint_auto/cmake)
[4.208s] -- Added test 'copyright' to check source files copyright and LICENSE
[4.208s] -- Added test 'cppcheck' to perform static code analysis on C / C++ code
[4.209s] -- Configured cppcheck include dirs: 
[4.209s] -- Configured cppcheck exclude dirs and/or files: 
[4.209s] -- Added test 'cpplint' to check C / C++ code against the Google style
[4.209s] -- Configured cpplint exclude dirs and/or files: 
[4.209s] -- Added test 'lint_cmake' to check CMake code style
[4.209s] -- Added test 'uncrustify' to check C / C++ code style
[4.209s] -- Configured uncrustify additional arguments: 
[4.209s] -- Added test 'xmllint' to check XML markup files
[4.209s] -- Configuring done
[4.209s] -- Generating done
[4.209s] -- Build files have been written to: /home/emine/ros2_ws/build/examples_rclcpp_minimal_client
[4.240s] Invoked command in '/home/emine/ros2_ws/build/examples_rclcpp_minimal_client' returned '0': CMAKE_PREFIX_PATH=/opt/ros/foxy /usr/bin/cmake /home/emine/ros2_ws/src/examples/rclcpp/services/minimal_client -DAMENT_CMAKE_SYMLINK_INSTALL=1 -DCMAKE_INSTALL_PREFIX=/home/emine/ros2_ws/install/examples_rclcpp_minimal_client
[4.240s] Invoking command in '/home/emine/ros2_ws/build/examples_rclcpp_minimal_client': CMAKE_PREFIX_PATH=/opt/ros/foxy /usr/bin/cmake --build /home/emine/ros2_ws/build/examples_rclcpp_minimal_client -- -j16 -l16
[4.270s] [35m[1mScanning dependencies of target client_main[0m
[4.377s] [ 50%] [32mBuilding CXX object CMakeFiles/client_main.dir/main.cpp.o[0m
[10.482s] [100%] [32m[1mLinking CXX executable client_main[0m
[10.788s] [100%] Built target client_main
[11.278s] Invoked command in '/home/emine/ros2_ws/build/examples_rclcpp_minimal_client' returned '0': CMAKE_PREFIX_PATH=/opt/ros/foxy /usr/bin/cmake --build /home/emine/ros2_ws/build/examples_rclcpp_minimal_client -- -j16 -l16
[11.810s] Invoking command in '/home/emine/ros2_ws/build/examples_rclcpp_minimal_client': CMAKE_PREFIX_PATH=/opt/ros/foxy /usr/bin/cmake --install /home/emine/ros2_ws/build/examples_rclcpp_minimal_client
[11.823s] -- Install configuration: ""
[11.824s] -- Execute custom install script
[11.825s] -- Symlinking: /home/emine/ros2_ws/install/examples_rclcpp_minimal_client/lib/examples_rclcpp_minimal_client/client_main
[11.841s] -- Symlinking: /home/emine/ros2_ws/install/examples_rclcpp_minimal_client/share/ament_index/resource_index/package_run_dependencies/examples_rclcpp_minimal_client
[11.856s] -- Symlinking: /home/emine/ros2_ws/install/examples_rclcpp_minimal_client/share/ament_index/resource_index/parent_prefix_path/examples_rclcpp_minimal_client
[11.869s] -- Symlinking: /home/emine/ros2_ws/install/examples_rclcpp_minimal_client/share/examples_rclcpp_minimal_client/environment/ament_prefix_path.sh
[11.883s] -- Symlinking: /home/emine/ros2_ws/install/examples_rclcpp_minimal_client/share/examples_rclcpp_minimal_client/environment/ament_prefix_path.dsv
[11.892s] -- Symlinking: /home/emine/ros2_ws/install/examples_rclcpp_minimal_client/share/examples_rclcpp_minimal_client/environment/path.sh
[11.902s] -- Symlinking: /home/emine/ros2_ws/install/examples_rclcpp_minimal_client/share/examples_rclcpp_minimal_client/environment/path.dsv
[11.914s] -- Symlinking: /home/emine/ros2_ws/install/examples_rclcpp_minimal_client/share/examples_rclcpp_minimal_client/local_setup.bash
[11.926s] -- Symlinking: /home/emine/ros2_ws/install/examples_rclcpp_minimal_client/share/examples_rclcpp_minimal_client/local_setup.sh
[11.938s] -- Symlinking: /home/emine/ros2_ws/install/examples_rclcpp_minimal_client/share/examples_rclcpp_minimal_client/local_setup.zsh
[11.950s] -- Symlinking: /home/emine/ros2_ws/install/examples_rclcpp_minimal_client/share/examples_rclcpp_minimal_client/local_setup.dsv
[11.960s] -- Symlinking: /home/emine/ros2_ws/install/examples_rclcpp_minimal_client/share/examples_rclcpp_minimal_client/package.dsv
[11.971s] -- Symlinking: /home/emine/ros2_ws/install/examples_rclcpp_minimal_client/share/ament_index/resource_index/packages/examples_rclcpp_minimal_client
[11.980s] -- Symlinking: /home/emine/ros2_ws/install/examples_rclcpp_minimal_client/share/examples_rclcpp_minimal_client/cmake/examples_rclcpp_minimal_clientConfig.cmake
[11.992s] -- Symlinking: /home/emine/ros2_ws/install/examples_rclcpp_minimal_client/share/examples_rclcpp_minimal_client/cmake/examples_rclcpp_minimal_clientConfig-version.cmake
[12.003s] -- Symlinking: /home/emine/ros2_ws/install/examples_rclcpp_minimal_client/share/examples_rclcpp_minimal_client/package.xml
[12.018s] Invoked command in '/home/emine/ros2_ws/build/examples_rclcpp_minimal_client' returned '0': CMAKE_PREFIX_PATH=/opt/ros/foxy /usr/bin/cmake --install /home/emine/ros2_ws/build/examples_rclcpp_minimal_client
