[3.783s] Invoking command in '/home/emine/ros2_ws/build/examples_rclpy_minimal_action_client': PYTHONPATH=/home/emine/ros2_ws/build/examples_rclpy_minimal_action_client/prefix_override:/home/emine/ros2_ws/install/examples_rclpy_minimal_action_client/lib/python3.8/site-packages:${PYTHONPATH} /usr/bin/python3 setup.py develop --uninstall --editable --build-directory /home/emine/ros2_ws/build/examples_rclpy_minimal_action_client/build
[4.112s] running develop
[4.166s] Removing /home/emine/ros2_ws/install/examples_rclpy_minimal_action_client/lib/python3.8/site-packages/examples-rclpy-minimal-action-client.egg-link (link to .)
[4.861s] Invoked command in '/home/emine/ros2_ws/build/examples_rclpy_minimal_action_client' returned '0': PYTHONPATH=/home/emine/ros2_ws/build/examples_rclpy_minimal_action_client/prefix_override:/home/emine/ros2_ws/install/examples_rclpy_minimal_action_client/lib/python3.8/site-packages:${PYTHONPATH} /usr/bin/python3 setup.py develop --uninstall --editable --build-directory /home/emine/ros2_ws/build/examples_rclpy_minimal_action_client/build
[4.865s] Invoking command in '/home/emine/ros2_ws/src/examples/rclpy/actions/minimal_action_client': PYTHONPATH=/home/emine/ros2_ws/build/examples_rclpy_minimal_action_client/prefix_override:/home/emine/ros2_ws/install/examples_rclpy_minimal_action_client/lib/python3.8/site-packages:${PYTHONPATH} /usr/bin/python3 setup.py egg_info --egg-base ../../../../../build/examples_rclpy_minimal_action_client build --build-base /home/emine/ros2_ws/build/examples_rclpy_minimal_action_client/build install --record /home/emine/ros2_ws/build/examples_rclpy_minimal_action_client/install.log --install-scripts $base/lib/examples_rclpy_minimal_action_client --single-version-externally-managed
[5.103s] running egg_info
[5.105s] writing ../../../../../build/examples_rclpy_minimal_action_client/examples_rclpy_minimal_action_client.egg-info/PKG-INFO
[5.106s] writing dependency_links to ../../../../../build/examples_rclpy_minimal_action_client/examples_rclpy_minimal_action_client.egg-info/dependency_links.txt
[5.106s] writing entry points to ../../../../../build/examples_rclpy_minimal_action_client/examples_rclpy_minimal_action_client.egg-info/entry_points.txt
[5.106s] writing requirements to ../../../../../build/examples_rclpy_minimal_action_client/examples_rclpy_minimal_action_client.egg-info/requires.txt
[5.106s] writing top-level names to ../../../../../build/examples_rclpy_minimal_action_client/examples_rclpy_minimal_action_client.egg-info/top_level.txt
[5.178s] reading manifest file '../../../../../build/examples_rclpy_minimal_action_client/examples_rclpy_minimal_action_client.egg-info/SOURCES.txt'
[5.180s] writing manifest file '../../../../../build/examples_rclpy_minimal_action_client/examples_rclpy_minimal_action_client.egg-info/SOURCES.txt'
[5.180s] running build
[5.180s] running build_py
[5.181s] creating /home/emine/ros2_ws/build/examples_rclpy_minimal_action_client/build
[5.181s] creating /home/emine/ros2_ws/build/examples_rclpy_minimal_action_client/build/lib
[5.181s] creating /home/emine/ros2_ws/build/examples_rclpy_minimal_action_client/build/lib/examples_rclpy_minimal_action_client
[5.181s] copying examples_rclpy_minimal_action_client/client_cancel.py -> /home/emine/ros2_ws/build/examples_rclpy_minimal_action_client/build/lib/examples_rclpy_minimal_action_client
[5.182s] copying examples_rclpy_minimal_action_client/__init__.py -> /home/emine/ros2_ws/build/examples_rclpy_minimal_action_client/build/lib/examples_rclpy_minimal_action_client
[5.182s] copying examples_rclpy_minimal_action_client/client.py -> /home/emine/ros2_ws/build/examples_rclpy_minimal_action_client/build/lib/examples_rclpy_minimal_action_client
[5.182s] copying examples_rclpy_minimal_action_client/client_not_composable.py -> /home/emine/ros2_ws/build/examples_rclpy_minimal_action_client/build/lib/examples_rclpy_minimal_action_client
[5.182s] running install
[5.183s] running install_lib
[5.183s] creating /home/emine/ros2_ws/install/examples_rclpy_minimal_action_client/lib/python3.8/site-packages/examples_rclpy_minimal_action_client
[5.185s] copying /home/emine/ros2_ws/build/examples_rclpy_minimal_action_client/build/lib/examples_rclpy_minimal_action_client/client_cancel.py -> /home/emine/ros2_ws/install/examples_rclpy_minimal_action_client/lib/python3.8/site-packages/examples_rclpy_minimal_action_client
[5.188s] copying /home/emine/ros2_ws/build/examples_rclpy_minimal_action_client/build/lib/examples_rclpy_minimal_action_client/__init__.py -> /home/emine/ros2_ws/install/examples_rclpy_minimal_action_client/lib/python3.8/site-packages/examples_rclpy_minimal_action_client
[5.188s] copying /home/emine/ros2_ws/build/examples_rclpy_minimal_action_client/build/lib/examples_rclpy_minimal_action_client/client.py -> /home/emine/ros2_ws/install/examples_rclpy_minimal_action_client/lib/python3.8/site-packages/examples_rclpy_minimal_action_client
[5.188s] copying /home/emine/ros2_ws/build/examples_rclpy_minimal_action_client/build/lib/examples_rclpy_minimal_action_client/client_not_composable.py -> /home/emine/ros2_ws/install/examples_rclpy_minimal_action_client/lib/python3.8/site-packages/examples_rclpy_minimal_action_client
[5.188s] byte-compiling /home/emine/ros2_ws/install/examples_rclpy_minimal_action_client/lib/python3.8/site-packages/examples_rclpy_minimal_action_client/client_cancel.py to client_cancel.cpython-38.pyc
[5.190s] byte-compiling /home/emine/ros2_ws/install/examples_rclpy_minimal_action_client/lib/python3.8/site-packages/examples_rclpy_minimal_action_client/__init__.py to __init__.cpython-38.pyc
[5.190s] byte-compiling /home/emine/ros2_ws/install/examples_rclpy_minimal_action_client/lib/python3.8/site-packages/examples_rclpy_minimal_action_client/client.py to client.cpython-38.pyc
[5.193s] byte-compiling /home/emine/ros2_ws/install/examples_rclpy_minimal_action_client/lib/python3.8/site-packages/examples_rclpy_minimal_action_client/client_not_composable.py to client_not_composable.cpython-38.pyc
[5.194s] running install_data
[5.194s] running install_egg_info
[5.194s] Copying ../../../../../build/examples_rclpy_minimal_action_client/examples_rclpy_minimal_action_client.egg-info to /home/emine/ros2_ws/install/examples_rclpy_minimal_action_client/lib/python3.8/site-packages/examples_rclpy_minimal_action_client-0.9.4-py3.8.egg-info
[5.194s] running install_scripts
[5.199s] Installing client script to /home/emine/ros2_ws/install/examples_rclpy_minimal_action_client/lib/examples_rclpy_minimal_action_client
[5.199s] Installing client_cancel script to /home/emine/ros2_ws/install/examples_rclpy_minimal_action_client/lib/examples_rclpy_minimal_action_client
[5.199s] Installing client_not_composable script to /home/emine/ros2_ws/install/examples_rclpy_minimal_action_client/lib/examples_rclpy_minimal_action_client
[5.199s] writing list of installed files to '/home/emine/ros2_ws/build/examples_rclpy_minimal_action_client/install.log'
[5.765s] Invoked command in '/home/emine/ros2_ws/src/examples/rclpy/actions/minimal_action_client' returned '0': PYTHONPATH=/home/emine/ros2_ws/build/examples_rclpy_minimal_action_client/prefix_override:/home/emine/ros2_ws/install/examples_rclpy_minimal_action_client/lib/python3.8/site-packages:${PYTHONPATH} /usr/bin/python3 setup.py egg_info --egg-base ../../../../../build/examples_rclpy_minimal_action_client build --build-base /home/emine/ros2_ws/build/examples_rclpy_minimal_action_client/build install --record /home/emine/ros2_ws/build/examples_rclpy_minimal_action_client/install.log --install-scripts $base/lib/examples_rclpy_minimal_action_client --single-version-externally-managed
