[0.000000] (-) TimerEvent: {}
[0.000185] (-) JobUnselected: {'identifier': 'examples_rclcpp_minimal_action_client'}
[0.000220] (-) JobUnselected: {'identifier': 'examples_rclcpp_minimal_action_server'}
[0.000232] (-) JobUnselected: {'identifier': 'examples_rclcpp_minimal_client'}
[0.000243] (-) JobUnselected: {'identifier': 'examples_rclcpp_minimal_composition'}
[0.000253] (-) JobUnselected: {'identifier': 'examples_rclcpp_minimal_publisher'}
[0.000262] (-) JobUnselected: {'identifier': 'examples_rclcpp_minimal_service'}
[0.000274] (-) JobUnselected: {'identifier': 'examples_rclcpp_minimal_subscriber'}
[0.000284] (-) JobUnselected: {'identifier': 'examples_rclcpp_minimal_timer'}
[0.000293] (-) JobUnselected: {'identifier': 'examples_rclcpp_multithreaded_executor'}
[0.000304] (-) JobUnselected: {'identifier': 'examples_rclpy_executors'}
[0.000313] (-) JobUnselected: {'identifier': 'examples_rclpy_minimal_action_client'}
[0.000322] (-) JobUnselected: {'identifier': 'examples_rclpy_minimal_action_server'}
[0.000331] (-) JobUnselected: {'identifier': 'examples_rclpy_minimal_client'}
[0.000340] (-) JobUnselected: {'identifier': 'examples_rclpy_minimal_publisher'}
[0.000349] (-) JobUnselected: {'identifier': 'examples_rclpy_minimal_service'}
[0.000358] (-) JobUnselected: {'identifier': 'examples_rclpy_minimal_subscriber'}
[0.000367] (-) JobUnselected: {'identifier': 'more_interfaces'}
[0.000376] (-) JobUnselected: {'identifier': 'my_package'}
[0.000388] (-) JobUnselected: {'identifier': 'py_pubsub'}
[0.000398] (-) JobUnselected: {'identifier': 'py_srvcli'}
[0.000408] (-) JobUnselected: {'identifier': 'turtlesim'}
[0.000417] (-) JobUnselected: {'identifier': 'tutorial_interfaces'}
[0.000428] (python_parameters) JobQueued: {'identifier': 'python_parameters', 'dependencies': OrderedDict()}
[0.000443] (python_parameters) JobStarted: {'identifier': 'python_parameters'}
[0.099848] (-) TimerEvent: {}
[0.200514] (-) TimerEvent: {}
[0.301274] (-) TimerEvent: {}
[0.302578] (python_parameters) StderrLine: {'line': b'Traceback (most recent call last):\n  File "/usr/lib/python3/dist-packages/colcon_core/executor/__init__.py", line 91, in __call__\n    rc = await self.task(*args, **kwargs)\n  File "/usr/lib/python3/dist-packages/colcon_core/task/__init__.py", line 93, in __call__\n    return await task_method(*args, **kwargs)\n  File "/usr/lib/python3/dist-packages/colcon_ros/task/ament_python/build.py", line 51, in build\n    setup_py_data = get_setup_data(self.context.pkg, env)\n  File "/usr/lib/python3/dist-packages/colcon_core/task/python/__init__.py", line 20, in get_setup_data\n    return dict(pkg.metadata[key](env))\n  File "/usr/lib/python3/dist-packages/colcon_ros/package_augmentation/ros_ament_python.py", line 57, in getter\n    return get_setup_information(\n  File "/usr/lib/python3/dist-packages/colcon_python_setup_py/package_identification/python_setup_py.py", line 241, in get_setup_information\n    _setup_information_cache[hashable_env] = _get_setup_information(\n  File "/usr/lib/python3/dist-packages/colcon_python_setup_py/package_identification/python_setup_py.py", line 288, in _get_setup_information\n    result = subprocess.run(\n  File "/usr/lib/python3.8/subprocess.py", line 516, in run\n    raise CalledProcessError(retcode, process.args,\nsubprocess.CalledProcessError: Command \'[\'/usr/bin/python3\', \'-c\', \'import sys;from contextlib import suppress;exec("with suppress(ImportError):    from setuptools.extern.packaging.specifiers    import SpecifierSet");exec("with suppress(ImportError):    from packaging.specifiers import SpecifierSet");from distutils.core import run_setup;dist = run_setup(    \\\'setup.py\\\', script_args=(\\\'--dry-run\\\',), stop_after=\\\'config\\\');skip_keys = (\\\'cmdclass\\\', \\\'distclass\\\', \\\'ext_modules\\\', \\\'metadata\\\');data = {    key: value for key, value in dist.__dict__.items()     if (        not key.startswith(\\\'_\\\') and         not callable(value) and         key not in skip_keys and         key not in dist.display_option_names    )};data[\\\'metadata\\\'] = {    k: v for k, v in dist.metadata.__dict__.items()     if k not in (\\\'license_files\\\', \\\'provides_extras\\\')};sys.stdout.buffer.write(repr(data).encode(\\\'utf-8\\\'))\']\' returned non-zero exit status 1.\n'}
[0.302963] (python_parameters) JobEnded: {'identifier': 'python_parameters', 'rc': 1}
[0.313607] (-) EventReactorShutdown: {}
