[0.064s] Invoking command in '/home/emine/ros2_ws/build/more_interfaces': CMAKE_PREFIX_PATH=/opt/ros/foxy /usr/bin/cmake /home/emine/ros2_ws/src/more_interfaces -DCMAKE_INSTALL_PREFIX=/home/emine/ros2_ws/install/more_interfaces
[0.072s] -- Found ament_cmake: 0.9.12 (/opt/ros/foxy/share/ament_cmake/cmake)
[0.084s] -- Found PythonInterp: /usr/bin/python3 (found suitable version "3.8.10", minimum required is "3") 
[0.085s] -- Using PYTHON_EXECUTABLE: /usr/bin/python3
[0.184s] -- Found ament_lint_auto: 0.9.8 (/opt/ros/foxy/share/ament_lint_auto/cmake)
[0.218s] -- Found rosidl_default_generators: 1.0.1 (/opt/ros/foxy/share/rosidl_default_generators/cmake)
[0.219s] -- Using all available rosidl_typesupport_c: rosidl_typesupport_fastrtps_c;rosidl_typesupport_introspection_c
[0.221s] -- Found rosidl_adapter: 1.3.1 (/opt/ros/foxy/share/rosidl_adapter/cmake)
[0.297s] -- Using all available rosidl_typesupport_cpp: rosidl_typesupport_fastrtps_cpp;rosidl_typesupport_introspection_cpp
[0.322s] -- Found PythonInterp: /usr/bin/python3 (found version "3.8.10") 
[0.356s] -- Found ament_cmake_ros: 0.9.2 (/opt/ros/foxy/share/ament_cmake_ros/cmake)
[0.408s] -- Using all available rosidl_typesupport_c: rosidl_typesupport_fastrtps_c;rosidl_typesupport_introspection_c
[0.411s] -- Using all available rosidl_typesupport_cpp: rosidl_typesupport_fastrtps_cpp;rosidl_typesupport_introspection_cpp
[0.424s] -- Found PythonInterp: /usr/bin/python3 (found suitable version "3.8.10", minimum required is "3.5") 
[0.424s] -- Found python_cmake_module: 0.8.1 (/opt/ros/foxy/share/python_cmake_module/cmake)
[0.438s] -- Using PYTHON_EXECUTABLE: /usr/bin/python3
[0.438s] -- Using PYTHON_INCLUDE_DIRS: /usr/include/python3.8
[0.438s] -- Using PYTHON_LIBRARIES: /usr/lib/x86_64-linux-gnu/libpython3.8.so
[0.447s] -- Found rclcpp: 2.4.3 (/opt/ros/foxy/share/rclcpp/cmake)
[0.488s] -- Found rmw_implementation_cmake: 1.0.4 (/opt/ros/foxy/share/rmw_implementation_cmake/cmake)
[0.489s] -- Using RMW implementation 'rmw_fastrtps_cpp' as default
[0.490s] -- Looking for pthread.h
[0.554s] -- Looking for pthread.h - found
[0.554s] -- Performing Test CMAKE_HAVE_LIBC_PTHREAD
[0.623s] -- Performing Test CMAKE_HAVE_LIBC_PTHREAD - Failed
[0.624s] -- Looking for pthread_create in pthreads
[0.690s] -- Looking for pthread_create in pthreads - not found
[0.690s] -- Looking for pthread_create in pthread
[0.779s] -- Looking for pthread_create in pthread - found
[0.780s] -- Found Threads: TRUE  
[0.886s] -- Added test 'copyright' to check source files copyright and LICENSE
[0.887s] -- Added test 'cppcheck' to perform static code analysis on C / C++ code
[0.887s] -- Configured cppcheck include dirs: 
[0.887s] -- Configured cppcheck exclude dirs and/or files: 
[0.888s] -- Added test 'cpplint' to check C / C++ code against the Google style
[0.888s] -- Configured cpplint exclude dirs and/or files: 
[0.888s] -- Added test 'lint_cmake' to check CMake code style
[0.889s] -- Added test 'uncrustify' to check C / C++ code style
[0.889s] -- Configured uncrustify additional arguments: 
[0.889s] -- Added test 'xmllint' to check XML markup files
[0.892s] -- Configuring done
[0.909s] -- Generating done
[0.910s] -- Build files have been written to: /home/emine/ros2_ws/build/more_interfaces
[0.915s] Invoked command in '/home/emine/ros2_ws/build/more_interfaces' returned '0': CMAKE_PREFIX_PATH=/opt/ros/foxy /usr/bin/cmake /home/emine/ros2_ws/src/more_interfaces -DCMAKE_INSTALL_PREFIX=/home/emine/ros2_ws/install/more_interfaces
[0.918s] Invoking command in '/home/emine/ros2_ws/build/more_interfaces': CMAKE_PREFIX_PATH=/opt/ros/foxy /usr/bin/cmake --build /home/emine/ros2_ws/build/more_interfaces -- -j16 -l16
[0.945s] [35m[1mScanning dependencies of target more_interfaces__cpp[0m
[0.945s] [  3%] [34m[1mGenerating C code for ROS interfaces[0m
[0.952s] [  6%] [34m[1mGenerating C++ code for ROS interfaces[0m
[1.084s] [35m[1mScanning dependencies of target more_interfaces__rosidl_generator_c[0m
[1.086s] [  6%] Built target more_interfaces__cpp
[1.091s] [  9%] [34m[1mGenerating C++ introspection for ROS interfaces[0m
[1.091s] [ 12%] [34m[1mGenerating C++ type support dispatch for ROS interfaces[0m
[1.091s] [ 15%] [34m[1mGenerating C++ type support for eProsima Fast-RTPS[0m
[1.099s] [ 18%] [32mBuilding C object CMakeFiles/more_interfaces__rosidl_generator_c.dir/rosidl_generator_c/more_interfaces/msg/detail/address_book__functions.c.o[0m
[1.126s] [ 21%] [32m[1mLinking C shared library libmore_interfaces__rosidl_generator_c.so[0m
[1.146s] [ 21%] Built target more_interfaces__rosidl_generator_c
[1.152s] [ 27%] [34m[1mGenerating C introspection for ROS interfaces[0m
[1.152s] [ 27%] [34m[1mGenerating C type support dispatch for ROS interfaces[0m
[1.216s] [35m[1mScanning dependencies of target more_interfaces__rosidl_typesupport_cpp[0m
[1.223s] [ 30%] [32mBuilding CXX object CMakeFiles/more_interfaces__rosidl_typesupport_cpp.dir/rosidl_typesupport_cpp/more_interfaces/msg/address_book__type_support.cpp.o[0m
[1.225s] [35m[1mScanning dependencies of target more_interfaces__rosidl_typesupport_introspection_cpp[0m
[1.231s] [35m[1mScanning dependencies of target more_interfaces__rosidl_typesupport_fastrtps_cpp[0m
[1.232s] [ 33%] [32mBuilding CXX object CMakeFiles/more_interfaces__rosidl_typesupport_introspection_cpp.dir/rosidl_typesupport_introspection_cpp/more_interfaces/msg/detail/address_book__type_support.cpp.o[0m
[1.239s] [ 36%] [32mBuilding CXX object CMakeFiles/more_interfaces__rosidl_typesupport_fastrtps_cpp.dir/rosidl_typesupport_fastrtps_cpp/more_interfaces/msg/detail/dds_fastrtps/address_book__type_support.cpp.o[0m
[1.280s] [35m[1mScanning dependencies of target more_interfaces__rosidl_typesupport_c[0m
[1.287s] [ 39%] [32mBuilding CXX object CMakeFiles/more_interfaces__rosidl_typesupport_c.dir/rosidl_typesupport_c/more_interfaces/msg/address_book__type_support.cpp.o[0m
[1.292s] [35m[1mScanning dependencies of target more_interfaces__rosidl_typesupport_introspection_c[0m
[1.299s] [ 42%] [32mBuilding C object CMakeFiles/more_interfaces__rosidl_typesupport_introspection_c.dir/rosidl_typesupport_introspection_c/more_interfaces/msg/detail/address_book__type_support.c.o[0m
[1.305s] [ 45%] [32m[1mLinking CXX shared library libmore_interfaces__rosidl_typesupport_c.so[0m
[1.318s] [ 48%] [32m[1mLinking C shared library libmore_interfaces__rosidl_typesupport_introspection_c.so[0m
[1.329s] [ 48%] Built target more_interfaces__rosidl_typesupport_c
[1.336s] [ 48%] Built target more_interfaces__rosidl_typesupport_introspection_c
[1.385s] [ 51%] [32m[1mLinking CXX shared library libmore_interfaces__rosidl_typesupport_cpp.so[0m
[1.393s] [ 54%] [32m[1mLinking CXX shared library libmore_interfaces__rosidl_typesupport_introspection_cpp.so[0m
[1.408s] [ 54%] Built target more_interfaces__rosidl_typesupport_cpp
[1.427s] [ 54%] Built target more_interfaces__rosidl_typesupport_introspection_cpp
[1.474s] [ 57%] [32m[1mLinking CXX shared library libmore_interfaces__rosidl_typesupport_fastrtps_cpp.so[0m
[1.526s] [ 57%] Built target more_interfaces__rosidl_typesupport_fastrtps_cpp
[1.531s] [ 60%] [34m[1mGenerating C type support for eProsima Fast-RTPS[0m
[1.661s] [35m[1mScanning dependencies of target more_interfaces__rosidl_typesupport_fastrtps_c[0m
[1.668s] [ 63%] [32mBuilding CXX object CMakeFiles/more_interfaces__rosidl_typesupport_fastrtps_c.dir/rosidl_typesupport_fastrtps_c/more_interfaces/msg/detail/address_book__type_support_c.cpp.o[0m
[1.868s] [ 66%] [32m[1mLinking CXX shared library libmore_interfaces__rosidl_typesupport_fastrtps_c.so[0m
[1.917s] [ 66%] Built target more_interfaces__rosidl_typesupport_fastrtps_c
[1.922s] [35m[1mScanning dependencies of target more_interfaces[0m
[1.928s] [ 66%] Built target more_interfaces
[1.933s] [35m[1mScanning dependencies of target more_interfaces__py[0m
[1.934s] [35m[1mScanning dependencies of target publish_address_book[0m
[1.939s] [ 69%] [34m[1mGenerating Python code for ROS interfaces[0m
[1.978s] [ 72%] [32mBuilding CXX object CMakeFiles/publish_address_book.dir/src/publish_address_book.cpp.o[0m
[2.164s] [ 72%] Built target more_interfaces__py
[2.169s] [35m[1mScanning dependencies of target more_interfaces__python[0m
[2.179s] [ 75%] [32mBuilding C object CMakeFiles/more_interfaces__python.dir/rosidl_generator_py/more_interfaces/msg/_address_book_s.c.o[0m
[2.231s] [ 78%] [32m[1mLinking C shared library rosidl_generator_py/more_interfaces/libmore_interfaces__python.so[0m
[2.254s] [ 78%] Built target more_interfaces__python
[2.259s] [35m[1mScanning dependencies of target more_interfaces__rosidl_typesupport_c__pyext[0m
[2.259s] [35m[1mScanning dependencies of target more_interfaces__rosidl_typesupport_introspection_c__pyext[0m
[2.260s] [35m[1mScanning dependencies of target more_interfaces__rosidl_typesupport_fastrtps_c__pyext[0m
[2.269s] [ 87%] [32mBuilding C object CMakeFiles/more_interfaces__rosidl_typesupport_introspection_c__pyext.dir/rosidl_generator_py/more_interfaces/_more_interfaces_s.ep.rosidl_typesupport_introspection_c.c.o[0m
[2.269s] [ 87%] [32mBuilding C object CMakeFiles/more_interfaces__rosidl_typesupport_fastrtps_c__pyext.dir/rosidl_generator_py/more_interfaces/_more_interfaces_s.ep.rosidl_typesupport_fastrtps_c.c.o[0m
[2.269s] [ 87%] [32mBuilding C object CMakeFiles/more_interfaces__rosidl_typesupport_c__pyext.dir/rosidl_generator_py/more_interfaces/_more_interfaces_s.ep.rosidl_typesupport_c.c.o[0m
[2.314s] [ 96%] [32m[1mLinking C shared library rosidl_generator_py/more_interfaces/more_interfaces_s__rosidl_typesupport_introspection_c.cpython-38-x86_64-linux-gnu.so[0m
[2.314s] [ 96%] [32m[1mLinking C shared library rosidl_generator_py/more_interfaces/more_interfaces_s__rosidl_typesupport_c.cpython-38-x86_64-linux-gnu.so[0m
[2.314s] [ 96%] [32m[1mLinking CXX shared library rosidl_generator_py/more_interfaces/more_interfaces_s__rosidl_typesupport_fastrtps_c.cpython-38-x86_64-linux-gnu.so[0m
[2.334s] [ 96%] Built target more_interfaces__rosidl_typesupport_introspection_c__pyext
[2.334s] [ 96%] Built target more_interfaces__rosidl_typesupport_c__pyext
[2.351s] [ 96%] Built target more_interfaces__rosidl_typesupport_fastrtps_c__pyext
[3.659s] [100%] [32m[1mLinking CXX executable publish_address_book[0m
[3.746s] [100%] Built target publish_address_book
[3.753s] Invoked command in '/home/emine/ros2_ws/build/more_interfaces' returned '0': CMAKE_PREFIX_PATH=/opt/ros/foxy /usr/bin/cmake --build /home/emine/ros2_ws/build/more_interfaces -- -j16 -l16
[3.786s] Invoking command in '/home/emine/ros2_ws/build/more_interfaces': CMAKE_PREFIX_PATH=/opt/ros/foxy /usr/bin/cmake --install /home/emine/ros2_ws/build/more_interfaces
[3.790s] -- Install configuration: ""
[3.790s] -- Installing: /home/emine/ros2_ws/install/more_interfaces/share/ament_index/resource_index/rosidl_interfaces/more_interfaces
[3.791s] -- Installing: /home/emine/ros2_ws/install/more_interfaces/include/more_interfaces
[3.791s] -- Installing: /home/emine/ros2_ws/install/more_interfaces/include/more_interfaces/msg
[3.791s] -- Installing: /home/emine/ros2_ws/install/more_interfaces/include/more_interfaces/msg/detail
[3.791s] -- Installing: /home/emine/ros2_ws/install/more_interfaces/include/more_interfaces/msg/detail/address_book__functions.h
[3.791s] -- Installing: /home/emine/ros2_ws/install/more_interfaces/include/more_interfaces/msg/detail/address_book__struct.h
[3.791s] -- Installing: /home/emine/ros2_ws/install/more_interfaces/include/more_interfaces/msg/detail/address_book__type_support.h
[3.791s] -- Installing: /home/emine/ros2_ws/install/more_interfaces/include/more_interfaces/msg/detail/address_book__functions.c
[3.791s] -- Installing: /home/emine/ros2_ws/install/more_interfaces/include/more_interfaces/msg/address_book.h
[3.791s] -- Installing: /home/emine/ros2_ws/install/more_interfaces/include/more_interfaces/msg/rosidl_generator_c__visibility_control.h
[3.791s] -- Installing: /home/emine/ros2_ws/install/more_interfaces/share/more_interfaces/environment/library_path.sh
[3.791s] -- Installing: /home/emine/ros2_ws/install/more_interfaces/share/more_interfaces/environment/library_path.dsv
[3.791s] -- Installing: /home/emine/ros2_ws/install/more_interfaces/lib/libmore_interfaces__rosidl_generator_c.so
[3.791s] -- Set runtime path of "/home/emine/ros2_ws/install/more_interfaces/lib/libmore_interfaces__rosidl_generator_c.so" to ""
[3.791s] -- Up-to-date: /home/emine/ros2_ws/install/more_interfaces/include/more_interfaces
[3.791s] -- Up-to-date: /home/emine/ros2_ws/install/more_interfaces/include/more_interfaces/msg
[3.791s] -- Up-to-date: /home/emine/ros2_ws/install/more_interfaces/include/more_interfaces/msg/detail
[3.791s] -- Installing: /home/emine/ros2_ws/install/more_interfaces/include/more_interfaces/msg/detail/address_book__rosidl_typesupport_fastrtps_c.h
[3.791s] -- Installing: /home/emine/ros2_ws/install/more_interfaces/include/more_interfaces/msg/rosidl_typesupport_fastrtps_c__visibility_control.h
[3.791s] -- Installing: /home/emine/ros2_ws/install/more_interfaces/lib/libmore_interfaces__rosidl_typesupport_fastrtps_c.so
[3.791s] -- Set runtime path of "/home/emine/ros2_ws/install/more_interfaces/lib/libmore_interfaces__rosidl_typesupport_fastrtps_c.so" to ""
[3.792s] -- Up-to-date: /home/emine/ros2_ws/install/more_interfaces/include/more_interfaces
[3.792s] -- Up-to-date: /home/emine/ros2_ws/install/more_interfaces/include/more_interfaces/msg
[3.792s] -- Installing: /home/emine/ros2_ws/install/more_interfaces/include/more_interfaces/msg/rosidl_typesupport_fastrtps_cpp__visibility_control.h
[3.792s] -- Up-to-date: /home/emine/ros2_ws/install/more_interfaces/include/more_interfaces/msg/detail
[3.792s] -- Installing: /home/emine/ros2_ws/install/more_interfaces/include/more_interfaces/msg/detail/dds_fastrtps
[3.792s] -- Installing: /home/emine/ros2_ws/install/more_interfaces/include/more_interfaces/msg/detail/address_book__rosidl_typesupport_fastrtps_cpp.hpp
[3.792s] -- Installing: /home/emine/ros2_ws/install/more_interfaces/lib/libmore_interfaces__rosidl_typesupport_fastrtps_cpp.so
[3.792s] -- Set runtime path of "/home/emine/ros2_ws/install/more_interfaces/lib/libmore_interfaces__rosidl_typesupport_fastrtps_cpp.so" to ""
[3.792s] -- Up-to-date: /home/emine/ros2_ws/install/more_interfaces/include/more_interfaces
[3.792s] -- Up-to-date: /home/emine/ros2_ws/install/more_interfaces/include/more_interfaces/msg
[3.792s] -- Up-to-date: /home/emine/ros2_ws/install/more_interfaces/include/more_interfaces/msg/detail
[3.792s] -- Installing: /home/emine/ros2_ws/install/more_interfaces/include/more_interfaces/msg/detail/address_book__type_support.c
[3.792s] -- Installing: /home/emine/ros2_ws/install/more_interfaces/include/more_interfaces/msg/detail/address_book__rosidl_typesupport_introspection_c.h
[3.792s] -- Installing: /home/emine/ros2_ws/install/more_interfaces/include/more_interfaces/msg/rosidl_typesupport_introspection_c__visibility_control.h
[3.792s] -- Installing: /home/emine/ros2_ws/install/more_interfaces/lib/libmore_interfaces__rosidl_typesupport_introspection_c.so
[3.792s] -- Set runtime path of "/home/emine/ros2_ws/install/more_interfaces/lib/libmore_interfaces__rosidl_typesupport_introspection_c.so" to ""
[3.792s] -- Installing: /home/emine/ros2_ws/install/more_interfaces/lib/libmore_interfaces__rosidl_typesupport_c.so
[3.792s] -- Set runtime path of "/home/emine/ros2_ws/install/more_interfaces/lib/libmore_interfaces__rosidl_typesupport_c.so" to ""
[3.792s] -- Up-to-date: /home/emine/ros2_ws/install/more_interfaces/include/more_interfaces
[3.792s] -- Up-to-date: /home/emine/ros2_ws/install/more_interfaces/include/more_interfaces/msg
[3.792s] -- Up-to-date: /home/emine/ros2_ws/install/more_interfaces/include/more_interfaces/msg/detail
[3.792s] -- Installing: /home/emine/ros2_ws/install/more_interfaces/include/more_interfaces/msg/detail/address_book__traits.hpp
[3.793s] -- Installing: /home/emine/ros2_ws/install/more_interfaces/include/more_interfaces/msg/detail/address_book__struct.hpp
[3.793s] -- Installing: /home/emine/ros2_ws/install/more_interfaces/include/more_interfaces/msg/detail/address_book__type_support.hpp
[3.793s] -- Installing: /home/emine/ros2_ws/install/more_interfaces/include/more_interfaces/msg/detail/address_book__builder.hpp
[3.793s] -- Installing: /home/emine/ros2_ws/install/more_interfaces/include/more_interfaces/msg/rosidl_generator_cpp__visibility_control.hpp
[3.793s] -- Installing: /home/emine/ros2_ws/install/more_interfaces/include/more_interfaces/msg/address_book.hpp
[3.793s] -- Up-to-date: /home/emine/ros2_ws/install/more_interfaces/include/more_interfaces
[3.793s] -- Up-to-date: /home/emine/ros2_ws/install/more_interfaces/include/more_interfaces/msg
[3.793s] -- Up-to-date: /home/emine/ros2_ws/install/more_interfaces/include/more_interfaces/msg/detail
[3.793s] -- Installing: /home/emine/ros2_ws/install/more_interfaces/include/more_interfaces/msg/detail/address_book__type_support.cpp
[3.793s] -- Installing: /home/emine/ros2_ws/install/more_interfaces/include/more_interfaces/msg/detail/address_book__rosidl_typesupport_introspection_cpp.hpp
[3.793s] -- Installing: /home/emine/ros2_ws/install/more_interfaces/lib/libmore_interfaces__rosidl_typesupport_introspection_cpp.so
[3.793s] -- Set runtime path of "/home/emine/ros2_ws/install/more_interfaces/lib/libmore_interfaces__rosidl_typesupport_introspection_cpp.so" to ""
[3.793s] -- Installing: /home/emine/ros2_ws/install/more_interfaces/lib/libmore_interfaces__rosidl_typesupport_cpp.so
[3.793s] -- Set runtime path of "/home/emine/ros2_ws/install/more_interfaces/lib/libmore_interfaces__rosidl_typesupport_cpp.so" to ""
[3.793s] -- Installing: /home/emine/ros2_ws/install/more_interfaces/share/more_interfaces/environment/pythonpath.sh
[3.793s] -- Installing: /home/emine/ros2_ws/install/more_interfaces/share/more_interfaces/environment/pythonpath.dsv
[3.793s] -- Installing: /home/emine/ros2_ws/install/more_interfaces/lib/python3.8/site-packages/more_interfaces/__init__.py
[3.811s] Compiling '/home/emine/ros2_ws/install/more_interfaces/lib/python3.8/site-packages/more_interfaces/__init__.py'...
[3.813s] -- Installing: /home/emine/ros2_ws/install/more_interfaces/lib/python3.8/site-packages/more_interfaces/msg
[3.813s] -- Installing: /home/emine/ros2_ws/install/more_interfaces/lib/python3.8/site-packages/more_interfaces/msg/_address_book.py
[3.813s] -- Installing: /home/emine/ros2_ws/install/more_interfaces/lib/python3.8/site-packages/more_interfaces/msg/__init__.py
[3.813s] -- Installing: /home/emine/ros2_ws/install/more_interfaces/lib/python3.8/site-packages/more_interfaces/msg/_address_book_s.c
[3.813s] -- Installing: /home/emine/ros2_ws/install/more_interfaces/lib/python3.8/site-packages/more_interfaces/more_interfaces_s__rosidl_typesupport_fastrtps_c.cpython-38-x86_64-linux-gnu.so
[3.813s] -- Set runtime path of "/home/emine/ros2_ws/install/more_interfaces/lib/python3.8/site-packages/more_interfaces/more_interfaces_s__rosidl_typesupport_fastrtps_c.cpython-38-x86_64-linux-gnu.so" to ""
[3.813s] -- Installing: /home/emine/ros2_ws/install/more_interfaces/lib/python3.8/site-packages/more_interfaces/more_interfaces_s__rosidl_typesupport_introspection_c.cpython-38-x86_64-linux-gnu.so
[3.814s] -- Set runtime path of "/home/emine/ros2_ws/install/more_interfaces/lib/python3.8/site-packages/more_interfaces/more_interfaces_s__rosidl_typesupport_introspection_c.cpython-38-x86_64-linux-gnu.so" to ""
[3.814s] -- Installing: /home/emine/ros2_ws/install/more_interfaces/lib/python3.8/site-packages/more_interfaces/more_interfaces_s__rosidl_typesupport_c.cpython-38-x86_64-linux-gnu.so
[3.814s] -- Set runtime path of "/home/emine/ros2_ws/install/more_interfaces/lib/python3.8/site-packages/more_interfaces/more_interfaces_s__rosidl_typesupport_c.cpython-38-x86_64-linux-gnu.so" to ""
[3.814s] -- Installing: /home/emine/ros2_ws/install/more_interfaces/lib/libmore_interfaces__python.so
[3.814s] -- Set runtime path of "/home/emine/ros2_ws/install/more_interfaces/lib/libmore_interfaces__python.so" to ""
[3.814s] -- Installing: /home/emine/ros2_ws/install/more_interfaces/share/more_interfaces/msg/AddressBook.idl
[3.814s] -- Installing: /home/emine/ros2_ws/install/more_interfaces/share/more_interfaces/msg/AddressBook.msg
[3.814s] -- Installing: /home/emine/ros2_ws/install/more_interfaces/lib/more_interfaces/publish_address_book
[3.815s] -- Set runtime path of "/home/emine/ros2_ws/install/more_interfaces/lib/more_interfaces/publish_address_book" to ""
[3.815s] -- Installing: /home/emine/ros2_ws/install/more_interfaces/share/ament_index/resource_index/package_run_dependencies/more_interfaces
[3.815s] -- Installing: /home/emine/ros2_ws/install/more_interfaces/share/ament_index/resource_index/parent_prefix_path/more_interfaces
[3.815s] -- Installing: /home/emine/ros2_ws/install/more_interfaces/share/more_interfaces/environment/ament_prefix_path.sh
[3.815s] -- Installing: /home/emine/ros2_ws/install/more_interfaces/share/more_interfaces/environment/ament_prefix_path.dsv
[3.815s] -- Installing: /home/emine/ros2_ws/install/more_interfaces/share/more_interfaces/environment/path.sh
[3.815s] -- Installing: /home/emine/ros2_ws/install/more_interfaces/share/more_interfaces/environment/path.dsv
[3.815s] -- Installing: /home/emine/ros2_ws/install/more_interfaces/share/more_interfaces/local_setup.bash
[3.815s] -- Installing: /home/emine/ros2_ws/install/more_interfaces/share/more_interfaces/local_setup.sh
[3.815s] -- Installing: /home/emine/ros2_ws/install/more_interfaces/share/more_interfaces/local_setup.zsh
[3.815s] -- Installing: /home/emine/ros2_ws/install/more_interfaces/share/more_interfaces/local_setup.dsv
[3.815s] -- Installing: /home/emine/ros2_ws/install/more_interfaces/share/more_interfaces/package.dsv
[3.815s] -- Installing: /home/emine/ros2_ws/install/more_interfaces/share/ament_index/resource_index/packages/more_interfaces
[3.815s] -- Installing: /home/emine/ros2_ws/install/more_interfaces/share/more_interfaces/cmake/more_interfaces__rosidl_generator_cExport.cmake
[3.816s] -- Installing: /home/emine/ros2_ws/install/more_interfaces/share/more_interfaces/cmake/more_interfaces__rosidl_generator_cExport-noconfig.cmake
[3.816s] -- Installing: /home/emine/ros2_ws/install/more_interfaces/share/more_interfaces/cmake/more_interfaces__rosidl_typesupport_introspection_cExport.cmake
[3.816s] -- Installing: /home/emine/ros2_ws/install/more_interfaces/share/more_interfaces/cmake/more_interfaces__rosidl_typesupport_introspection_cExport-noconfig.cmake
[3.816s] -- Installing: /home/emine/ros2_ws/install/more_interfaces/share/more_interfaces/cmake/more_interfaces__rosidl_typesupport_cExport.cmake
[3.816s] -- Installing: /home/emine/ros2_ws/install/more_interfaces/share/more_interfaces/cmake/more_interfaces__rosidl_typesupport_cExport-noconfig.cmake
[3.816s] -- Installing: /home/emine/ros2_ws/install/more_interfaces/share/more_interfaces/cmake/more_interfaces__rosidl_generator_cppExport.cmake
[3.816s] -- Installing: /home/emine/ros2_ws/install/more_interfaces/share/more_interfaces/cmake/more_interfaces__rosidl_typesupport_introspection_cppExport.cmake
[3.816s] -- Installing: /home/emine/ros2_ws/install/more_interfaces/share/more_interfaces/cmake/more_interfaces__rosidl_typesupport_introspection_cppExport-noconfig.cmake
[3.816s] -- Installing: /home/emine/ros2_ws/install/more_interfaces/share/more_interfaces/cmake/more_interfaces__rosidl_typesupport_cppExport.cmake
[3.816s] -- Installing: /home/emine/ros2_ws/install/more_interfaces/share/more_interfaces/cmake/more_interfaces__rosidl_typesupport_cppExport-noconfig.cmake
[3.816s] -- Installing: /home/emine/ros2_ws/install/more_interfaces/share/more_interfaces/cmake/rosidl_cmake-extras.cmake
[3.816s] -- Installing: /home/emine/ros2_ws/install/more_interfaces/share/more_interfaces/cmake/ament_cmake_export_dependencies-extras.cmake
[3.816s] -- Installing: /home/emine/ros2_ws/install/more_interfaces/share/more_interfaces/cmake/ament_cmake_export_libraries-extras.cmake
[3.816s] -- Installing: /home/emine/ros2_ws/install/more_interfaces/share/more_interfaces/cmake/ament_cmake_export_targets-extras.cmake
[3.816s] -- Installing: /home/emine/ros2_ws/install/more_interfaces/share/more_interfaces/cmake/ament_cmake_export_include_directories-extras.cmake
[3.817s] -- Installing: /home/emine/ros2_ws/install/more_interfaces/share/more_interfaces/cmake/rosidl_cmake_export_typesupport_libraries-extras.cmake
[3.817s] -- Installing: /home/emine/ros2_ws/install/more_interfaces/share/more_interfaces/cmake/rosidl_cmake_export_typesupport_targets-extras.cmake
[3.817s] -- Installing: /home/emine/ros2_ws/install/more_interfaces/share/more_interfaces/cmake/more_interfacesConfig.cmake
[3.817s] -- Installing: /home/emine/ros2_ws/install/more_interfaces/share/more_interfaces/cmake/more_interfacesConfig-version.cmake
[3.817s] -- Installing: /home/emine/ros2_ws/install/more_interfaces/share/more_interfaces/package.xml
[3.818s] Invoked command in '/home/emine/ros2_ws/build/more_interfaces' returned '0': CMAKE_PREFIX_PATH=/opt/ros/foxy /usr/bin/cmake --install /home/emine/ros2_ws/build/more_interfaces
