[0.605s] Invoking command in '/home/emine/ros2_ws/src/python_parameters': PYTHONPATH=/home/emine/ros2_ws/build/python_parameters/prefix_override:/home/emine/ros2_ws/install/python_parameters/lib/python3.8/site-packages:${PYTHONPATH} /usr/bin/python3 setup.py egg_info --egg-base ../../build/python_parameters build --build-base /home/emine/ros2_ws/build/python_parameters/build install --record /home/emine/ros2_ws/build/python_parameters/install.log --install-scripts $base/lib/python_parameters --single-version-externally-managed
[0.744s] running egg_info
[0.744s] writing ../../build/python_parameters/python_parameters.egg-info/PKG-INFO
[0.744s] writing dependency_links to ../../build/python_parameters/python_parameters.egg-info/dependency_links.txt
[0.744s] writing entry points to ../../build/python_parameters/python_parameters.egg-info/entry_points.txt
[0.744s] writing requirements to ../../build/python_parameters/python_parameters.egg-info/requires.txt
[0.744s] writing top-level names to ../../build/python_parameters/python_parameters.egg-info/top_level.txt
[0.767s] reading manifest file '../../build/python_parameters/python_parameters.egg-info/SOURCES.txt'
[0.767s] writing manifest file '../../build/python_parameters/python_parameters.egg-info/SOURCES.txt'
[0.767s] running build
[0.768s] running build_py
[0.768s] running install
[0.768s] running install_lib
[0.768s] running install_data
[0.769s] copying launch/python_parameters_launch.py -> /home/emine/ros2_ws/install/python_parameters/share/python_parameters
[0.769s] running install_egg_info
[0.770s] removing '/home/emine/ros2_ws/install/python_parameters/lib/python3.8/site-packages/python_parameters-0.0.0-py3.8.egg-info' (and everything under it)
[0.770s] Copying ../../build/python_parameters/python_parameters.egg-info to /home/emine/ros2_ws/install/python_parameters/lib/python3.8/site-packages/python_parameters-0.0.0-py3.8.egg-info
[0.771s] running install_scripts
[0.782s] Installing minimal_param_node script to /home/emine/ros2_ws/install/python_parameters/lib/python_parameters
[0.782s] writing list of installed files to '/home/emine/ros2_ws/build/python_parameters/install.log'
[0.792s] Invoked command in '/home/emine/ros2_ws/src/python_parameters' returned '0': PYTHONPATH=/home/emine/ros2_ws/build/python_parameters/prefix_override:/home/emine/ros2_ws/install/python_parameters/lib/python3.8/site-packages:${PYTHONPATH} /usr/bin/python3 setup.py egg_info --egg-base ../../build/python_parameters build --build-base /home/emine/ros2_ws/build/python_parameters/build install --record /home/emine/ros2_ws/build/python_parameters/install.log --install-scripts $base/lib/python_parameters --single-version-externally-managed
