[3.094s] Invoking command in '/home/emine/ros2_ws/src/examples/rclpy/services/minimal_client': PYTHONPATH=/home/emine/ros2_ws/build/examples_rclpy_minimal_client/prefix_override:/home/emine/ros2_ws/install/examples_rclpy_minimal_client/lib/python3.8/site-packages:${PYTHONPATH} /usr/bin/python3 setup.py egg_info --egg-base ../../../../../build/examples_rclpy_minimal_client build --build-base /home/emine/ros2_ws/build/examples_rclpy_minimal_client/build install --record /home/emine/ros2_ws/build/examples_rclpy_minimal_client/install.log --install-scripts $base/lib/examples_rclpy_minimal_client --single-version-externally-managed
[3.452s] running egg_info
[3.452s] writing ../../../../../build/examples_rclpy_minimal_client/examples_rclpy_minimal_client.egg-info/PKG-INFO
[3.452s] writing dependency_links to ../../../../../build/examples_rclpy_minimal_client/examples_rclpy_minimal_client.egg-info/dependency_links.txt
[3.452s] writing entry points to ../../../../../build/examples_rclpy_minimal_client/examples_rclpy_minimal_client.egg-info/entry_points.txt
[3.452s] writing requirements to ../../../../../build/examples_rclpy_minimal_client/examples_rclpy_minimal_client.egg-info/requires.txt
[3.452s] writing top-level names to ../../../../../build/examples_rclpy_minimal_client/examples_rclpy_minimal_client.egg-info/top_level.txt
[3.452s] reading manifest file '../../../../../build/examples_rclpy_minimal_client/examples_rclpy_minimal_client.egg-info/SOURCES.txt'
[3.452s] writing manifest file '../../../../../build/examples_rclpy_minimal_client/examples_rclpy_minimal_client.egg-info/SOURCES.txt'
[3.452s] running build
[3.453s] running build_py
[3.453s] running install
[3.453s] running install_lib
[3.453s] running install_data
[3.453s] running install_egg_info
[3.453s] removing '/home/emine/ros2_ws/install/examples_rclpy_minimal_client/lib/python3.8/site-packages/examples_rclpy_minimal_client-0.9.4-py3.8.egg-info' (and everything under it)
[3.453s] Copying ../../../../../build/examples_rclpy_minimal_client/examples_rclpy_minimal_client.egg-info to /home/emine/ros2_ws/install/examples_rclpy_minimal_client/lib/python3.8/site-packages/examples_rclpy_minimal_client-0.9.4-py3.8.egg-info
[3.453s] running install_scripts
[3.453s] Installing client script to /home/emine/ros2_ws/install/examples_rclpy_minimal_client/lib/examples_rclpy_minimal_client
[3.453s] Installing client_async script to /home/emine/ros2_ws/install/examples_rclpy_minimal_client/lib/examples_rclpy_minimal_client
[3.453s] Installing client_async_callback script to /home/emine/ros2_ws/install/examples_rclpy_minimal_client/lib/examples_rclpy_minimal_client
[3.453s] Installing client_async_member_function script to /home/emine/ros2_ws/install/examples_rclpy_minimal_client/lib/examples_rclpy_minimal_client
[3.453s] writing list of installed files to '/home/emine/ros2_ws/build/examples_rclpy_minimal_client/install.log'
[4.359s] Invoked command in '/home/emine/ros2_ws/src/examples/rclpy/services/minimal_client' returned '0': PYTHONPATH=/home/emine/ros2_ws/build/examples_rclpy_minimal_client/prefix_override:/home/emine/ros2_ws/install/examples_rclpy_minimal_client/lib/python3.8/site-packages:${PYTHONPATH} /usr/bin/python3 setup.py egg_info --egg-base ../../../../../build/examples_rclpy_minimal_client build --build-base /home/emine/ros2_ws/build/examples_rclpy_minimal_client/build install --record /home/emine/ros2_ws/build/examples_rclpy_minimal_client/install.log --install-scripts $base/lib/examples_rclpy_minimal_client --single-version-externally-managed
